2026-06-01 14:56:17,888  INFO      Log file: logs/hash_manager_20260601_145617.log
2026-06-01 14:56:17,888  INFO      ======================================================================
2026-06-01 14:56:17,888  INFO      RPS Hash Manager  —  run started at 2026-06-01 14:56:17
2026-06-01 14:56:17,888  INFO      Target file : RPS_Updates.xlsx
2026-06-01 14:56:17,888  INFO      Workers     : 20
2026-06-01 14:56:17,888  INFO      Dry-run     : False
2026-06-01 14:56:17,888  INFO      ======================================================================
2026-06-01 14:56:17,888  DEBUG     File-lock check passed.
2026-06-01 14:56:17,888  INFO      Backup created: backups/RPS_Updates_backup_20260601_145617.xlsx
2026-06-01 14:56:17,900  INFO      Loaded workbook — sheet 'Sheet1', 175 data rows.
2026-06-01 14:56:17,900  INFO      Schema OK — columns: {'RPS List': 1, 'Old Hash Value': 2, 'New hash Value': 3}
2026-06-01 14:56:17,900  INFO      Found 175 RPS list entries.
2026-06-01 14:56:17,901  INFO      STEP 1: Shifting New Hash Value → Old Hash Value …
2026-06-01 14:56:17,901  INFO      Shifted 2 'New Hash Value' entries → 'Old Hash Value'.
2026-06-01 14:56:17,901  INFO      STEP 2: Running scrapers in parallel …
2026-06-01 14:56:21,188  WARNING   No scraper found for 'INTERPOL_UN_Notices_Entities' — will record null hash.
2026-06-01 14:56:21,189  WARNING   No scraper found for 'INTERPOL_UN_Notices_Individuals' — will record null hash.
2026-06-01 14:56:21,189  WARNING   No scraper found for 'KG_FIU_SANCTIONS_ENTITIES' — will record null hash.
2026-06-01 14:56:21,189  WARNING   No scraper found for 'KG_FIU_SANCTIONS_INDIVIDUALS' — will record null hash.
2026-06-01 14:56:21,189  WARNING   No scraper found for 'PRM_AR_DHS_EP' — will record null hash.
2026-06-01 14:56:21,189  WARNING   No scraper found for 'PRM_FL_DMS_CVL' — will record null hash.
2026-06-01 14:56:21,189  WARNING   No scraper found for 'US_DDTC_POA' — will record null hash.
2026-06-01 14:56:21,189  WARNING   No scraper found for 'US_NCDST_IFD_LIST' — will record null hash.
2026-06-01 14:56:21,189  WARNING   No scraper found for 'US_RFJ_WT' — will record null hash.
2026-06-01 14:56:21,189  WARNING   No scraper found for 'ZA_FIC_TFS' — will record null hash.
2026-06-01 14:56:21,189  INFO      Running 165 scrapers with 20 workers …
2026-06-01 14:56:32,032  WARNING     ✘  CA_SPEC_MEAS_SUDAN                                  Message: Unable to obtain driver for chrome; For documentation on this error, pl
2026-06-01 14:56:32,610  WARNING     ✘  CT_DOL_DL                                           Message: Unable to obtain driver for chrome; For documentation on this error, pl
2026-06-01 14:56:32,703  WARNING     ✘  AR_MOJ_RePET_E                                      Message: Unable to obtain driver for chrome; For documentation on this error, pl
2026-06-01 14:56:32,737  WARNING     ✘  DK_IS_PROHIBITED_PERSONS                            Message: Unable to obtain driver for chrome; For documentation on this error, pl
2026-06-01 14:56:32,767  WARNING     ✘  CA_SPEC_MEAS_SRILANKA                               Message: Unable to obtain driver for chrome; For documentation on this error, pl
2026-06-01 14:56:32,770  WARNING     ✘  CA_SPEC_MEAS_HAMAS_TA                               Message: Unable to obtain driver for chrome; For documentation on this error, pl
2026-06-01 14:56:32,783  WARNING     ✘  BD_POLICE_WANTED                                    Message: Unable to obtain driver for chrome; For documentation on this error, pl
2026-06-01 14:56:32,788  WARNING     ✘  CA_SPEC_MEAS_ESV                                    Message: Unable to obtain driver for chrome; For documentation on this error, pl
2026-06-01 14:56:32,793  WARNING     ✘  CI_ADB_DEBARRED_ENTITIES                            Message: Unable to obtain driver for chrome; For documentation on this error, pl
2026-06-01 14:56:32,803  WARNING     ✘  CA_SPEC_MEAS_GUATEMALA                              Message: Unable to obtain driver for chrome; For documentation on this error, pl
2026-06-01 14:56:32,807  WARNING     ✘  DK_DIS_ENTRY_BAN                                    Message: Unable to obtain driver for chrome; For documentation on this error, pl
2026-06-01 14:56:32,813  WARNING     ✘  CH_UN_COTE_DIVOIRE_1572                             Message: Unable to obtain driver for chrome; For documentation on this error, pl
2026-06-01 14:56:32,827  WARNING     ✘  AR_MOJ_RePET_P                                      Message: Unable to obtain driver for chrome; For documentation on this error, pl
2026-06-01 14:56:32,836  WARNING     ✘  DOC_BIS_RL                                          Message: Unable to obtain driver for chrome; For documentation on this error, pl
2026-06-01 14:56:32,842  WARNING     ✘  CA_SPEC_MEAS_MOLDOVA                                Message: Unable to obtain driver for chrome; For documentation on this error, pl
2026-06-01 14:56:32,846  WARNING     ✘  BN_BDCB_AL                                          Message: Unable to obtain driver for chrome; For documentation on this error, pl
2026-06-01 14:56:32,859  WARNING     ✘  AR_NIS_CPL                                          Message: Unable to obtain driver for chrome; For documentation on this error, pl
2026-06-01 14:56:32,864  WARNING     ✘  CT_DSS_AAL                                          Message: Unable to obtain driver for chrome; For documentation on this error, pl
2026-06-01 14:56:32,864  WARNING     ✘  CA_GC_NRO                                           Message: Unable to obtain driver for chrome; For documentation on this error, pl
2026-06-01 14:56:32,864  WARNING     ✘  DK_IS_PROHIBITED_ENTITIES                           Message: Unable to obtain driver for chrome; For documentation on this error, pl
2026-06-01 14:56:42,909  WARNING     ✘  DOS_ADP                                             Message: Unable to obtain driver for chrome; For documentation on this error, pl
2026-06-01 14:56:43,416  WARNING     ✘  DOS_CRL                                             Message: Unable to obtain driver for chrome; For documentation on this error, pl
2026-06-01 14:56:43,441  WARNING     ✘  DOS_TEL                                             Message: Unable to obtain driver for chrome; For documentation on this error, pl
2026-06-01 14:56:43,466  WARNING     ✘  DOS_SDP                                             Message: Unable to obtain driver for chrome; For documentation on this error, pl
2026-06-01 14:56:43,514  WARNING     ✘  ES_BOS_SANCTIONS                                    Message: Unable to obtain driver for chrome; For documentation on this error, pl
2026-06-01 14:56:44,103  WARNING     ✘  EE_MFA_HR                                           Message: Unable to obtain driver for chrome; For documentation on this error, pl
2026-06-01 14:56:44,110  WARNING     ✘  EU_EC_EDES                                          Message: Unable to obtain driver for chrome; For documentation on this error, pl
2026-06-01 14:56:44,126  WARNING     ✘  ES_WA_CNMV                                          Message: Unable to obtain driver for chrome; For documentation on this error, pl
2026-06-01 14:56:44,131  WARNING     ✘  EE_MFA_RUSSIA                                       Message: Unable to obtain driver for chrome; For documentation on this error, pl
2026-06-01 14:56:44,142  WARNING     ✘  ES_NPC_TERRORISTS                                   Message: Unable to obtain driver for chrome; For documentation on this error, pl
2026-06-01 14:56:44,150  WARNING     ✘  EE_MFA_BELARUS                                      Message: Unable to obtain driver for chrome; For documentation on this error, pl
2026-06-01 14:56:44,152  WARNING     ✘  EU_ECB_SANCTIONS                                    Message: Unable to obtain driver for chrome; For documentation on this error, pl
2026-06-01 14:56:44,159  WARNING     ✘  EU_EBRD_INELIGIBLE_ENTITIES                         Message: Unable to obtain driver for chrome; For documentation on this error, pl
2026-06-01 14:56:44,177  WARNING     ✘  FBI_SI                                              Message: Unable to obtain driver for chrome; For documentation on this error, pl
2026-06-01 14:56:44,183  WARNING     ✘  FBI_LAW_ENFORCEMENT                                 Message: Unable to obtain driver for chrome; For documentation on this error, pl
2026-06-01 14:56:44,184  WARNING     ✘  EE_FSA_IA                                           Message: Unable to obtain driver for chrome; For documentation on this error, pl
2026-06-01 14:56:44,192  WARNING     ✘  FBI_MWT                                             Message: Unable to obtain driver for chrome; For documentation on this error, pl
2026-06-01 14:56:44,192  WARNING     ✘  FBI_TOP_10                                          Message: Unable to obtain driver for chrome; For documentation on this error, pl
2026-06-01 14:56:44,217  WARNING     ✘  EU_EIB_LOE                                          Message: Unable to obtain driver for chrome; For documentation on this error, pl
2026-06-01 14:56:44,220  WARNING     ✘  EU_EUROPOL_MWF                                      Message: Unable to obtain driver for chrome; For documentation on this error, pl
2026-06-01 14:56:52,931  WARNING     ✘  GB_FCA_UCB                                          Message: Unable to obtain driver for chrome; For documentation on this error, pl
2026-06-01 14:56:53,439  WARNING     ✘  GB_OFSI_TR_MP                                       Message: Unable to obtain driver for chrome; For documentation on this error, pl
2026-06-01 14:56:53,464  WARNING     ✘  GE_MOJ_OTKHOZORIA_TATUNASHVILI_LIST                 Message: Unable to obtain driver for chrome; For documentation on this error, pl
2026-06-01 14:56:53,488  WARNING     ✘  GG_GFSC_DD                                          Message: Unable to obtain driver for chrome; For documentation on this error, pl
2026-06-01 14:56:53,575  WARNING     ✘  HK_ICAC_WL                                          Message: Unable to obtain driver for chrome; For documentation on this error, pl
2026-06-01 14:56:55,081  WARNING     ✘  HU_MNB_MSW                                          Message: Unable to obtain driver for chrome; For documentation on this error, pl
2026-06-01 14:56:55,128  WARNING     ✘  IE_CBI_PN                                           Message: Unable to obtain driver for chrome; For documentation on this error, pl
2026-06-01 14:56:55,289  WARNING     ✘  IL_MOJ_TERR_ORG                                     Message: Unable to obtain driver for chrome; For documentation on this error, pl
2026-06-01 14:56:55,298  WARNING     ✘  IL_MOF_WMD                                          Message: Unable to obtain driver for chrome; For documentation on this error, pl
2026-06-01 14:56:55,345  WARNING     ✘  IM_FSA_ENFORCEMENT                                  Message: Unable to obtain driver for chrome; For documentation on this error, pl
2026-06-01 14:56:55,347  WARNING     ✘  IM_FSA_DD                                           Message: Unable to obtain driver for chrome; For documentation on this error, pl
2026-06-01 14:56:55,369  WARNING     ✘  IN_BANNED_ORG                                       Message: Unable to obtain driver for chrome; For documentation on this error, pl
2026-06-01 14:56:55,373  WARNING     ✘  JP_UN_SANCTIONS_SOMALIA                             Message: Unable to obtain driver for chrome; For documentation on this error, pl
2026-06-01 14:56:55,377  WARNING     ✘  JP_METI                                             Message: Unable to obtain driver for chrome; For documentation on this error, pl
2026-06-01 14:56:55,383  WARNING     ✘  IL_IIPB_PIL                                         Message: Unable to obtain driver for chrome; For documentation on this error, pl
2026-06-01 14:56:55,405  WARNING     ✘  JP_UN_CONGO                                         Message: Unable to obtain driver for chrome; For documentation on this error, pl
2026-06-01 14:56:55,415  WARNING     ✘  JP_UN_SANCTIONS_IRAN                                Message: Unable to obtain driver for chrome; For documentation on this error, pl
2026-06-01 14:56:55,415  WARNING     ✘  IN_UNLAWFUL_ASSOCIATION                             Message: Unable to obtain driver for chrome; For documentation on this error, pl
2026-06-01 14:56:55,415  WARNING     ✘  IN_SEBI_DEBARRED_ENTITIES                           Message: Unable to obtain driver for chrome; For documentation on this error, pl
2026-06-01 14:56:55,442  WARNING     ✘  JP_UN_CAR_2134                                      Message: Unable to obtain driver for chrome; For documentation on this error, pl
2026-06-01 14:57:02,954  WARNING     ✘  JP_UN_SANCTIONS_SYRIA                               Message: Unable to obtain driver for chrome; For documentation on this error, pl
2026-06-01 14:57:03,461  WARNING     ✘  JP_UN_SANCTIONS                                     Message: Unable to obtain driver for chrome; For documentation on this error, pl
2026-06-01 14:57:03,486  WARNING     ✘  JP_UN_SS_2206                                       Message: Unable to obtain driver for chrome; For documentation on this error, pl
2026-06-01 14:57:03,510  WARNING     ✘  JP_UN_YE_2140                                       Message: Unable to obtain driver for chrome; For documentation on this error, pl
2026-06-01 14:57:03,597  WARNING     ✘  KE_FRC_DTFS                                         Message: Unable to obtain driver for chrome; For documentation on this error, pl
2026-06-01 14:57:04,737  INFO        ✔  OIG_MOST_WANTED                                     hash=2ea7462f7ccb5b1cc7bf6c3a8eac5c5c44d4909b2e9404333e9ca330011cf2fe
2026-06-01 14:57:05,723  WARNING     ✘  KR_MFA_SAKP                                         Message: Unable to obtain driver for chrome; For documentation on this error, pl
2026-06-01 14:57:05,774  WARNING     ✘  LB_ISF_NTFL                                         Message: Unable to obtain driver for chrome; For documentation on this error, pl
2026-06-01 14:57:05,882  WARNING     ✘  LV_FIU_SANCTIONED_SUBJECTS                          Message: Unable to obtain driver for chrome; For documentation on this error, pl
2026-06-01 14:57:05,891  WARNING     ✘  MC_BT_NAFL                                          Message: Unable to obtain driver for chrome; For documentation on this error, pl
2026-06-01 14:57:06,397  INFO        ✔  PRM_CA_DIR_DC                                       hash=None
2026-06-01 14:57:06,812  INFO        ✔  PRM_AK_DHSS_EPL                                     hash=None
2026-06-01 14:57:07,029  WARNING     ✘  MY_MHA_MOHA_LIST                                    Message: Unable to obtain driver for chrome; For documentation on this error, pl
2026-06-01 14:57:07,055  WARNING     ✘  MT_MPF_WANTED                                       Message: Unable to obtain driver for chrome; For documentation on this error, pl
2026-06-01 14:57:07,092  WARNING     ✘  MY_BNM_WARNING_LETTERS                              Message: Unable to obtain driver for chrome; For documentation on this error, pl
2026-06-01 14:57:07,099  WARNING     ✘  NG_EFCC_WANTED_PERSON                               Message: Unable to obtain driver for chrome; For documentation on this error, pl
2026-06-01 14:57:07,100  WARNING     ✘  MY_BNM_WANTED                                       Message: Unable to obtain driver for chrome; For documentation on this error, pl
2026-06-01 14:57:07,105  WARNING     ✘  MN_OSP_SDVR                                         Message: Unable to obtain driver for chrome; For documentation on this error, pl
2026-06-01 14:57:07,114  WARNING     ✘  MY_SCM_WANTED                                       Message: Unable to obtain driver for chrome; For documentation on this error, pl
2026-06-01 14:57:07,127  WARNING     ✘  NG_NIGSAC_ENTITIES                                  Message: Unable to obtain driver for chrome; For documentation on this error, pl
2026-06-01 14:57:07,127  WARNING     ✘  MY_SCM_IA                                           Message: Unable to obtain driver for chrome; For documentation on this error, pl
2026-06-01 14:57:07,149  WARNING     ✘  NO_BLACK_LIST                                       Message: Unable to obtain driver for chrome; For documentation on this error, pl
2026-06-01 14:57:07,173  WARNING     ✘  NG_NIGSAC_INDIVIDUALS                               Message: Unable to obtain driver for chrome; For documentation on this error, pl
2026-06-01 14:57:07,647  INFO        ✔  PRM_CA_DHCS_SIPL                                    hash=None
2026-06-01 14:57:11,682  INFO        ✔  PRM_DC_DDS_PSL                                      hash=5b10138af207dad51d825b32199e50cb6a6d5138533b41c17ce98bcb85040325
2026-06-01 14:57:12,977  WARNING     ✘  NY_OGS_IDA                                          Message: Unable to obtain driver for chrome; For documentation on this error, pl
2026-06-01 14:57:13,509  WARNING     ✘  OM_NCTC_LL                                          Message: Unable to obtain driver for chrome; For documentation on this error, pl
2026-06-01 14:57:13,533  WARNING     ✘  PA_TREAS_SCI                                        Message: Unable to obtain driver for chrome; For documentation on this error, pl
2026-06-01 14:57:13,620  WARNING     ✘  PE_MEF_DISQUALIFIED_SUPPLIERS                       Message: Unable to obtain driver for chrome; For documentation on this error, pl
2026-06-01 14:57:14,759  WARNING     ✘  PL_MOF_SRM                                          Message: Unable to obtain driver for chrome; For documentation on this error, pl
2026-06-01 14:57:15,965  WARNING     ✘  PRM_AL_AMA_SP                                       HTTPSConnectionPool(host='medicaid.alabama.gov', port=443): Max retries exceeded
2026-06-01 14:57:17,424  WARNING     ✘  PRM_GA_DCH_EIE                                      Message: Unable to obtain driver for chrome; For documentation on this error, pl
2026-06-01 14:57:17,687  WARNING     ✘  PRM_HI_DHS_PERL                                     Message: Unable to obtain driver for chrome; For documentation on this error, pl
2026-06-01 14:57:17,708  WARNING     ✘  PRM_IL_DHFS_PSL                                     Message: Unable to obtain driver for chrome; For documentation on this error, pl
2026-06-01 14:57:18,081  WARNING     ✘  PRM_KS_DHE_TPL                                      Message: Unable to obtain driver for chrome; For documentation on this error, pl
2026-06-01 14:57:18,091  WARNING     ✘  PRM_ID_DHW_MPEL                                     Message: Unable to obtain driver for chrome; For documentation on this error, pl
2026-06-01 14:57:18,162  WARNING     ✘  PRM_IN_FSSA_PT                                      Message: Unable to obtain driver for chrome; For documentation on this error, pl
2026-06-01 14:57:18,199  WARNING     ✘  PRM_LA_DH_AAL                                       Message: Unable to obtain driver for chrome; For documentation on this error, pl
2026-06-01 14:57:18,214  WARNING     ✘  PRM_IA_DHS_MPSL                                     Message: Unable to obtain driver for chrome; For documentation on this error, pl
2026-06-01 14:57:18,223  WARNING     ✘  PRM_KY_CHFS_PT                                      Message: Unable to obtain driver for chrome; For documentation on this error, pl
2026-06-01 14:57:18,228  WARNING     ✘  PRM_MD_MDH_MSPL                                     Message: Unable to obtain driver for chrome; For documentation on this error, pl
2026-06-01 14:57:18,229  WARNING     ✘  PRM_MA_MH_SEMP                                      Message: Unable to obtain driver for chrome; For documentation on this error, pl
2026-06-01 14:57:18,232  WARNING     ✘  PRM_LA_DOA_DV                                       Message: Unable to obtain driver for chrome; For documentation on this error, pl
2026-06-01 14:57:18,255  WARNING     ✘  PRM_MD_BPW_CB                                       Message: Unable to obtain driver for chrome; For documentation on this error, pl
2026-06-01 14:57:24,371  WARNING     ✘  PRM_MI_DHHS_SPL                                     Message: Unable to obtain driver for chrome; For documentation on this error, pl
2026-06-01 14:57:25,429  INFO        ✔  PRM_NJ_MFD_PER                                      hash=None
2026-06-01 14:57:25,513  WARNING     ✘  PRM_MO_DSS_PS                                       Message: Unable to obtain driver for chrome; For documentation on this error, pl
2026-06-01 14:57:25,562  WARNING     ✘  PRM_NC_DA_DV                                        Message: Unable to obtain driver for chrome; For documentation on this error, pl
2026-06-01 14:57:25,563  WARNING     ✘  PRM_MT_DPHHS_TMP                                    Message: Unable to obtain driver for chrome; For documentation on this error, pl
2026-06-01 14:57:25,584  WARNING     ✘  PRM_MS_DM_SPL                                       Message: Unable to obtain driver for chrome; For documentation on this error, pl
2026-06-01 14:57:25,663  WARNING     ✘  PRM_NC_DHHS_EPL                                     Message: Unable to obtain driver for chrome; For documentation on this error, pl
2026-06-01 14:57:25,728  INFO        ✔  PRM_WI_DOT_DSIC                                     hash=None
2026-06-01 14:57:25,988  WARNING     ✘  PRM_ND_DHS_MPEL                                     Message: Unable to obtain driver for chrome; For documentation on this error, pl
2026-06-01 14:57:27,447  WARNING     ✘  PRM_NH_DHHS_MPESL                                   Message: Unable to obtain driver for chrome; For documentation on this error, pl
2026-06-01 14:57:27,996  WARNING     ✘  PRM_NV_DHHS_MSL                                     Message: Unable to obtain driver for chrome; For documentation on this error, pl
2026-06-01 14:57:28,497  WARNING     ✘  PRM_NV_OLC_DC                                       Message: Unable to obtain driver for chrome; For documentation on this error, pl
2026-06-01 14:57:28,524  WARNING     ✘  PRM_NY_DOL_DL                                       Message: Unable to obtain driver for chrome; For documentation on this error, pl
2026-06-01 14:57:28,806  WARNING     ✘  PRM_OR_BOLI_IC                                      Message: Unable to obtain driver for chrome; For documentation on this error, pl
2026-06-01 14:57:28,838  WARNING     ✘  PRM_OH_DM_MPESL                                     Message: Unable to obtain driver for chrome; For documentation on this error, pl
2026-06-01 14:57:28,895  WARNING     ✘  PRM_SC_DHHS_EPL                                     Message: Unable to obtain driver for chrome; For documentation on this error, pl
2026-06-01 14:57:28,895  WARNING     ✘  PRM_TN_OPI_TPL                                      Message: Unable to obtain driver for chrome; For documentation on this error, pl
2026-06-01 14:57:28,919  WARNING     ✘  PRM_TX_TC_DVL                                       Message: Unable to obtain driver for chrome; For documentation on this error, pl
2026-06-01 14:57:28,919  WARNING     ✘  PRM_PA_DGS_DSL                                      Message: Unable to obtain driver for chrome; For documentation on this error, pl
2026-06-01 14:57:28,921  WARNING     ✘  PRM_SC_SFAA_SD                                      Message: Unable to obtain driver for chrome; For documentation on this error, pl
2026-06-01 14:57:30,718  WARNING     ✘  PRM_TX_HHS_EP                                       `Import xlrd` failed. Install xlrd >= 2.0.1 for xls Excel support Use pip or con
2026-06-01 14:57:35,655  WARNING     ✘  PRM_WA_DOLI_DC                                      Message: Unable to obtain driver for chrome; For documentation on this error, pl
2026-06-01 14:57:35,762  WARNING     ✘  PRM_WA_HCA_PTEL                                     Message: Unable to obtain driver for chrome; For documentation on this error, pl
2026-06-01 14:57:35,856  WARNING     ✘  PRM_WV_DHHR_PSE                                     Message: Unable to obtain driver for chrome; For documentation on this error, pl
2026-06-01 14:57:36,000  WARNING     ✘  PRM_WV_WVPD_DV                                      Message: Unable to obtain driver for chrome; For documentation on this error, pl
2026-06-01 14:57:36,099  WARNING     ✘  PRM_WY_DH_PEL                                       Message: Unable to obtain driver for chrome; For documentation on this error, pl
2026-06-01 14:57:36,101  WARNING     ✘  QA_MOI_SANCTIONS_LIST                               Message: Unable to obtain driver for chrome; For documentation on this error, pl
2026-06-01 14:57:36,107  WARNING     ✘  SECO_SWISS_GUATEMALA                                Message: Unable to obtain driver for chrome; For documentation on this error, pl
2026-06-01 14:57:36,247  WARNING     ✘  SECO_SWISS_HAMAS                                    Message: Unable to obtain driver for chrome; For documentation on this error, pl
2026-06-01 14:57:37,469  WARNING     ✘  SECO_SWISS_MOLDOVA                                  Message: Unable to obtain driver for chrome; For documentation on this error, pl
2026-06-01 14:57:38,017  WARNING     ✘  SG_ACRA_SUSPENSION                                  Message: Unable to obtain driver for chrome; For documentation on this error, pl
2026-06-01 14:57:38,527  WARNING     ✘  SG_MAS_RUSSIA                                       Message: Unable to obtain driver for chrome; For documentation on this error, pl
2026-06-01 14:57:38,554  WARNING     ✘  SG_SGX_WATCH_LIST                                   Message: Unable to obtain driver for chrome; For documentation on this error, pl
2026-06-01 14:57:39,152  WARNING     ✘  TH_AMLO_SANCTIONS                                   Message: Unable to obtain driver for chrome; For documentation on this error, pl
2026-06-01 14:57:39,176  WARNING     ✘  TR_MTF_ARTICLE_3                                    Message: Unable to obtain driver for chrome; For documentation on this error, pl
2026-06-01 14:57:39,237  WARNING     ✘  TR_MTF_ARTICLE_5                                    Message: Unable to obtain driver for chrome; For documentation on this error, pl
2026-06-01 14:57:39,427  WARNING     ✘  TR_MTF_ARTICLE_7                                    Message: Unable to obtain driver for chrome; For documentation on this error, pl
2026-06-01 14:57:39,451  WARNING     ✘  TR_MTF_ARTICLE_6                                    Message: Unable to obtain driver for chrome; For documentation on this error, pl
2026-06-01 14:57:39,452  WARNING     ✘  TREAS_FINCEN_ADVISORY                               Message: Unable to obtain driver for chrome; For documentation on this error, pl
2026-06-01 14:57:39,458  WARNING     ✘  TREAS_FINCEN_PMLC                                   Message: Unable to obtain driver for chrome; For documentation on this error, pl
2026-06-01 14:57:39,549  INFO        ✔  US_NJL_IDA                                          hash=None
2026-06-01 14:57:39,677  INFO        ✔  US_PDGS_IFP_LIST                                    hash=None
2026-06-01 14:57:40,740  WARNING     ✘  TT_FIU_DPRK                                         Message: Unable to obtain driver for chrome; For documentation on this error, pl
2026-06-01 14:57:41,524  INFO        ✔  US_DOT_MOST_WANTED                                  hash=None
2026-06-01 14:57:45,678  WARNING     ✘  TT_FIU_HAITI                                        Message: Unable to obtain driver for chrome; For documentation on this error, pl
2026-06-01 14:57:45,784  WARNING     ✘  TW_CBI_MW                                           Message: Unable to obtain driver for chrome; For documentation on this error, pl
2026-06-01 14:57:45,909  WARNING     ✘  TW_FSC_EA                                           Message: Unable to obtain driver for chrome; For documentation on this error, pl
2026-06-01 14:57:46,260  WARNING     ✘  UA_SSU_WANTED                                       Message: Unable to obtain driver for chrome; For documentation on this error, pl
2026-06-01 14:57:46,505  WARNING     ✘  US_CBP_UEL                                          Message: Unable to obtain driver for chrome; For documentation on this error, pl
2026-06-01 14:57:46,515  WARNING     ✘  US_DHS_BFV                                          Message: Unable to obtain driver for chrome; For documentation on this error, pl
2026-06-01 14:57:46,517  WARNING     ✘  US_DEA_MOST_WANTED                                  Message: Unable to obtain driver for chrome; For documentation on this error, pl
2026-06-01 14:57:46,518  WARNING     ✘  US_AF_FUGITIVES                                     Message: Unable to obtain driver for chrome; For documentation on this error, pl
2026-06-01 14:57:48,040  WARNING     ✘  US_EPA_FUGITIVES                                    Message: Unable to obtain driver for chrome; For documentation on this error, pl
2026-06-01 14:57:48,558  WARNING     ✘  US_FD_OCI_MOST_WANTED_FUGITIVES                     Message: Unable to obtain driver for chrome; For documentation on this error, pl
2026-06-01 14:57:48,576  WARNING     ✘  US_FDA_CI                                           Message: Unable to obtain driver for chrome; For documentation on this error, pl
2026-06-01 14:57:49,194  WARNING     ✘  US_FDA_WL                                           Message: Unable to obtain driver for chrome; For documentation on this error, pl
2026-06-01 14:57:49,487  WARNING     ✘  US_OGT_SCI                                          Message: Unable to obtain driver for chrome; For documentation on this error, pl
2026-06-01 14:57:49,928  WARNING     ✘  US_SEC_LR                                           Message: Unable to obtain driver for chrome; For documentation on this error, pl
2026-06-01 14:57:49,953  WARNING     ✘  ZA_FIC_SANCTIONS                                    Message: Unable to obtain driver for chrome; For documentation on this error, pl
2026-06-01 14:57:49,954  WARNING     ✘  US_SS_MWF                                           Message: Unable to obtain driver for chrome; For documentation on this error, pl
2026-06-01 14:57:49,954  WARNING     ✘  ZA_FSCA_EA                                          Message: Unable to obtain driver for chrome; For documentation on this error, pl
2026-06-01 14:57:49,956  WARNING   173 tasks returned null/blank hashes: ['AR_MOJ_RePET_E', 'AR_MOJ_RePET_P', 'AR_NIS_CPL', 'BD_POLICE_WANTED', 'BN_BDCB_AL', 'CA_GC_NRO', 'CA_SPEC_MEAS_ESV', 'CA_SPEC_MEAS_GUATEMALA', 'CA_SPEC_MEAS_HAMAS_TA', 'CA_SPEC_MEAS_MOLDOVA']…
2026-06-01 14:57:49,956  INFO      STEP 3: Writing new hashes to Excel …
2026-06-01 14:57:49,963  INFO      Write plan: total=175  updated=1  unchanged=1  null=173  changed=1
2026-06-01 14:57:49,963  INFO      Changed RPS lists: ['PRM_DC_DDS_PSL']
2026-06-01 14:57:50,014  INFO      Audit Log sheet updated (row 20).
2026-06-01 14:57:50,015  INFO      STEP 4: Saving workbook …
2026-06-01 14:57:50,029  INFO      Workbook saved: RPS_Updates.xlsx
2026-06-01 14:57:50,036  INFO      Change report saved: reports/change_report_20260601_145750.xlsx  (1 changed rows)
2026-06-01 14:57:50,036  INFO      Change report: reports/change_report_20260601_145750.xlsx
2026-06-01 14:57:50,037  INFO      STEP 6: Change comparison summary
2026-06-01 14:57:50,037  INFO        Total RPS records  : 175
2026-06-01 14:57:50,037  INFO        Hashes updated     : 1
2026-06-01 14:57:50,037  INFO        Hashes unchanged   : 1
2026-06-01 14:57:50,037  INFO        Null/failed hashes : 173
2026-06-01 14:57:50,037  INFO        Changed RPS lists  : 1
2026-06-01 14:57:50,037  INFO          ↳ CHANGED: PRM_DC_DDS_PSL
2026-06-01 14:57:50,037  INFO      ======================================================================
2026-06-01 14:57:50,037  INFO      Run complete.  1 updates, 1 changes detected.
2026-06-01 14:57:50,037  INFO      ======================================================================
