2026-06-27 05:51:09,206  INFO      Log file: logs/hash_manager_20260627_055109.log
2026-06-27 05:51:09,206  INFO      ======================================================================
2026-06-27 05:51:09,206  INFO      RPS Hash Manager  —  run started at 2026-06-27 05:51:09
2026-06-27 05:51:09,206  INFO      Target file : RPS_Updates.xlsx
2026-06-27 05:51:09,206  INFO      Workers     : 20
2026-06-27 05:51:09,206  INFO      Dry-run     : False
2026-06-27 05:51:09,206  INFO      ======================================================================
2026-06-27 05:51:09,206  DEBUG     File-lock check passed.
2026-06-27 05:51:09,207  INFO      Backup created: backups/RPS_Updates_backup_20260627_055109.xlsx
2026-06-27 05:51:09,221  INFO      Loaded workbook — sheet 'Sheet1', 175 data rows.
2026-06-27 05:51:09,221  INFO      Schema OK — columns: {'RPS List': 1, 'Old Hash Value': 2, 'New hash Value': 3}
2026-06-27 05:51:09,221  INFO      Found 175 RPS list entries.
2026-06-27 05:51:09,221  INFO      STEP 1: Shifting New Hash Value → Old Hash Value …
2026-06-27 05:51:09,221  INFO      Shifted 2 'New Hash Value' entries → 'Old Hash Value'.
2026-06-27 05:51:09,221  INFO      STEP 2: Running scrapers in parallel …
2026-06-27 05:51:11,085  WARNING   No scraper found for 'INTERPOL_UN_Notices_Entities' — will record null hash.
2026-06-27 05:51:11,085  WARNING   No scraper found for 'INTERPOL_UN_Notices_Individuals' — will record null hash.
2026-06-27 05:51:11,085  WARNING   No scraper found for 'KG_FIU_SANCTIONS_ENTITIES' — will record null hash.
2026-06-27 05:51:11,085  WARNING   No scraper found for 'KG_FIU_SANCTIONS_INDIVIDUALS' — will record null hash.
2026-06-27 05:51:11,085  WARNING   No scraper found for 'PRM_AR_DHS_EP' — will record null hash.
2026-06-27 05:51:11,085  WARNING   No scraper found for 'PRM_FL_DMS_CVL' — will record null hash.
2026-06-27 05:51:11,086  WARNING   No scraper found for 'US_DDTC_POA' — will record null hash.
2026-06-27 05:51:11,086  WARNING   No scraper found for 'US_NCDST_IFD_LIST' — will record null hash.
2026-06-27 05:51:11,086  WARNING   No scraper found for 'US_RFJ_WT' — will record null hash.
2026-06-27 05:51:11,086  WARNING   No scraper found for 'ZA_FIC_TFS' — will record null hash.
2026-06-27 05:51:11,086  INFO      Running 165 scrapers with 20 workers …
2026-06-27 05:51:22,152  WARNING     ✘  CA_SPEC_MEAS_ESV                                    Message: Unable to obtain driver for chrome; For documentation on this error, pl
2026-06-27 05:51:22,556  WARNING     ✘  AR_MOJ_RePET_P                                      Message: Unable to obtain driver for chrome; For documentation on this error, pl
2026-06-27 05:51:22,561  WARNING     ✘  DK_DIS_ENTRY_BAN                                    Message: Unable to obtain driver for chrome; For documentation on this error, pl
2026-06-27 05:51:22,568  WARNING     ✘  CI_ADB_DEBARRED_ENTITIES                            Message: Unable to obtain driver for chrome; For documentation on this error, pl
2026-06-27 05:51:22,570  WARNING     ✘  CH_UN_COTE_DIVOIRE_1572                             Message: Unable to obtain driver for chrome; For documentation on this error, pl
2026-06-27 05:51:22,583  WARNING     ✘  BD_POLICE_WANTED                                    Message: Unable to obtain driver for chrome; For documentation on this error, pl
2026-06-27 05:51:22,586  WARNING     ✘  CA_SPEC_MEAS_GUATEMALA                              Message: Unable to obtain driver for chrome; For documentation on this error, pl
2026-06-27 05:51:22,596  WARNING     ✘  CA_SPEC_MEAS_MOLDOVA                                Message: Unable to obtain driver for chrome; For documentation on this error, pl
2026-06-27 05:51:22,608  WARNING     ✘  AR_NIS_CPL                                          Message: Unable to obtain driver for chrome; For documentation on this error, pl
2026-06-27 05:51:22,608  WARNING     ✘  AR_MOJ_RePET_E                                      Message: Unable to obtain driver for chrome; For documentation on this error, pl
2026-06-27 05:51:22,618  WARNING     ✘  CA_SPEC_MEAS_SUDAN                                  Message: Unable to obtain driver for chrome; For documentation on this error, pl
2026-06-27 05:51:22,619  WARNING     ✘  CA_SPEC_MEAS_HAMAS_TA                               Message: Unable to obtain driver for chrome; For documentation on this error, pl
2026-06-27 05:51:22,625  WARNING     ✘  DOC_BIS_RL                                          Message: Unable to obtain driver for chrome; For documentation on this error, pl
2026-06-27 05:51:22,625  WARNING     ✘  BN_BDCB_AL                                          Message: Unable to obtain driver for chrome; For documentation on this error, pl
2026-06-27 05:51:22,625  WARNING     ✘  CA_GC_NRO                                           Message: Unable to obtain driver for chrome; For documentation on this error, pl
2026-06-27 05:51:22,649  WARNING     ✘  DK_IS_PROHIBITED_PERSONS                            Message: Unable to obtain driver for chrome; For documentation on this error, pl
2026-06-27 05:51:22,683  WARNING     ✘  DK_IS_PROHIBITED_ENTITIES                           Message: Unable to obtain driver for chrome; For documentation on this error, pl
2026-06-27 05:51:22,684  WARNING     ✘  CA_SPEC_MEAS_SRILANKA                               Message: Unable to obtain driver for chrome; For documentation on this error, pl
2026-06-27 05:51:22,693  WARNING     ✘  CT_DOL_DL                                           Message: Unable to obtain driver for chrome; For documentation on this error, pl
2026-06-27 05:51:22,711  WARNING     ✘  CT_DSS_AAL                                          Message: Unable to obtain driver for chrome; For documentation on this error, pl
2026-06-27 05:51:32,962  WARNING     ✘  DOS_ADP                                             Message: Unable to obtain driver for chrome; For documentation on this error, pl
2026-06-27 05:51:33,694  WARNING     ✘  EE_MFA_HR                                           Message: Unable to obtain driver for chrome; For documentation on this error, pl
2026-06-27 05:51:33,915  WARNING     ✘  EU_EC_EDES                                          Message: Unable to obtain driver for chrome; For documentation on this error, pl
2026-06-27 05:51:33,982  WARNING     ✘  DOS_SDP                                             Message: Unable to obtain driver for chrome; For documentation on this error, pl
2026-06-27 05:51:34,004  WARNING     ✘  ES_NPC_TERRORISTS                                   Message: Unable to obtain driver for chrome; For documentation on this error, pl
2026-06-27 05:51:34,006  WARNING     ✘  EE_FSA_IA                                           Message: Unable to obtain driver for chrome; For documentation on this error, pl
2026-06-27 05:51:34,022  WARNING     ✘  EU_EIB_LOE                                          Message: Unable to obtain driver for chrome; For documentation on this error, pl
2026-06-27 05:51:34,032  WARNING     ✘  DOS_CRL                                             Message: Unable to obtain driver for chrome; For documentation on this error, pl
2026-06-27 05:51:34,039  WARNING     ✘  ES_WA_CNMV                                          Message: Unable to obtain driver for chrome; For documentation on this error, pl
2026-06-27 05:51:34,050  WARNING     ✘  EU_ECB_SANCTIONS                                    Message: Unable to obtain driver for chrome; For documentation on this error, pl
2026-06-27 05:51:34,061  WARNING     ✘  EE_MFA_BELARUS                                      Message: Unable to obtain driver for chrome; For documentation on this error, pl
2026-06-27 05:51:34,077  WARNING     ✘  FBI_SI                                              Message: Unable to obtain driver for chrome; For documentation on this error, pl
2026-06-27 05:51:34,079  WARNING     ✘  ES_BOS_SANCTIONS                                    Message: Unable to obtain driver for chrome; For documentation on this error, pl
2026-06-27 05:51:34,084  WARNING     ✘  DOS_TEL                                             Message: Unable to obtain driver for chrome; For documentation on this error, pl
2026-06-27 05:51:34,087  WARNING     ✘  EU_EBRD_INELIGIBLE_ENTITIES                         Message: Unable to obtain driver for chrome; For documentation on this error, pl
2026-06-27 05:51:34,118  WARNING     ✘  FBI_TOP_10                                          Message: Unable to obtain driver for chrome; For documentation on this error, pl
2026-06-27 05:51:34,118  WARNING     ✘  FBI_LAW_ENFORCEMENT                                 Message: Unable to obtain driver for chrome; For documentation on this error, pl
2026-06-27 05:51:34,121  WARNING     ✘  FBI_MWT                                             Message: Unable to obtain driver for chrome; For documentation on this error, pl
2026-06-27 05:51:34,124  WARNING     ✘  EE_MFA_RUSSIA                                       Message: Unable to obtain driver for chrome; For documentation on this error, pl
2026-06-27 05:51:34,131  WARNING     ✘  EU_EUROPOL_MWF                                      Message: Unable to obtain driver for chrome; For documentation on this error, pl
2026-06-27 05:51:42,985  WARNING     ✘  GB_FCA_UCB                                          Message: Unable to obtain driver for chrome; For documentation on this error, pl
2026-06-27 05:51:44,435  WARNING     ✘  GB_OFSI_TR_MP                                       Message: Unable to obtain driver for chrome; For documentation on this error, pl
2026-06-27 05:51:44,637  WARNING     ✘  GE_MOJ_OTKHOZORIA_TATUNASHVILI_LIST                 Message: Unable to obtain driver for chrome; For documentation on this error, pl
2026-06-27 05:51:44,668  WARNING     ✘  GG_GFSC_DD                                          Message: Unable to obtain driver for chrome; For documentation on this error, pl
2026-06-27 05:51:44,786  WARNING     ✘  HU_MNB_MSW                                          Message: Unable to obtain driver for chrome; For documentation on this error, pl
2026-06-27 05:51:44,835  WARNING     ✘  HK_ICAC_WL                                          Message: Unable to obtain driver for chrome; For documentation on this error, pl
2026-06-27 05:51:45,276  WARNING     ✘  IL_IIPB_PIL                                         Message: Unable to obtain driver for chrome; For documentation on this error, pl
2026-06-27 05:51:45,301  WARNING     ✘  IN_BANNED_ORG                                       Message: Unable to obtain driver for chrome; For documentation on this error, pl
2026-06-27 05:51:45,326  WARNING     ✘  IE_CBI_PN                                           Message: Unable to obtain driver for chrome; For documentation on this error, pl
2026-06-27 05:51:45,337  WARNING     ✘  IL_MOF_WMD                                          Message: Unable to obtain driver for chrome; For documentation on this error, pl
2026-06-27 05:51:45,340  WARNING     ✘  IL_MOJ_TERR_ORG                                     Message: Unable to obtain driver for chrome; For documentation on this error, pl
2026-06-27 05:51:45,367  WARNING     ✘  JP_UN_SANCTIONS_IRAN                                Message: Unable to obtain driver for chrome; For documentation on this error, pl
2026-06-27 05:51:45,367  WARNING     ✘  JP_UN_CAR_2134                                      Message: Unable to obtain driver for chrome; For documentation on this error, pl
2026-06-27 05:51:45,382  WARNING     ✘  IN_UNLAWFUL_ASSOCIATION                             Message: Unable to obtain driver for chrome; For documentation on this error, pl
2026-06-27 05:51:45,398  WARNING     ✘  IM_FSA_DD                                           Message: Unable to obtain driver for chrome; For documentation on this error, pl
2026-06-27 05:51:45,399  WARNING     ✘  JP_UN_CONGO                                         Message: Unable to obtain driver for chrome; For documentation on this error, pl
2026-06-27 05:51:45,404  WARNING     ✘  JP_METI                                             Message: Unable to obtain driver for chrome; For documentation on this error, pl
2026-06-27 05:51:45,406  WARNING     ✘  JP_UN_SANCTIONS_SOMALIA                             Message: Unable to obtain driver for chrome; For documentation on this error, pl
2026-06-27 05:51:45,414  WARNING     ✘  IM_FSA_ENFORCEMENT                                  Message: Unable to obtain driver for chrome; For documentation on this error, pl
2026-06-27 05:51:45,431  WARNING     ✘  IN_SEBI_DEBARRED_ENTITIES                           Message: Unable to obtain driver for chrome; For documentation on this error, pl
2026-06-27 05:51:53,008  WARNING     ✘  JP_UN_SANCTIONS_SYRIA                               Message: Unable to obtain driver for chrome; For documentation on this error, pl
2026-06-27 05:51:54,458  WARNING     ✘  JP_UN_SANCTIONS                                     Message: Unable to obtain driver for chrome; For documentation on this error, pl
2026-06-27 05:51:54,660  WARNING     ✘  JP_UN_SS_2206                                       Message: Unable to obtain driver for chrome; For documentation on this error, pl
2026-06-27 05:51:54,690  WARNING     ✘  JP_UN_YE_2140                                       Message: Unable to obtain driver for chrome; For documentation on this error, pl
2026-06-27 05:51:55,447  WARNING     ✘  KE_FRC_DTFS                                         Message: Unable to obtain driver for chrome; For documentation on this error, pl
2026-06-27 05:51:55,473  WARNING     ✘  KR_MFA_SAKP                                         Message: Unable to obtain driver for chrome; For documentation on this error, pl
2026-06-27 05:51:55,864  WARNING     ✘  LB_ISF_NTFL                                         Message: Unable to obtain driver for chrome; For documentation on this error, pl
2026-06-27 05:51:56,075  WARNING     ✘  MN_OSP_SDVR                                         Message: Unable to obtain driver for chrome; For documentation on this error, pl
2026-06-27 05:51:56,116  INFO        ✔  OIG_MOST_WANTED                                     hash=None
2026-06-27 05:51:56,383  WARNING     ✘  MY_BNM_WANTED                                       Message: Unable to obtain driver for chrome; For documentation on this error, pl
2026-06-27 05:51:56,393  WARNING     ✘  MT_MPF_WANTED                                       Message: Unable to obtain driver for chrome; For documentation on this error, pl
2026-06-27 05:51:56,395  WARNING     ✘  MC_BT_NAFL                                          Message: Unable to obtain driver for chrome; For documentation on this error, pl
2026-06-27 05:51:56,404  WARNING     ✘  LV_FIU_SANCTIONED_SUBJECTS                          Message: Unable to obtain driver for chrome; For documentation on this error, pl
2026-06-27 05:51:56,415  WARNING     ✘  MY_BNM_WARNING_LETTERS                              Message: Unable to obtain driver for chrome; For documentation on this error, pl
2026-06-27 05:51:56,436  WARNING     ✘  NG_EFCC_WANTED_PERSON                               Message: Unable to obtain driver for chrome; For documentation on this error, pl
2026-06-27 05:51:56,437  WARNING     ✘  MY_MHA_MOHA_LIST                                    Message: Unable to obtain driver for chrome; For documentation on this error, pl
2026-06-27 05:51:56,449  WARNING     ✘  MY_SCM_WANTED                                       Message: Unable to obtain driver for chrome; For documentation on this error, pl
2026-06-27 05:51:56,458  WARNING     ✘  MY_SCM_IA                                           Message: Unable to obtain driver for chrome; For documentation on this error, pl
2026-06-27 05:51:56,474  WARNING     ✘  NG_NIGSAC_ENTITIES                                  Message: Unable to obtain driver for chrome; For documentation on this error, pl
2026-06-27 05:51:56,485  WARNING     ✘  NG_NIGSAC_INDIVIDUALS                               Message: Unable to obtain driver for chrome; For documentation on this error, pl
2026-06-27 05:51:56,511  WARNING     ✘  NO_BLACK_LIST                                       Message: Unable to obtain driver for chrome; For documentation on this error, pl
2026-06-27 05:51:56,860  INFO        ✔  PRM_CA_DIR_DC                                       hash=None
2026-06-27 05:51:57,244  INFO        ✔  PRM_CA_DHCS_SIPL                                    hash=None
2026-06-27 05:51:59,595  INFO        ✔  PRM_DC_DDS_PSL                                      hash=None
2026-06-27 05:52:03,031  WARNING     ✘  NY_OGS_IDA                                          Message: Unable to obtain driver for chrome; For documentation on this error, pl
2026-06-27 05:52:04,683  WARNING     ✘  OM_NCTC_LL                                          Message: Unable to obtain driver for chrome; For documentation on this error, pl
2026-06-27 05:52:04,713  WARNING     ✘  PA_TREAS_SCI                                        Message: Unable to obtain driver for chrome; For documentation on this error, pl
2026-06-27 05:52:05,477  WARNING     ✘  PE_MEF_DISQUALIFIED_SUPPLIERS                       Message: Unable to obtain driver for chrome; For documentation on this error, pl
2026-06-27 05:52:05,504  WARNING     ✘  PL_MOF_SRM                                          Message: Unable to obtain driver for chrome; For documentation on this error, pl
2026-06-27 05:52:05,977  WARNING     ✘  PRM_AK_DHSS_EPL                                     403 Client Error: Forbidden for url: https://health.alaska.gov/media/h3ueo2kf/al
2026-06-27 05:52:06,270  WARNING     ✘  PRM_AL_AMA_SP                                       HTTPSConnectionPool(host='medicaid.alabama.gov', port=443): Max retries exceeded
2026-06-27 05:52:07,062  WARNING     ✘  PRM_IL_DHFS_PSL                                     Message: Unable to obtain driver for chrome; For documentation on this error, pl
2026-06-27 05:52:07,368  WARNING     ✘  PRM_KS_DHE_TPL                                      Message: Unable to obtain driver for chrome; For documentation on this error, pl
2026-06-27 05:52:07,392  WARNING     ✘  PRM_IA_DHS_MPSL                                     Message: Unable to obtain driver for chrome; For documentation on this error, pl
2026-06-27 05:52:07,423  WARNING     ✘  PRM_LA_DH_AAL                                       Message: Unable to obtain driver for chrome; For documentation on this error, pl
2026-06-27 05:52:07,441  WARNING     ✘  PRM_MA_MH_SEMP                                      Message: Unable to obtain driver for chrome; For documentation on this error, pl
2026-06-27 05:52:07,455  WARNING     ✘  PRM_LA_DOA_DV                                       Message: Unable to obtain driver for chrome; For documentation on this error, pl
2026-06-27 05:52:07,458  WARNING     ✘  PRM_KY_CHFS_PT                                      Message: Unable to obtain driver for chrome; For documentation on this error, pl
2026-06-27 05:52:07,458  WARNING     ✘  PRM_HI_DHS_PERL                                     Message: Unable to obtain driver for chrome; For documentation on this error, pl
2026-06-27 05:52:07,464  WARNING     ✘  PRM_GA_DCH_EIE                                      Message: Unable to obtain driver for chrome; For documentation on this error, pl
2026-06-27 05:52:07,479  WARNING     ✘  PRM_ID_DHW_MPEL                                     Message: Unable to obtain driver for chrome; For documentation on this error, pl
2026-06-27 05:52:07,492  WARNING     ✘  PRM_IN_FSSA_PT                                      Message: Unable to obtain driver for chrome; For documentation on this error, pl
2026-06-27 05:52:07,694  WARNING     ✘  PRM_MD_BPW_CB                                       Message: Unable to obtain driver for chrome; For documentation on this error, pl
2026-06-27 05:52:11,948  WARNING     ✘  PRM_MD_MDH_MSPL                                     Message: Unable to obtain driver for chrome; For documentation on this error, pl
2026-06-27 05:52:15,047  INFO        ✔  PRM_NJ_MFD_PER                                      hash=None
2026-06-27 05:52:15,110  WARNING     ✘  PRM_MI_DHHS_SPL                                     Message: Unable to obtain driver for chrome; For documentation on this error, pl
2026-06-27 05:52:15,213  WARNING     ✘  PRM_MS_DM_SPL                                       Message: Unable to obtain driver for chrome; For documentation on this error, pl
2026-06-27 05:52:15,217  WARNING     ✘  PRM_MO_DSS_PS                                       Message: Unable to obtain driver for chrome; For documentation on this error, pl
2026-06-27 05:52:15,508  WARNING     ✘  PRM_MT_DPHHS_TMP                                    Message: Unable to obtain driver for chrome; For documentation on this error, pl
2026-06-27 05:52:15,536  WARNING     ✘  PRM_NC_DA_DV                                        Message: Unable to obtain driver for chrome; For documentation on this error, pl
2026-06-27 05:52:16,001  WARNING     ✘  PRM_NC_DHHS_EPL                                     Message: Unable to obtain driver for chrome; For documentation on this error, pl
2026-06-27 05:52:16,293  WARNING     ✘  PRM_ND_DHS_MPEL                                     Message: Unable to obtain driver for chrome; For documentation on this error, pl
2026-06-27 05:52:17,561  WARNING     ✘  PRM_NH_DHHS_MPESL                                   Message: Unable to obtain driver for chrome; For documentation on this error, pl
2026-06-27 05:52:17,779  WARNING     ✘  PRM_NY_DOL_DL                                       Message: Unable to obtain driver for chrome; For documentation on this error, pl
2026-06-27 05:52:17,819  WARNING     ✘  PRM_NV_DHHS_MSL                                     Message: Unable to obtain driver for chrome; For documentation on this error, pl
2026-06-27 05:52:17,891  WARNING     ✘  PRM_OH_DM_MPESL                                     Message: Unable to obtain driver for chrome; For documentation on this error, pl
2026-06-27 05:52:18,148  WARNING     ✘  PRM_SC_DHHS_EPL                                     Message: Unable to obtain driver for chrome; For documentation on this error, pl
2026-06-27 05:52:18,154  WARNING     ✘  PRM_NV_OLC_DC                                       Message: Unable to obtain driver for chrome; For documentation on this error, pl
2026-06-27 05:52:18,163  WARNING     ✘  PRM_PA_DGS_DSL                                      Message: Unable to obtain driver for chrome; For documentation on this error, pl
2026-06-27 05:52:18,181  WARNING     ✘  PRM_TN_OPI_TPL                                      Message: Unable to obtain driver for chrome; For documentation on this error, pl
2026-06-27 05:52:18,186  WARNING     ✘  PRM_OR_BOLI_IC                                      Message: Unable to obtain driver for chrome; For documentation on this error, pl
2026-06-27 05:52:18,204  WARNING     ✘  PRM_SC_SFAA_SD                                      Message: Unable to obtain driver for chrome; For documentation on this error, pl
2026-06-27 05:52:20,834  WARNING     ✘  PRM_TX_HHS_EP                                       `Import xlrd` failed. Install xlrd >= 2.0.1 for xls Excel support Use pip or con
2026-06-27 05:52:24,768  WARNING     ✘  PRM_TX_TC_DVL                                       Message: Unable to obtain driver for chrome; For documentation on this error, pl
2026-06-27 05:52:25,232  WARNING     ✘  PRM_WA_DOLI_DC                                      Message: Unable to obtain driver for chrome; For documentation on this error, pl
2026-06-27 05:52:25,337  WARNING     ✘  PRM_WA_HCA_PTEL                                     Message: Unable to obtain driver for chrome; For documentation on this error, pl
2026-06-27 05:52:25,341  WARNING     ✘  PRM_WV_DHHR_PSE                                     Message: Unable to obtain driver for chrome; For documentation on this error, pl
2026-06-27 05:52:25,541  WARNING     ✘  PRM_WV_WVPD_DV                                      Message: Unable to obtain driver for chrome; For documentation on this error, pl
2026-06-27 05:52:25,570  WARNING     ✘  PRM_WY_DH_PEL                                       Message: Unable to obtain driver for chrome; For documentation on this error, pl
2026-06-27 05:52:26,024  WARNING     ✘  QA_MOI_SANCTIONS_LIST                               Message: Unable to obtain driver for chrome; For documentation on this error, pl
2026-06-27 05:52:26,316  WARNING     ✘  SECO_SWISS_GUATEMALA                                Message: Unable to obtain driver for chrome; For documentation on this error, pl
2026-06-27 05:52:27,584  WARNING     ✘  SECO_SWISS_HAMAS                                    Message: Unable to obtain driver for chrome; For documentation on this error, pl
2026-06-27 05:52:27,802  WARNING     ✘  SECO_SWISS_MOLDOVA                                  Message: Unable to obtain driver for chrome; For documentation on this error, pl
2026-06-27 05:52:27,843  WARNING     ✘  SG_ACRA_SUSPENSION                                  Message: Unable to obtain driver for chrome; For documentation on this error, pl
2026-06-27 05:52:28,183  WARNING     ✘  SG_MAS_RUSSIA                                       Message: Unable to obtain driver for chrome; For documentation on this error, pl
2026-06-27 05:52:28,494  WARNING     ✘  SG_SGX_WATCH_LIST                                   Message: Unable to obtain driver for chrome; For documentation on this error, pl
2026-06-27 05:52:28,619  WARNING     ✘  TR_MTF_ARTICLE_3                                    Message: Unable to obtain driver for chrome; For documentation on this error, pl
2026-06-27 05:52:28,686  WARNING     ✘  TR_MTF_ARTICLE_5                                    Message: Unable to obtain driver for chrome; For documentation on this error, pl
2026-06-27 05:52:28,694  WARNING     ✘  TH_AMLO_SANCTIONS                                   Message: Unable to obtain driver for chrome; For documentation on this error, pl
2026-06-27 05:52:28,695  WARNING     ✘  TR_MTF_ARTICLE_6                                    Message: Unable to obtain driver for chrome; For documentation on this error, pl
2026-06-27 05:52:28,705  WARNING     ✘  TR_MTF_ARTICLE_7                                    Message: Unable to obtain driver for chrome; For documentation on this error, pl
2026-06-27 05:52:28,847  INFO        ✔  US_PDGS_IFP_LIST                                    hash=None
2026-06-27 05:52:28,949  INFO        ✔  US_NJL_IDA                                          hash=None
2026-06-27 05:52:30,857  WARNING     ✘  TREAS_FINCEN_ADVISORY                               Message: Unable to obtain driver for chrome; For documentation on this error, pl
2026-06-27 05:52:32,320  INFO        ✔  US_DOT_MOST_WANTED                                  hash=cd37a8abbd9b71a1acf19d4be7bace24d51c64de0eb54e3941ff77e78debac24
2026-06-27 05:52:34,791  WARNING     ✘  TREAS_FINCEN_PMLC                                   Message: Unable to obtain driver for chrome; For documentation on this error, pl
2026-06-27 05:52:35,345  WARNING     ✘  TT_FIU_DPRK                                         Message: Unable to obtain driver for chrome; For documentation on this error, pl
2026-06-27 05:52:35,406  WARNING     ✘  TT_FIU_HAITI                                        Message: Unable to obtain driver for chrome; For documentation on this error, pl
2026-06-27 05:52:35,406  WARNING     ✘  TW_CBI_MW                                           Message: Unable to obtain driver for chrome; For documentation on this error, pl
2026-06-27 05:52:35,574  WARNING     ✘  TW_FSC_EA                                           Message: Unable to obtain driver for chrome; For documentation on this error, pl
2026-06-27 05:52:35,592  WARNING     ✘  UA_SSU_WANTED                                       Message: Unable to obtain driver for chrome; For documentation on this error, pl
2026-06-27 05:52:36,047  WARNING     ✘  US_AF_FUGITIVES                                     Message: Unable to obtain driver for chrome; For documentation on this error, pl
2026-06-27 05:52:36,339  WARNING     ✘  US_CBP_UEL                                          Message: Unable to obtain driver for chrome; For documentation on this error, pl
2026-06-27 05:52:37,607  WARNING     ✘  US_DEA_MOST_WANTED                                  Message: Unable to obtain driver for chrome; For documentation on this error, pl
2026-06-27 05:52:37,825  WARNING     ✘  US_DHS_BFV                                          Message: Unable to obtain driver for chrome; For documentation on this error, pl
2026-06-27 05:52:38,206  WARNING     ✘  US_EPA_FUGITIVES                                    Message: Unable to obtain driver for chrome; For documentation on this error, pl
2026-06-27 05:52:38,749  WARNING     ✘  US_FD_OCI_MOST_WANTED_FUGITIVES                     Message: Unable to obtain driver for chrome; For documentation on this error, pl
2026-06-27 05:52:38,874  WARNING     ✘  US_FDA_CI                                           Message: Unable to obtain driver for chrome; For documentation on this error, pl
2026-06-27 05:52:39,061  WARNING     ✘  US_FDA_WL                                           Message: Unable to obtain driver for chrome; For documentation on this error, pl
2026-06-27 05:52:39,077  WARNING     ✘  US_OGT_SCI                                          Message: Unable to obtain driver for chrome; For documentation on this error, pl
2026-06-27 05:52:39,104  WARNING     ✘  US_SS_MWF                                           Message: Unable to obtain driver for chrome; For documentation on this error, pl
2026-06-27 05:52:39,105  WARNING     ✘  US_SEC_LR                                           Message: Unable to obtain driver for chrome; For documentation on this error, pl
2026-06-27 05:52:40,880  WARNING     ✘  ZA_FIC_SANCTIONS                                    Message: Unable to obtain driver for chrome; For documentation on this error, pl
2026-06-27 05:52:42,343  WARNING     ✘  ZA_FSCA_EA                                          Message: Unable to obtain driver for chrome; For documentation on this error, pl
2026-06-27 06:01:21,917  WARNING     ✘  PRM_WI_DOT_DSIC                                     HTTPSConnectionPool(host='wisconsindot.gov', port=443): Max retries exceeded wit
2026-06-27 06:01:21,919  WARNING   174 tasks returned null/blank hashes: ['AR_MOJ_RePET_E', 'AR_MOJ_RePET_P', 'AR_NIS_CPL', 'BD_POLICE_WANTED', 'BN_BDCB_AL', 'CA_GC_NRO', 'CA_SPEC_MEAS_ESV', 'CA_SPEC_MEAS_GUATEMALA', 'CA_SPEC_MEAS_HAMAS_TA', 'CA_SPEC_MEAS_MOLDOVA']…
2026-06-27 06:01:21,919  INFO      STEP 3: Writing new hashes to Excel …
2026-06-27 06:01:21,927  INFO      Write plan: total=175  updated=1  unchanged=0  null=174  changed=1
2026-06-27 06:01:21,927  INFO      Changed RPS lists: ['US_DOT_MOST_WANTED']
2026-06-27 06:01:21,979  INFO      Audit Log sheet updated (row 46).
2026-06-27 06:01:21,979  INFO      STEP 4: Saving workbook …
2026-06-27 06:01:21,997  INFO      Workbook saved: RPS_Updates.xlsx
2026-06-27 06:01:22,004  INFO      Change report saved: reports/change_report_20260627_060121.xlsx  (1 changed rows)
2026-06-27 06:01:22,004  INFO      Change report: reports/change_report_20260627_060121.xlsx
2026-06-27 06:01:22,004  INFO      STEP 6: Change comparison summary
2026-06-27 06:01:22,005  INFO        Total RPS records  : 175
2026-06-27 06:01:22,005  INFO        Hashes updated     : 1
2026-06-27 06:01:22,005  INFO        Hashes unchanged   : 0
2026-06-27 06:01:22,005  INFO        Null/failed hashes : 174
2026-06-27 06:01:22,005  INFO        Changed RPS lists  : 1
2026-06-27 06:01:22,005  INFO          ↳ CHANGED: US_DOT_MOST_WANTED
2026-06-27 06:01:22,005  INFO      ======================================================================
2026-06-27 06:01:22,005  INFO      Run complete.  1 updates, 1 changes detected.
2026-06-27 06:01:22,005  INFO      ======================================================================
