2026-06-07 06:20:57,759  INFO      Log file: logs/hash_manager_20260607_062057.log
2026-06-07 06:20:57,759  INFO      ======================================================================
2026-06-07 06:20:57,759  INFO      RPS Hash Manager  —  run started at 2026-06-07 06:20:57
2026-06-07 06:20:57,759  INFO      Target file : RPS_Updates.xlsx
2026-06-07 06:20:57,759  INFO      Workers     : 20
2026-06-07 06:20:57,759  INFO      Dry-run     : False
2026-06-07 06:20:57,759  INFO      ======================================================================
2026-06-07 06:20:57,759  DEBUG     File-lock check passed.
2026-06-07 06:20:57,759  INFO      Backup created: backups/RPS_Updates_backup_20260607_062057.xlsx
2026-06-07 06:20:57,772  INFO      Loaded workbook — sheet 'Sheet1', 175 data rows.
2026-06-07 06:20:57,772  INFO      Schema OK — columns: {'RPS List': 1, 'Old Hash Value': 2, 'New hash Value': 3}
2026-06-07 06:20:57,772  INFO      Found 175 RPS list entries.
2026-06-07 06:20:57,772  INFO      STEP 1: Shifting New Hash Value → Old Hash Value …
2026-06-07 06:20:57,772  INFO      Shifted 2 'New Hash Value' entries → 'Old Hash Value'.
2026-06-07 06:20:57,772  INFO      STEP 2: Running scrapers in parallel …
2026-06-07 06:21:00,024  WARNING   No scraper found for 'INTERPOL_UN_Notices_Entities' — will record null hash.
2026-06-07 06:21:00,024  WARNING   No scraper found for 'INTERPOL_UN_Notices_Individuals' — will record null hash.
2026-06-07 06:21:00,024  WARNING   No scraper found for 'KG_FIU_SANCTIONS_ENTITIES' — will record null hash.
2026-06-07 06:21:00,024  WARNING   No scraper found for 'KG_FIU_SANCTIONS_INDIVIDUALS' — will record null hash.
2026-06-07 06:21:00,024  WARNING   No scraper found for 'PRM_AR_DHS_EP' — will record null hash.
2026-06-07 06:21:00,024  WARNING   No scraper found for 'PRM_FL_DMS_CVL' — will record null hash.
2026-06-07 06:21:00,024  WARNING   No scraper found for 'US_DDTC_POA' — will record null hash.
2026-06-07 06:21:00,024  WARNING   No scraper found for 'US_NCDST_IFD_LIST' — will record null hash.
2026-06-07 06:21:00,024  WARNING   No scraper found for 'US_RFJ_WT' — will record null hash.
2026-06-07 06:21:00,024  WARNING   No scraper found for 'ZA_FIC_TFS' — will record null hash.
2026-06-07 06:21:00,024  INFO      Running 165 scrapers with 20 workers …
2026-06-07 06:21:10,888  WARNING     ✘  CA_SPEC_MEAS_GUATEMALA                              Message: Unable to obtain driver for chrome; For documentation on this error, pl
2026-06-07 06:21:11,156  WARNING     ✘  CA_SPEC_MEAS_MOLDOVA                                Message: Unable to obtain driver for chrome; For documentation on this error, pl
2026-06-07 06:21:11,629  WARNING     ✘  DK_IS_PROHIBITED_PERSONS                            Message: Unable to obtain driver for chrome; For documentation on this error, pl
2026-06-07 06:21:11,653  WARNING     ✘  CA_SPEC_MEAS_ESV                                    Message: Unable to obtain driver for chrome; For documentation on this error, pl
2026-06-07 06:21:11,674  WARNING     ✘  CA_SPEC_MEAS_HAMAS_TA                               Message: Unable to obtain driver for chrome; For documentation on this error, pl
2026-06-07 06:21:11,675  WARNING     ✘  AR_MOJ_RePET_P                                      Message: Unable to obtain driver for chrome; For documentation on this error, pl
2026-06-07 06:21:11,680  WARNING     ✘  AR_NIS_CPL                                          Message: Unable to obtain driver for chrome; For documentation on this error, pl
2026-06-07 06:21:11,684  WARNING     ✘  CI_ADB_DEBARRED_ENTITIES                            Message: Unable to obtain driver for chrome; For documentation on this error, pl
2026-06-07 06:21:11,705  WARNING     ✘  CA_SPEC_MEAS_SRILANKA                               Message: Unable to obtain driver for chrome; For documentation on this error, pl
2026-06-07 06:21:11,714  WARNING     ✘  BD_POLICE_WANTED                                    Message: Unable to obtain driver for chrome; For documentation on this error, pl
2026-06-07 06:21:11,717  WARNING     ✘  DK_DIS_ENTRY_BAN                                    Message: Unable to obtain driver for chrome; For documentation on this error, pl
2026-06-07 06:21:11,717  WARNING     ✘  CT_DOL_DL                                           Message: Unable to obtain driver for chrome; For documentation on this error, pl
2026-06-07 06:21:11,720  WARNING     ✘  CT_DSS_AAL                                          Message: Unable to obtain driver for chrome; For documentation on this error, pl
2026-06-07 06:21:11,724  WARNING     ✘  BN_BDCB_AL                                          Message: Unable to obtain driver for chrome; For documentation on this error, pl
2026-06-07 06:21:11,731  WARNING     ✘  CA_SPEC_MEAS_SUDAN                                  Message: Unable to obtain driver for chrome; For documentation on this error, pl
2026-06-07 06:21:11,734  WARNING     ✘  CH_UN_COTE_DIVOIRE_1572                             Message: Unable to obtain driver for chrome; For documentation on this error, pl
2026-06-07 06:21:11,742  WARNING     ✘  DK_IS_PROHIBITED_ENTITIES                           Message: Unable to obtain driver for chrome; For documentation on this error, pl
2026-06-07 06:21:11,758  WARNING     ✘  CA_GC_NRO                                           Message: Unable to obtain driver for chrome; For documentation on this error, pl
2026-06-07 06:21:11,760  WARNING     ✘  DOC_BIS_RL                                          Message: Unable to obtain driver for chrome; For documentation on this error, pl
2026-06-07 06:21:11,773  WARNING     ✘  AR_MOJ_RePET_E                                      Message: Unable to obtain driver for chrome; For documentation on this error, pl
2026-06-07 06:21:21,792  WARNING     ✘  DOS_ADP                                             Message: Unable to obtain driver for chrome; For documentation on this error, pl
2026-06-07 06:21:22,033  WARNING     ✘  DOS_CRL                                             Message: Unable to obtain driver for chrome; For documentation on this error, pl
2026-06-07 06:21:22,764  WARNING     ✘  DOS_TEL                                             Message: Unable to obtain driver for chrome; For documentation on this error, pl
2026-06-07 06:21:22,975  WARNING     ✘  DOS_SDP                                             Message: Unable to obtain driver for chrome; For documentation on this error, pl
2026-06-07 06:21:23,052  WARNING     ✘  EE_MFA_HR                                           Message: Unable to obtain driver for chrome; For documentation on this error, pl
2026-06-07 06:21:23,131  WARNING     ✘  ES_WA_CNMV                                          Message: Unable to obtain driver for chrome; For documentation on this error, pl
2026-06-07 06:21:23,179  WARNING     ✘  ES_NPC_TERRORISTS                                   Message: Unable to obtain driver for chrome; For documentation on this error, pl
2026-06-07 06:21:23,188  WARNING     ✘  EE_MFA_BELARUS                                      Message: Unable to obtain driver for chrome; For documentation on this error, pl
2026-06-07 06:21:23,205  WARNING     ✘  EU_EC_EDES                                          Message: Unable to obtain driver for chrome; For documentation on this error, pl
2026-06-07 06:21:23,206  WARNING     ✘  ES_BOS_SANCTIONS                                    Message: Unable to obtain driver for chrome; For documentation on this error, pl
2026-06-07 06:21:23,214  WARNING     ✘  FBI_MWT                                             Message: Unable to obtain driver for chrome; For documentation on this error, pl
2026-06-07 06:21:23,221  WARNING     ✘  EE_MFA_RUSSIA                                       Message: Unable to obtain driver for chrome; For documentation on this error, pl
2026-06-07 06:21:23,221  WARNING     ✘  EU_EUROPOL_MWF                                      Message: Unable to obtain driver for chrome; For documentation on this error, pl
2026-06-07 06:21:23,238  WARNING     ✘  FBI_TOP_10                                          Message: Unable to obtain driver for chrome; For documentation on this error, pl
2026-06-07 06:21:23,255  WARNING     ✘  FBI_LAW_ENFORCEMENT                                 Message: Unable to obtain driver for chrome; For documentation on this error, pl
2026-06-07 06:21:23,263  WARNING     ✘  EU_ECB_SANCTIONS                                    Message: Unable to obtain driver for chrome; For documentation on this error, pl
2026-06-07 06:21:23,263  WARNING     ✘  EE_FSA_IA                                           Message: Unable to obtain driver for chrome; For documentation on this error, pl
2026-06-07 06:21:23,281  WARNING     ✘  EU_EIB_LOE                                          Message: Unable to obtain driver for chrome; For documentation on this error, pl
2026-06-07 06:21:23,285  WARNING     ✘  EU_EBRD_INELIGIBLE_ENTITIES                         Message: Unable to obtain driver for chrome; For documentation on this error, pl
2026-06-07 06:21:23,298  WARNING     ✘  FBI_SI                                              Message: Unable to obtain driver for chrome; For documentation on this error, pl
2026-06-07 06:21:31,815  WARNING     ✘  GB_FCA_UCB                                          Message: Unable to obtain driver for chrome; For documentation on this error, pl
2026-06-07 06:21:32,056  WARNING     ✘  GB_OFSI_TR_MP                                       Message: Unable to obtain driver for chrome; For documentation on this error, pl
2026-06-07 06:21:33,531  WARNING     ✘  GE_MOJ_OTKHOZORIA_TATUNASHVILI_LIST                 Message: Unable to obtain driver for chrome; For documentation on this error, pl
2026-06-07 06:21:33,729  WARNING     ✘  GG_GFSC_DD                                          Message: Unable to obtain driver for chrome; For documentation on this error, pl
2026-06-07 06:21:33,806  WARNING     ✘  HK_ICAC_WL                                          Message: Unable to obtain driver for chrome; For documentation on this error, pl
2026-06-07 06:21:33,842  WARNING     ✘  HU_MNB_MSW                                          Message: Unable to obtain driver for chrome; For documentation on this error, pl
2026-06-07 06:21:33,891  WARNING     ✘  IL_IIPB_PIL                                         Message: Unable to obtain driver for chrome; For documentation on this error, pl
2026-06-07 06:21:34,217  WARNING     ✘  IM_FSA_DD                                           Message: Unable to obtain driver for chrome; For documentation on this error, pl
2026-06-07 06:21:34,472  WARNING     ✘  IL_MOF_WMD                                          Message: Unable to obtain driver for chrome; For documentation on this error, pl
2026-06-07 06:21:34,481  WARNING     ✘  IN_UNLAWFUL_ASSOCIATION                             Message: Unable to obtain driver for chrome; For documentation on this error, pl
2026-06-07 06:21:34,493  WARNING     ✘  IM_FSA_ENFORCEMENT                                  Message: Unable to obtain driver for chrome; For documentation on this error, pl
2026-06-07 06:21:34,494  WARNING     ✘  JP_UN_CONGO                                         Message: Unable to obtain driver for chrome; For documentation on this error, pl
2026-06-07 06:21:34,498  WARNING     ✘  JP_UN_SANCTIONS_IRAN                                Message: Unable to obtain driver for chrome; For documentation on this error, pl
2026-06-07 06:21:34,501  WARNING     ✘  IN_SEBI_DEBARRED_ENTITIES                           Message: Unable to obtain driver for chrome; For documentation on this error, pl
2026-06-07 06:21:34,504  WARNING     ✘  JP_UN_CAR_2134                                      Message: Unable to obtain driver for chrome; For documentation on this error, pl
2026-06-07 06:21:34,520  WARNING     ✘  IE_CBI_PN                                           Message: Unable to obtain driver for chrome; For documentation on this error, pl
2026-06-07 06:21:34,521  WARNING     ✘  IL_MOJ_TERR_ORG                                     Message: Unable to obtain driver for chrome; For documentation on this error, pl
2026-06-07 06:21:34,536  WARNING     ✘  IN_BANNED_ORG                                       Message: Unable to obtain driver for chrome; For documentation on this error, pl
2026-06-07 06:21:34,537  WARNING     ✘  JP_METI                                             Message: Unable to obtain driver for chrome; For documentation on this error, pl
2026-06-07 06:21:34,547  WARNING     ✘  JP_UN_SANCTIONS_SOMALIA                             Message: Unable to obtain driver for chrome; For documentation on this error, pl
2026-06-07 06:21:41,839  WARNING     ✘  JP_UN_SANCTIONS_SYRIA                               Message: Unable to obtain driver for chrome; For documentation on this error, pl
2026-06-07 06:21:42,080  WARNING     ✘  JP_UN_SANCTIONS                                     Message: Unable to obtain driver for chrome; For documentation on this error, pl
2026-06-07 06:21:43,234  INFO        ✔  OIG_MOST_WANTED                                     hash=2ea7462f7ccb5b1cc7bf6c3a8eac5c5c44d4909b2e9404333e9ca330011cf2fe
2026-06-07 06:21:43,555  WARNING     ✘  JP_UN_SS_2206                                       Message: Unable to obtain driver for chrome; For documentation on this error, pl
2026-06-07 06:21:43,753  WARNING     ✘  JP_UN_YE_2140                                       Message: Unable to obtain driver for chrome; For documentation on this error, pl
2026-06-07 06:21:43,899  WARNING     ✘  KE_FRC_DTFS                                         Message: Unable to obtain driver for chrome; For documentation on this error, pl
2026-06-07 06:21:43,933  WARNING     ✘  KR_MFA_SAKP                                         Message: Unable to obtain driver for chrome; For documentation on this error, pl
2026-06-07 06:21:44,655  INFO        ✔  PRM_AK_DHSS_EPL                                     hash=None
2026-06-07 06:21:44,663  WARNING     ✘  LB_ISF_NTFL                                         Message: Unable to obtain driver for chrome; For documentation on this error, pl
2026-06-07 06:21:44,812  WARNING     ✘  LV_FIU_SANCTIONED_SUBJECTS                          Message: Unable to obtain driver for chrome; For documentation on this error, pl
2026-06-07 06:21:45,142  WARNING     ✘  MN_OSP_SDVR                                         Message: Unable to obtain driver for chrome; For documentation on this error, pl
2026-06-07 06:21:45,248  INFO        ✔  PRM_CA_DIR_DC                                       hash=None
2026-06-07 06:21:45,654  WARNING     ✘  MY_SCM_WANTED                                       Message: Unable to obtain driver for chrome; For documentation on this error, pl
2026-06-07 06:21:45,666  WARNING     ✘  MC_BT_NAFL                                          Message: Unable to obtain driver for chrome; For documentation on this error, pl
2026-06-07 06:21:45,675  WARNING     ✘  MT_MPF_WANTED                                       Message: Unable to obtain driver for chrome; For documentation on this error, pl
2026-06-07 06:21:45,676  WARNING     ✘  MY_BNM_WANTED                                       Message: Unable to obtain driver for chrome; For documentation on this error, pl
2026-06-07 06:21:45,706  WARNING     ✘  MY_BNM_WARNING_LETTERS                              Message: Unable to obtain driver for chrome; For documentation on this error, pl
2026-06-07 06:21:45,738  WARNING     ✘  MY_SCM_IA                                           Message: Unable to obtain driver for chrome; For documentation on this error, pl
2026-06-07 06:21:45,740  WARNING     ✘  NG_EFCC_WANTED_PERSON                               Message: Unable to obtain driver for chrome; For documentation on this error, pl
2026-06-07 06:21:45,747  WARNING     ✘  NO_BLACK_LIST                                       Message: Unable to obtain driver for chrome; For documentation on this error, pl
2026-06-07 06:21:45,758  WARNING     ✘  MY_MHA_MOHA_LIST                                    Message: Unable to obtain driver for chrome; For documentation on this error, pl
2026-06-07 06:21:45,761  WARNING     ✘  NG_NIGSAC_ENTITIES                                  Message: Unable to obtain driver for chrome; For documentation on this error, pl
2026-06-07 06:21:45,765  WARNING     ✘  NG_NIGSAC_INDIVIDUALS                               Message: Unable to obtain driver for chrome; For documentation on this error, pl
2026-06-07 06:21:46,405  INFO        ✔  PRM_CA_DHCS_SIPL                                    hash=None
2026-06-07 06:21:49,659  INFO        ✔  PRM_DC_DDS_PSL                                      hash=b4c1f7dca66d325bb6b1ceefcac9963e43fdd153dbf20e7318fe1eced1e67127
2026-06-07 06:21:51,862  WARNING     ✘  NY_OGS_IDA                                          Message: Unable to obtain driver for chrome; For documentation on this error, pl
2026-06-07 06:21:53,257  WARNING     ✘  OM_NCTC_LL                                          Message: Unable to obtain driver for chrome; For documentation on this error, pl
2026-06-07 06:21:53,578  WARNING     ✘  PA_TREAS_SCI                                        Message: Unable to obtain driver for chrome; For documentation on this error, pl
2026-06-07 06:21:53,776  WARNING     ✘  PE_MEF_DISQUALIFIED_SUPPLIERS                       Message: Unable to obtain driver for chrome; For documentation on this error, pl
2026-06-07 06:21:53,949  WARNING     ✘  PL_MOF_SRM                                          Message: Unable to obtain driver for chrome; For documentation on this error, pl
2026-06-07 06:21:54,812  WARNING     ✘  PRM_AL_AMA_SP                                       HTTPSConnectionPool(host='medicaid.alabama.gov', port=443): Max retries exceeded
2026-06-07 06:21:55,900  WARNING     ✘  PRM_GA_DCH_EIE                                      Message: Unable to obtain driver for chrome; For documentation on this error, pl
2026-06-07 06:21:56,180  WARNING     ✘  PRM_IA_DHS_MPSL                                     Message: Unable to obtain driver for chrome; For documentation on this error, pl
2026-06-07 06:21:56,232  WARNING     ✘  PRM_HI_DHS_PERL                                     Message: Unable to obtain driver for chrome; For documentation on this error, pl
2026-06-07 06:21:56,259  WARNING     ✘  PRM_LA_DOA_DV                                       Message: Unable to obtain driver for chrome; For documentation on this error, pl
2026-06-07 06:21:56,335  WARNING     ✘  PRM_IL_DHFS_PSL                                     Message: Unable to obtain driver for chrome; For documentation on this error, pl
2026-06-07 06:21:56,498  WARNING     ✘  PRM_KS_DHE_TPL                                      Message: Unable to obtain driver for chrome; For documentation on this error, pl
2026-06-07 06:21:58,990  WARNING     ✘  PRM_KY_CHFS_PT                                      Message: Unable to obtain driver for chrome; For documentation on this error, pl
2026-06-07 06:21:59,052  WARNING     ✘  PRM_IN_FSSA_PT                                      Message: Unable to obtain driver for chrome; For documentation on this error, pl
2026-06-07 06:21:59,258  WARNING     ✘  PRM_ID_DHW_MPEL                                     Message: Unable to obtain driver for chrome; For documentation on this error, pl
2026-06-07 06:21:59,512  WARNING     ✘  PRM_MA_MH_SEMP                                      Message: Unable to obtain driver for chrome; For documentation on this error, pl
2026-06-07 06:21:59,601  WARNING     ✘  PRM_MD_BPW_CB                                       Message: Unable to obtain driver for chrome; For documentation on this error, pl
2026-06-07 06:21:59,730  WARNING     ✘  PRM_MD_MDH_MSPL                                     Message: Unable to obtain driver for chrome; For documentation on this error, pl
2026-06-07 06:21:59,736  WARNING     ✘  PRM_LA_DH_AAL                                       Message: Unable to obtain driver for chrome; For documentation on this error, pl
2026-06-07 06:22:04,076  WARNING     ✘  PRM_MI_DHHS_SPL                                     Message: Unable to obtain driver for chrome; For documentation on this error, pl
2026-06-07 06:22:04,127  INFO        ✔  PRM_NJ_MFD_PER                                      hash=None
2026-06-07 06:22:04,319  WARNING     ✘  PRM_MO_DSS_PS                                       Message: Unable to obtain driver for chrome; For documentation on this error, pl
2026-06-07 06:22:04,385  WARNING     ✘  PRM_MS_DM_SPL                                       Message: Unable to obtain driver for chrome; For documentation on this error, pl
2026-06-07 06:22:04,411  WARNING     ✘  PRM_MT_DPHHS_TMP                                    Message: Unable to obtain driver for chrome; For documentation on this error, pl
2026-06-07 06:22:04,436  WARNING     ✘  PRM_NC_DHHS_EPL                                     Message: Unable to obtain driver for chrome; For documentation on this error, pl
2026-06-07 06:22:04,437  WARNING     ✘  PRM_NC_DA_DV                                        Message: Unable to obtain driver for chrome; For documentation on this error, pl
2026-06-07 06:22:04,612  INFO        ✔  PRM_WI_DOT_DSIC                                     hash=None
2026-06-07 06:22:04,835  WARNING     ✘  PRM_ND_DHS_MPEL                                     Message: Unable to obtain driver for chrome; For documentation on this error, pl
2026-06-07 06:22:05,923  WARNING     ✘  PRM_NH_DHHS_MPESL                                   Message: Unable to obtain driver for chrome; For documentation on this error, pl
2026-06-07 06:22:06,261  WARNING     ✘  PRM_NV_DHHS_MSL                                     Message: Unable to obtain driver for chrome; For documentation on this error, pl
2026-06-07 06:22:06,287  WARNING     ✘  PRM_NV_OLC_DC                                       Message: Unable to obtain driver for chrome; For documentation on this error, pl
2026-06-07 06:22:06,386  WARNING     ✘  PRM_NY_DOL_DL                                       Message: Unable to obtain driver for chrome; For documentation on this error, pl
2026-06-07 06:22:10,620  WARNING     ✘  PRM_OH_DM_MPESL                                     Message: Unable to obtain driver for chrome; For documentation on this error, pl
2026-06-07 06:22:13,351  WARNING     ✘  PRM_PA_DGS_DSL                                      Message: Unable to obtain driver for chrome; For documentation on this error, pl
2026-06-07 06:22:13,552  WARNING     ✘  PRM_OR_BOLI_IC                                      Message: Unable to obtain driver for chrome; For documentation on this error, pl
2026-06-07 06:22:13,726  WARNING     ✘  PRM_SC_DHHS_EPL                                     Message: Unable to obtain driver for chrome; For documentation on this error, pl
2026-06-07 06:22:13,733  WARNING     ✘  PRM_SC_SFAA_SD                                      Message: Unable to obtain driver for chrome; For documentation on this error, pl
2026-06-07 06:22:14,181  WARNING     ✘  PRM_TN_OPI_TPL                                      Message: Unable to obtain driver for chrome; For documentation on this error, pl
2026-06-07 06:22:14,184  WARNING     ✘  PRM_TX_TC_DVL                                       Message: Unable to obtain driver for chrome; For documentation on this error, pl
2026-06-07 06:22:14,437  WARNING     ✘  PRM_WA_DOLI_DC                                      Message: Unable to obtain driver for chrome; For documentation on this error, pl
2026-06-07 06:22:14,469  WARNING     ✘  PRM_WA_HCA_PTEL                                     Message: Unable to obtain driver for chrome; For documentation on this error, pl
2026-06-07 06:22:14,673  WARNING     ✘  PRM_WV_DHHR_PSE                                     Message: Unable to obtain driver for chrome; For documentation on this error, pl
2026-06-07 06:22:14,898  WARNING     ✘  PRM_WV_WVPD_DV                                      Message: Unable to obtain driver for chrome; For documentation on this error, pl
2026-06-07 06:22:14,907  WARNING     ✘  PRM_WY_DH_PEL                                       Message: Unable to obtain driver for chrome; For documentation on this error, pl
2026-06-07 06:22:14,932  WARNING     ✘  QA_MOI_SANCTIONS_LIST                               Message: Unable to obtain driver for chrome; For documentation on this error, pl
2026-06-07 06:22:14,934  WARNING     ✘  SECO_SWISS_GUATEMALA                                Message: Unable to obtain driver for chrome; For documentation on this error, pl
2026-06-07 06:22:15,103  WARNING     ✘  SECO_SWISS_HAMAS                                    Message: Unable to obtain driver for chrome; For documentation on this error, pl
2026-06-07 06:22:15,947  WARNING     ✘  SECO_SWISS_MOLDOVA                                  Message: Unable to obtain driver for chrome; For documentation on this error, pl
2026-06-07 06:22:16,291  WARNING     ✘  SG_ACRA_SUSPENSION                                  Message: Unable to obtain driver for chrome; For documentation on this error, pl
2026-06-07 06:22:16,310  WARNING     ✘  SG_MAS_RUSSIA                                       Message: Unable to obtain driver for chrome; For documentation on this error, pl
2026-06-07 06:22:16,409  WARNING     ✘  SG_SGX_WATCH_LIST                                   Message: Unable to obtain driver for chrome; For documentation on this error, pl
2026-06-07 06:22:17,026  WARNING     ✘  PRM_TX_HHS_EP                                       `Import xlrd` failed. Install xlrd >= 2.0.1 for xls Excel support Use pip or con
2026-06-07 06:22:20,556  INFO        ✔  US_DOT_MOST_WANTED                                  hash=None
2026-06-07 06:22:20,644  WARNING     ✘  TH_AMLO_SANCTIONS                                   Message: Unable to obtain driver for chrome; For documentation on this error, pl
2026-06-07 06:22:20,835  INFO        ✔  US_NJL_IDA                                          hash=2c012cb88b5fc23187222d7e521d22331ce2754cfcd703cfcb15f02b74ee4180
2026-06-07 06:22:23,376  WARNING     ✘  TR_MTF_ARTICLE_3                                    Message: Unable to obtain driver for chrome; For documentation on this error, pl
2026-06-07 06:22:23,611  INFO        ✔  US_PDGS_IFP_LIST                                    hash=None
2026-06-07 06:22:23,642  WARNING     ✘  TR_MTF_ARTICLE_5                                    Message: Unable to obtain driver for chrome; For documentation on this error, pl
2026-06-07 06:22:23,773  WARNING     ✘  TR_MTF_ARTICLE_6                                    Message: Unable to obtain driver for chrome; For documentation on this error, pl
2026-06-07 06:22:23,804  WARNING     ✘  TR_MTF_ARTICLE_7                                    Message: Unable to obtain driver for chrome; For documentation on this error, pl
2026-06-07 06:22:24,248  WARNING     ✘  TREAS_FINCEN_ADVISORY                               Message: Unable to obtain driver for chrome; For documentation on this error, pl
2026-06-07 06:22:24,249  WARNING     ✘  TREAS_FINCEN_PMLC                                   Message: Unable to obtain driver for chrome; For documentation on this error, pl
2026-06-07 06:22:24,478  WARNING     ✘  TT_FIU_DPRK                                         Message: Unable to obtain driver for chrome; For documentation on this error, pl
2026-06-07 06:22:24,491  WARNING     ✘  TT_FIU_HAITI                                        Message: Unable to obtain driver for chrome; For documentation on this error, pl
2026-06-07 06:22:24,768  WARNING     ✘  TW_CBI_MW                                           Message: Unable to obtain driver for chrome; For documentation on this error, pl
2026-06-07 06:22:25,214  WARNING     ✘  TW_FSC_EA                                           Message: Unable to obtain driver for chrome; For documentation on this error, pl
2026-06-07 06:22:25,345  WARNING     ✘  UA_SSU_WANTED                                       Message: Unable to obtain driver for chrome; For documentation on this error, pl
2026-06-07 06:22:25,358  WARNING     ✘  US_AF_FUGITIVES                                     Message: Unable to obtain driver for chrome; For documentation on this error, pl
2026-06-07 06:22:25,360  WARNING     ✘  US_CBP_UEL                                          Message: Unable to obtain driver for chrome; For documentation on this error, pl
2026-06-07 06:22:25,361  WARNING     ✘  US_DEA_MOST_WANTED                                  Message: Unable to obtain driver for chrome; For documentation on this error, pl
2026-06-07 06:22:25,970  WARNING     ✘  US_DHS_BFV                                          Message: Unable to obtain driver for chrome; For documentation on this error, pl
2026-06-07 06:22:26,334  WARNING     ✘  US_EPA_FUGITIVES                                    Message: Unable to obtain driver for chrome; For documentation on this error, pl
2026-06-07 06:22:26,431  WARNING     ✘  US_FD_OCI_MOST_WANTED_FUGITIVES                     Message: Unable to obtain driver for chrome; For documentation on this error, pl
2026-06-07 06:22:27,049  WARNING     ✘  US_FDA_CI                                           Message: Unable to obtain driver for chrome; For documentation on this error, pl
2026-06-07 06:22:30,578  WARNING     ✘  US_FDA_WL                                           Message: Unable to obtain driver for chrome; For documentation on this error, pl
2026-06-07 06:22:30,858  WARNING     ✘  US_OGT_SCI                                          Message: Unable to obtain driver for chrome; For documentation on this error, pl
2026-06-07 06:22:33,652  WARNING     ✘  US_SEC_LR                                           Message: Unable to obtain driver for chrome; For documentation on this error, pl
2026-06-07 06:22:33,665  WARNING     ✘  US_SS_MWF                                           Message: Unable to obtain driver for chrome; For documentation on this error, pl
2026-06-07 06:22:33,836  WARNING     ✘  ZA_FIC_SANCTIONS                                    Message: Unable to obtain driver for chrome; For documentation on this error, pl
2026-06-07 06:22:33,845  WARNING     ✘  ZA_FSCA_EA                                          Message: Unable to obtain driver for chrome; For documentation on this error, pl
2026-06-07 06:22:33,847  WARNING   172 tasks returned null/blank hashes: ['AR_MOJ_RePET_E', 'AR_MOJ_RePET_P', 'AR_NIS_CPL', 'BD_POLICE_WANTED', 'BN_BDCB_AL', 'CA_GC_NRO', 'CA_SPEC_MEAS_ESV', 'CA_SPEC_MEAS_GUATEMALA', 'CA_SPEC_MEAS_HAMAS_TA', 'CA_SPEC_MEAS_MOLDOVA']…
2026-06-07 06:22:33,847  INFO      STEP 3: Writing new hashes to Excel …
2026-06-07 06:22:33,855  INFO      Write plan: total=175  updated=0  unchanged=3  null=172  changed=0
2026-06-07 06:22:33,907  INFO      Audit Log sheet updated (row 26).
2026-06-07 06:22:33,907  INFO      STEP 4: Saving workbook …
2026-06-07 06:22:33,923  INFO      Workbook saved: RPS_Updates.xlsx
2026-06-07 06:22:33,923  INFO      Change report: no changed rows — report not generated.
2026-06-07 06:22:33,923  INFO      Change report: no changes detected — no report generated.
2026-06-07 06:22:33,923  INFO      STEP 6: Change comparison summary
2026-06-07 06:22:33,923  INFO        Total RPS records  : 175
2026-06-07 06:22:33,923  INFO        Hashes updated     : 0
2026-06-07 06:22:33,923  INFO        Hashes unchanged   : 3
2026-06-07 06:22:33,923  INFO        Null/failed hashes : 172
2026-06-07 06:22:33,923  INFO        Changed RPS lists  : 0
2026-06-07 06:22:33,923  INFO      ======================================================================
2026-06-07 06:22:33,923  INFO      Run complete.  0 updates, 0 changes detected.
2026-06-07 06:22:33,923  INFO      ======================================================================
