2026-06-01 12:58:00,881  INFO      Log file: logs/hash_manager_20260601_125800.log
2026-06-01 12:58:00,882  INFO      ======================================================================
2026-06-01 12:58:00,882  INFO      RPS Hash Manager  —  run started at 2026-06-01 12:58:00
2026-06-01 12:58:00,882  INFO      Target file : RPS_Updates.xlsx
2026-06-01 12:58:00,882  INFO      Workers     : 20
2026-06-01 12:58:00,882  INFO      Dry-run     : False
2026-06-01 12:58:00,882  INFO      ======================================================================
2026-06-01 12:58:00,882  DEBUG     File-lock check passed.
2026-06-01 12:58:00,882  INFO      Backup created: backups/RPS_Updates_backup_20260601_125800.xlsx
2026-06-01 12:58:00,893  INFO      Loaded workbook — sheet 'Sheet1', 175 data rows.
2026-06-01 12:58:00,893  INFO      Schema OK — columns: {'RPS List': 1, 'Old Hash Value': 2, 'New hash Value': 3}
2026-06-01 12:58:00,893  INFO      Found 175 RPS list entries.
2026-06-01 12:58:00,893  INFO      STEP 1: Shifting New Hash Value → Old Hash Value …
2026-06-01 12:58:00,893  INFO      Shifted 70 'New Hash Value' entries → 'Old Hash Value'.
2026-06-01 12:58:00,893  INFO      STEP 2: Running scrapers in parallel …
2026-06-01 12:58:02,524  WARNING   No scraper found for 'INTERPOL_UN_Notices_Entities' — will record null hash.
2026-06-01 12:58:02,524  WARNING   No scraper found for 'INTERPOL_UN_Notices_Individuals' — will record null hash.
2026-06-01 12:58:02,524  WARNING   No scraper found for 'KG_FIU_SANCTIONS_ENTITIES' — will record null hash.
2026-06-01 12:58:02,524  WARNING   No scraper found for 'KG_FIU_SANCTIONS_INDIVIDUALS' — will record null hash.
2026-06-01 12:58:02,524  WARNING   No scraper found for 'PRM_AR_DHS_EP' — will record null hash.
2026-06-01 12:58:02,524  WARNING   No scraper found for 'PRM_FL_DMS_CVL' — will record null hash.
2026-06-01 12:58:02,524  WARNING   No scraper found for 'US_DDTC_POA' — will record null hash.
2026-06-01 12:58:02,524  WARNING   No scraper found for 'US_NCDST_IFD_LIST' — will record null hash.
2026-06-01 12:58:02,524  WARNING   No scraper found for 'US_RFJ_WT' — will record null hash.
2026-06-01 12:58:02,524  WARNING   No scraper found for 'ZA_FIC_TFS' — will record null hash.
2026-06-01 12:58:02,524  INFO      Running 165 scrapers with 20 workers …
2026-06-01 12:58:22,220  WARNING     ✘  CA_GC_NRO                                           Message: no such element: Unable to locate element: {"method":"xpath","selector"
2026-06-01 12:58:24,738  WARNING     ✘  CI_ADB_DEBARRED_ENTITIES                            Message: no such element: Unable to locate element: {"method":"xpath","selector"
2026-06-01 12:58:26,768  INFO        ✔  BN_BDCB_AL                                          hash=None
2026-06-01 12:58:27,665  INFO        ✔  CH_UN_COTE_DIVOIRE_1572                             hash=None
2026-06-01 12:58:28,833  INFO        ✔  DK_DIS_ENTRY_BAN                                    hash=None
2026-06-01 12:58:29,011  INFO        ✔  DK_IS_PROHIBITED_ENTITIES                           hash=None
2026-06-01 12:58:29,246  INFO        ✔  DK_IS_PROHIBITED_PERSONS                            hash=None
2026-06-01 12:58:29,561  INFO        ✔  CA_SPEC_MEAS_SRILANKA                               hash=None
2026-06-01 12:58:29,832  INFO        ✔  CA_SPEC_MEAS_ESV                                    hash=None
2026-06-01 12:58:30,303  INFO        ✔  DOC_BIS_RL                                          hash=None
2026-06-01 12:58:30,804  INFO        ✔  CA_SPEC_MEAS_HAMAS_TA                               hash=None
2026-06-01 12:58:31,327  INFO        ✔  CA_SPEC_MEAS_GUATEMALA                              hash=None
2026-06-01 12:58:31,708  INFO        ✔  CA_SPEC_MEAS_MOLDOVA                                hash=None
2026-06-01 12:58:31,727  INFO        ✔  CA_SPEC_MEAS_SUDAN                                  hash=None
2026-06-01 12:58:33,525  INFO        ✔  CT_DOL_DL                                           hash=None
2026-06-01 12:58:35,189  INFO        ✔  AR_NIS_CPL                                          hash=None
2026-06-01 12:58:35,469  WARNING     ✘  DOS_CRL                                             Message: no such element: Unable to locate element: {"method":"xpath","selector"
2026-06-01 12:58:37,647  INFO        ✔  CT_DSS_AAL                                          hash=None
2026-06-01 12:58:41,467  WARNING     ✘  EU_EBRD_INELIGIBLE_ENTITIES                         Message: unknown error: net::ERR_CONNECTION_RESET
  (Session info: chrome=148.0.
2026-06-01 12:58:42,605  WARNING     ✘  DOS_TEL                                             Message: no such element: Unable to locate element: {"method":"xpath","selector"
2026-06-01 12:58:43,419  WARNING     ✘  ES_NPC_TERRORISTS                                   Message: no such element: Unable to locate element: {"method":"xpath","selector"
2026-06-01 12:58:47,843  INFO        ✔  EE_MFA_HR                                           hash=d8f3558dd1ac550c39aa10e9be6893687468f705c175768e30209db3c85a4c53
2026-06-01 12:58:49,630  INFO        ✔  DOS_ADP                                             hash=None
2026-06-01 12:58:49,734  INFO        ✔  BD_POLICE_WANTED                                    hash=None
2026-06-01 12:58:49,919  INFO        ✔  EE_MFA_RUSSIA                                       hash=af0ba49273abf20fc9ad6a958c30545abe715f6dc086c82b8f42f8ffc293693a
2026-06-01 12:58:50,369  INFO        ✔  EE_FSA_IA                                           hash=218699a04a01aab623a77dade4c954dfdf5f161c226000f1f66f12104d70ddfb
2026-06-01 12:58:51,228  INFO        ✔  EE_MFA_BELARUS                                      hash=8f5304ae2f1524f86cd781e21057001c1e3be04eda31d4469e88d0453e93c4b9
2026-06-01 12:58:51,670  WARNING     ✘  FBI_LAW_ENFORCEMENT                                 Message: no such element: Unable to locate element: {"method":"xpath","selector"
2026-06-01 12:58:53,444  INFO        ✔  ES_BOS_SANCTIONS                                    hash=e89f3f0ef4c85b90f58f5699acd19a0b412df4204c446142abe65d3e72d8792e
2026-06-01 12:58:53,544  WARNING     ✘  FBI_MWT                                             Message: no such element: Unable to locate element: {"method":"xpath","selector"
2026-06-01 12:58:55,037  WARNING     ✘  EU_EC_EDES                                          Message: no such element: Unable to locate element: {"method":"xpath","selector"
2026-06-01 12:58:56,286  INFO        ✔  EU_ECB_SANCTIONS                                    hash=e4fd0143e2c774595c60b307396849dcd3b6d001cc3dbdc82ba7c3557f9aa3e0
2026-06-01 12:58:56,376  WARNING     ✘  FBI_SI                                              Message: no such element: Unable to locate element: {"method":"xpath","selector"
2026-06-01 12:58:57,676  WARNING     ✘  GB_FCA_UCB                                          Message: no such element: Unable to locate element: {"method":"xpath","selector"
2026-06-01 12:58:58,624  INFO        ✔  AR_MOJ_RePET_E                                      hash=None
2026-06-01 12:58:59,474  WARNING     ✘  FBI_TOP_10                                          Message: no such element: Unable to locate element: {"method":"xpath","selector"
2026-06-01 12:59:04,771  WARNING     ✘  EU_EUROPOL_MWF                                      Message: no such element: Unable to locate element: {"method":"xpath","selector"
2026-06-01 12:59:08,131  INFO        ✔  DOS_SDP                                             hash=e8809bef06e7b2733e46f1d7ab56c848be1d7dbd6d7af0808004ffca15481f31
2026-06-01 12:59:09,381  INFO        ✔  EU_EIB_LOE                                          hash=fc1c7d780c98b18ff17a0109a346316342ad815013763d1bd245c37b08b5c02b
2026-06-01 12:59:09,618  WARNING     ✘  IL_MOF_WMD                                          Message: no such element: Unable to locate element: {"method":"xpath","selector"
2026-06-01 12:59:10,214  WARNING     ✘  IM_FSA_ENFORCEMENT                                  Message: no such element: Unable to locate element: {"method":"xpath","selector"
2026-06-01 12:59:11,707  INFO        ✔  IE_CBI_PN                                           hash=None
2026-06-01 12:59:12,295  INFO        ✔  GG_GFSC_DD                                          hash=4aa0007d8931b3893d0f7c946b8120fa5ea848590744cabd2fde3467a5fbc7e1
2026-06-01 12:59:13,706  WARNING     ✘  IM_FSA_DD                                           Message: no such element: Unable to locate element: {"method":"xpath","selector"
2026-06-01 12:59:13,880  INFO        ✔  GB_OFSI_TR_MP                                       hash=727002db8d4a852527360740f82788109fe7990d5fa865436f209de32dcc55e7
2026-06-01 12:59:14,000  WARNING     ✘  IN_SEBI_DEBARRED_ENTITIES                           Message: no such element: Unable to locate element: {"method":"xpath","selector"
2026-06-01 12:59:16,912  WARNING     ✘  IN_UNLAWFUL_ASSOCIATION                             Message: no such element: Unable to locate element: {"method":"xpath","selector"
2026-06-01 12:59:20,896  INFO        ✔  IL_MOJ_TERR_ORG                                     hash=None
2026-06-01 12:59:21,440  INFO        ✔  GE_MOJ_OTKHOZORIA_TATUNASHVILI_LIST                 hash=9ae7d6ec85e9dc4953355a9e61bd3d799eac5b91115e1e13c8383d17e25046b1
2026-06-01 12:59:22,863  WARNING     ✘  IN_BANNED_ORG                                       Message: no such element: Unable to locate element: {"method":"xpath","selector"
2026-06-01 12:59:23,209  INFO        ✔  HK_ICAC_WL                                          hash=c1adf73082a14d642ad9d2f6151af5efab3d3d6531a018b71f3e5c60dfe8d75f
2026-06-01 12:59:31,271  WARNING     ✘  HU_MNB_MSW                                          Message: 
Stacktrace:
#0 0x55fd604c016a <unknown>
#1 0x55fd5febd6b9 <unknown>
#2
2026-06-01 12:59:32,061  INFO        ✔  IL_IIPB_PIL                                         hash=334adc9bfc7a3169bfb68adab22e292eabb343df6b26689e0a83eb626575f0f4
2026-06-01 12:59:39,606  INFO        ✔  LV_FIU_SANCTIONED_SUBJECTS                          hash=7dae12401bb47769506966ad734f2330840383de6cb3853bd22cb145afcbe42c
2026-06-01 12:59:40,568  INFO        ✔  LB_ISF_NTFL                                         hash=e9dcf5df0a9cdafc102ba5cd0bc59d21fd8f4f306cc23a906e3f5d0e6d94ae5e
2026-06-01 12:59:40,951  INFO        ✔  AR_MOJ_RePET_P                                      hash=None
2026-06-01 12:59:44,314  INFO        ✔  KE_FRC_DTFS                                         hash=None
2026-06-01 12:59:44,772  INFO        ✔  MC_BT_NAFL                                          hash=None
2026-06-01 12:59:44,944  INFO        ✔  MY_BNM_WARNING_LETTERS                              hash=78f4d0658968d9676c029dba90d3b95426f1e07ccf85a59586fabaad7c90e167
2026-06-01 12:59:48,356  WARNING     ✘  MN_OSP_SDVR                                         Message: no such element: Unable to locate element: {"method":"xpath","selector"
2026-06-01 12:59:48,383  INFO        ✔  KR_MFA_SAKP                                         hash=None
2026-06-01 12:59:50,901  INFO        ✔  MY_BNM_WANTED                                       hash=501f8dae7648ae91a810b9e2387294b2e8fe418312f99ff9b4f0f6caa7ffb7f2
2026-06-01 12:59:51,537  INFO        ✔  MT_MPF_WANTED                                       hash=None
2026-06-01 12:59:52,758  INFO        ✔  OIG_MOST_WANTED                                     hash=791423cc63028135230f287fa0af735437fd8ee36797c8f46e64e1cddd98e0ae
2026-06-01 12:59:54,344  INFO        ✔  NG_NIGSAC_ENTITIES                                  hash=35c866a9bb3c47bb5d4f9332453c133e924f3932f83220aadeb413629f43ac62
2026-06-01 13:00:01,415  WARNING     ✘  NY_OGS_IDA                                          Message: no such element: Unable to locate element: {"method":"xpath","selector"
2026-06-01 13:00:01,846  INFO        ✔  MY_SCM_WANTED                                       hash=fca0e583b4034a443821bda0f8672738cac6e91c078cc019c1969be960766078
2026-06-01 13:00:01,988  INFO        ✔  NG_NIGSAC_INDIVIDUALS                               hash=None
2026-06-01 13:00:02,250  WARNING     ✘  PRM_AL_AMA_SP                                       HTTPSConnectionPool(host='medicaid.alabama.gov', port=443): Max retries exceeded
2026-06-01 13:00:04,012  INFO        ✔  NO_BLACK_LIST                                       hash=3495c2faad0dc9d8a6f151c33ce11f7e60b1666b812ac20d8075e55e8e2ae20c
2026-06-01 13:00:04,636  INFO        ✔  PRM_CA_DIR_DC                                       hash=b4c1f7dca66d325bb6b1ceefcac9963e43fdd153dbf20e7318fe1eced1e67127
2026-06-01 13:00:05,161  INFO        ✔  PRM_CA_DHCS_SIPL                                    hash=d24bcb920c479fef7e9345323276b8c74e494c8c47c4cb79a6d6209d6790d05d
2026-06-01 13:00:05,202  INFO        ✔  OM_NCTC_LL                                          hash=2ea7462f7ccb5b1cc7bf6c3a8eac5c5c44d4909b2e9404333e9ca330011cf2fe
2026-06-01 13:00:08,652  INFO        ✔  PA_TREAS_SCI                                        hash=2d4327f484c5c1f2080dca40f9492c3fa6bfa0bb542764f35d2a84f55e1c27cd
2026-06-01 13:00:10,649  INFO        ✔  PE_MEF_DISQUALIFIED_SUPPLIERS                       hash=None
2026-06-01 13:00:11,352  INFO        ✔  PRM_AK_DHSS_EPL                                     hash=51b08ef9938bb45ef673804ba89c5e5eea02391599e8736362ae7626dff1ed94
2026-06-01 13:00:12,562  INFO        ✔  PRM_DC_DDS_PSL                                      hash=9d10ee25021a42bf5d64c5056257d78fde267e634a075aaa4b40d812bee48edf
2026-06-01 13:00:13,623  INFO        ✔  PL_MOF_SRM                                          hash=a59b2a097818956c8ba4066f31000f8f97da2c138f3d45430248f8ba09d43af8
2026-06-01 13:00:20,822  INFO        ✔  PRM_GA_DCH_EIE                                      hash=1865579aaf348bc2a9ad587813f7591b73c2c942a86615170b3554670aad14b4
2026-06-01 13:00:21,021  INFO        ✔  MY_MHA_MOHA_LIST                                    hash=d8f34f8159cd03ad5427029f244e099e16fc9360c9ac8ffa2c5dbead3b47159e
2026-06-01 13:00:21,676  WARNING     ✘  PRM_IA_DHS_MPSL                                     Message: no such element: Unable to locate element: {"method":"xpath","selector"
2026-06-01 13:00:23,039  INFO        ✔  PRM_HI_DHS_PERL                                     hash=8305796017bbaf420b6513131705df553987508840f6d6d3a9c273856bce6a88
2026-06-01 13:00:25,062  INFO        ✔  PRM_IL_DHFS_PSL                                     hash=d518580384830d59c4970219d50dba21d7f0b9f198158f96e429430b3da34738
2026-06-01 13:00:26,358  INFO        ✔  PRM_IN_FSSA_PT                                      hash=6424d492b6c78b72695a4ecdcca3175b8db0a1516d284c2b1daba763c60a9d49
2026-06-01 13:00:28,105  INFO        ✔  PRM_KS_DHE_TPL                                      hash=d962c6659ca32c7acfa6e2e62e88e685b1bf650f0abcf62ff6c16f6940865235
2026-06-01 13:00:29,780  WARNING     ✘  PRM_KY_CHFS_PT                                      Message: no such element: Unable to locate element: {"method":"xpath","selector"
2026-06-01 13:00:31,208  INFO        ✔  PRM_LA_DH_AAL                                       hash=None
2026-06-01 13:00:31,959  INFO        ✔  PRM_LA_DOA_DV                                       hash=f95600dbe4b7515fad7acde4481cc0cce4decf85732e935968f8d2b0f9d293a1
2026-06-01 13:00:34,265  INFO        ✔  PRM_MA_MH_SEMP                                      hash=96d2ce493afbd69c573a79cb0f93dd0691a390de292afbbb55980ef9c912dfdd
2026-06-01 13:00:37,165  WARNING     ✘  ES_WA_CNMV                                          HTTPConnectionPool(host='localhost', port=58449): Read timed out. (read timeout=
2026-06-01 13:00:37,397  INFO        ✔  PRM_MD_BPW_CB                                       hash=66e1bef0bd7b07e2497af494d0c4a293672323135f876763fdf12792132d8a22
2026-06-01 13:00:38,365  INFO        ✔  PRM_MD_MDH_MSPL                                     hash=b4471a9a0184a21afb00ed648b5850b0828fc314f5b4cae05a5baf17dd62ce06
2026-06-01 13:00:45,295  WARNING     ✘  PRM_NH_DHHS_MPESL                                   Message: no such element: Unable to locate element: {"method":"xpath","selector"
2026-06-01 13:00:45,682  INFO        ✔  PRM_MT_DPHHS_TMP                                    hash=dbeac7ceb2efa6046986b3277977fbedd6a46b087b148a31c3917fa47acc50a3
2026-06-01 13:00:45,824  INFO        ✔  PRM_MS_DM_SPL                                       hash=db305a14a585151ef7c215b3f9b378664b2eb4b3e871056308243818a6038dc4
2026-06-01 13:00:46,653  INFO        ✔  PRM_MI_DHHS_SPL                                     hash=None
2026-06-01 13:00:49,214  INFO        ✔  PRM_NC_DA_DV                                        hash=None
2026-06-01 13:00:49,862  INFO        ✔  PRM_ID_DHW_MPEL                                     hash=5b10138af207dad51d825b32199e50cb6a6d5138533b41c17ce98bcb85040325
2026-06-01 13:00:49,900  INFO        ✔  PRM_NC_DHHS_EPL                                     hash=6534abc9a6ec370e98171e10302ac7098e92763d88fc2b73859a865ec21b352a
2026-06-01 13:00:53,678  INFO        ✔  PRM_ND_DHS_MPEL                                     hash=f2a539248a18f0e2c14ce9bf1844814b3d299d0437b34c5bc9389552d7cf921b
2026-06-01 13:00:54,798  WARNING     ✘  PRM_MO_DSS_PS                                       Message: no such element: Unable to locate element: {"method":"xpath","selector"
2026-06-01 13:00:55,394  WARNING     ✘  PRM_NV_OLC_DC                                       Message: no such element: Unable to locate element: {"method":"xpath","selector"
2026-06-01 13:00:59,739  WARNING     ✘  PRM_OH_DM_MPESL                                     Message: no such element: Unable to locate element: {"method":"xpath","selector"
2026-06-01 13:01:01,002  INFO        ✔  PRM_SC_DHHS_EPL                                     hash=None
2026-06-01 13:01:02,046  INFO        ✔  PRM_SC_SFAA_SD                                      hash=None
2026-06-01 13:01:02,078  WARNING     ✘  PRM_TX_HHS_EP                                       `Import xlrd` failed. Install xlrd >= 2.0.1 for xls Excel support Use pip or con
2026-06-01 13:01:02,398  INFO        ✔  PRM_OR_BOLI_IC                                      hash=5c8cbcffef0ccd2817c80bb9756ae5433aaa9c1a221d5f5db2a9f4c8a76b0074
2026-06-01 13:01:04,450  INFO        ✔  PRM_WI_DOT_DSIC                                     hash=3dcb502f532343574ae604f9293110487e36dcb657946afe8b6cf4b8d2676ec3
2026-06-01 13:01:07,751  WARNING     ✘  JP_METI                                             HTTPConnectionPool(host='localhost', port=49429): Read timed out. (read timeout=
2026-06-01 13:01:08,346  INFO        ✔  PRM_NY_DOL_DL                                       hash=6e156cb46055efeb7285838436937b4d8b35d5a4df422d02a1f15e9f411dfd07
2026-06-01 13:01:08,990  INFO        ✔  MY_SCM_IA                                           hash=704036ff26f0814f40d217e04008850bf67888dd39d5b2a064bfabc0288ea17f
2026-06-01 13:01:09,157  INFO        ✔  PRM_PA_DGS_DSL                                      hash=b1ffb6182e3b39e2edae006e55d56d0abbdc953766c90a3d5e0ca5d3e298e569
2026-06-01 13:01:09,957  WARNING     ✘  PRM_TN_OPI_TPL                                      Message: element click intercepted: Element is not clickable at point (510, 454)
2026-06-01 13:01:10,005  WARNING     ✘  JP_UN_CAR_2134                                      HTTPConnectionPool(host='localhost', port=42545): Read timed out. (read timeout=
2026-06-01 13:01:11,031  INFO        ✔  PRM_TX_TC_DVL                                       hash=None
2026-06-01 13:01:12,302  INFO        ✔  PRM_NV_DHHS_MSL                                     hash=781a7266eacf602892461efb2507f70350e765571785afe5f8f0ed43f93f0c81
2026-06-01 13:01:14,065  WARNING     ✘  JP_UN_CONGO                                         HTTPConnectionPool(host='localhost', port=49269): Read timed out. (read timeout=
2026-06-01 13:01:14,480  INFO        ✔  PRM_WA_HCA_PTEL                                     hash=c339d5a4c816c8fe640bb33245ee683bbe1a03ddecbd211cd33b5770b2ff3bee
2026-06-01 13:01:15,303  WARNING     ✘  JP_UN_SANCTIONS_SOMALIA                             HTTPConnectionPool(host='localhost', port=55671): Read timed out. (read timeout=
2026-06-01 13:01:15,624  WARNING     ✘  JP_UN_SANCTIONS_SYRIA                               HTTPConnectionPool(host='localhost', port=32811): Read timed out. (read timeout=
2026-06-01 13:01:15,647  WARNING     ✘  JP_UN_SANCTIONS_IRAN                                HTTPConnectionPool(host='localhost', port=55495): Read timed out. (read timeout=
2026-06-01 13:01:17,650  WARNING     ✘  JP_UN_SANCTIONS                                     HTTPConnectionPool(host='localhost', port=52351): Read timed out. (read timeout=
2026-06-01 13:01:18,033  WARNING     ✘  PRM_WV_WVPD_DV                                      Message: no such element: Unable to locate element: {"method":"xpath","selector"
2026-06-01 13:01:18,325  WARNING     ✘  JP_UN_SS_2206                                       HTTPConnectionPool(host='localhost', port=59369): Read timed out. (read timeout=
2026-06-01 13:01:19,324  INFO        ✔  SECO_SWISS_GUATEMALA                                hash=None
2026-06-01 13:01:19,341  WARNING     ✘  JP_UN_YE_2140                                       HTTPConnectionPool(host='localhost', port=39433): Read timed out. (read timeout=
2026-06-01 13:01:20,377  INFO        ✔  SECO_SWISS_MOLDOVA                                  hash=c32fc899559630a399ab8c58c81bcd18273925656dfeba91aa0b780795c122de
2026-06-01 13:01:21,308  WARNING     ✘  SG_MAS_RUSSIA                                       Message: no such element: Unable to locate element: {"method":"xpath","selector"
2026-06-01 13:01:21,449  INFO        ✔  SECO_SWISS_HAMAS                                    hash=None
2026-06-01 13:01:23,990  INFO        ✔  SG_ACRA_SUSPENSION                                  hash=25b89a575dc4068f1dfec36d7ba1a3d5fe2494aff373a8a56da95394b68e5665
2026-06-01 13:01:27,009  INFO        ✔  PRM_WV_DHHR_PSE                                     hash=None
2026-06-01 13:01:27,303  INFO        ✔  TR_MTF_ARTICLE_6                                    hash=None
2026-06-01 13:01:28,029  INFO        ✔  TR_MTF_ARTICLE_5                                    hash=None
2026-06-01 13:01:28,036  INFO        ✔  PRM_WY_DH_PEL                                       hash=93e0500aba96ec8070238428036e3b086ba000b945defae61b5c4bb9f82f6fe2
2026-06-01 13:01:28,461  INFO        ✔  TR_MTF_ARTICLE_7                                    hash=None
2026-06-01 13:01:31,242  INFO        ✔  SG_SGX_WATCH_LIST                                   hash=1868912449868cc8572bc8ff350dda7706018bb79c95ed9bd84b486e3ff293eb
2026-06-01 13:01:31,337  INFO        ✔  TH_AMLO_SANCTIONS                                   hash=None
2026-06-01 13:01:33,305  WARNING     ✘  UA_SSU_WANTED                                       Message: no such element: Unable to locate element: {"method":"xpath","selector"
2026-06-01 13:01:35,363  INFO        ✔  US_DOT_MOST_WANTED                                  hash=2b4810348de492ff6092b30166f4cdb8f6dddabaedaab77645a2c42f91dd59ae
2026-06-01 13:01:35,738  WARNING     ✘  US_AF_FUGITIVES                                     Message: no such element: Unable to locate element: {"method":"xpath","selector"
2026-06-01 13:01:37,052  INFO        ✔  US_NJL_IDA                                          hash=None
2026-06-01 13:01:38,009  INFO        ✔  TREAS_FINCEN_PMLC                                   hash=None
2026-06-01 13:01:38,084  INFO        ✔  TREAS_FINCEN_ADVISORY                               hash=None
2026-06-01 13:01:38,528  INFO        ✔  TT_FIU_DPRK                                         hash=None
2026-06-01 13:01:38,665  WARNING     ✘  US_DHS_BFV                                          Message: no such element: Unable to locate element: {"method":"xpath","selector"
2026-06-01 13:01:40,219  INFO        ✔  TT_FIU_HAITI                                        hash=7e72be5eebbf0dd65b2188eb92c19cbb6e8156d46ad26daf0d04477c5765a9cd
2026-06-01 13:01:40,980  INFO        ✔  TW_CBI_MW                                           hash=None
2026-06-01 13:01:41,043  INFO        ✔  TW_FSC_EA                                           hash=b1ceda46805367b39634e4c4c7cc43c3220072f4f0ecaf8d1d32c2541725ad05
2026-06-01 13:01:41,719  INFO        ✔  TR_MTF_ARTICLE_3                                    hash=None
2026-06-01 13:01:42,052  WARNING     ✘  US_FD_OCI_MOST_WANTED_FUGITIVES                     Message: no such element: Unable to locate element: {"method":"xpath","selector"
2026-06-01 13:01:42,720  INFO        ✔  US_PDGS_IFP_LIST                                    hash=2748bfdae093fc22c38d7699d0eff0027b36ddf5e474388d9ea5a6e350a445e1
2026-06-01 13:01:44,320  WARNING     ✘  US_FDA_WL                                           Message: no such element: Unable to locate element: {"method":"xpath","selector"
2026-06-01 13:01:46,738  WARNING     ✘  US_FDA_CI                                           Message: no such element: Unable to locate element: {"method":"xpath","selector"
2026-06-01 13:01:49,072  WARNING     ✘  US_SEC_LR                                           Message: no such element: Unable to locate element: {"method":"xpath","selector"
2026-06-01 13:01:49,943  INFO        ✔  US_EPA_FUGITIVES                                    hash=ec2f8e26229154812be2b7017fa9338ad6d18abb8f0b43c37aad614f29f357ca
2026-06-01 13:01:53,573  WARNING     ✘  US_DEA_MOST_WANTED                                  Message: 
Stacktrace:
#0 0x55ddb150b16a <unknown>
#1 0x55ddb0f086b9 <unknown>
#2
2026-06-01 13:01:56,025  INFO        ✔  US_OGT_SCI                                          hash=2c012cb88b5fc23187222d7e521d22331ce2754cfcd703cfcb15f02b74ee4180
2026-06-01 13:01:56,426  INFO        ✔  US_SS_MWF                                           hash=1ba563242d86f569400dc5c8b948ecba34917949c7d7f064a73257fcbb0f61a3
2026-06-01 13:01:56,550  INFO        ✔  ZA_FIC_SANCTIONS                                    hash=None
2026-06-01 13:01:57,680  INFO        ✔  US_CBP_UEL                                          hash=26da235ced9cc83f9bb8e10c17e32985abea89a92308573ce687e82f3f04a8ee
2026-06-01 13:02:02,469  INFO        ✔  ZA_FSCA_EA                                          hash=063521cb0e62665252346b33902ad1274d97d37e288297551c6217fa8bedd5ab
2026-06-01 13:02:33,219  INFO        ✔  NG_EFCC_WANTED_PERSON                               hash=97abe1aac9218570b13169c1395f3ecd2651f8d2efa03e9b0c91b0da8f307afb
2026-06-01 13:02:49,377  INFO        ✔  PRM_NJ_MFD_PER                                      hash=ff757e8d46ef6c3713b4acc711c8702408f3275f666935af2d5db55661733797
2026-06-01 13:08:36,883  INFO        ✔  QA_MOI_SANCTIONS_LIST                               hash=661b722535b10cdf0de28fa5864d8c1c864c1c6f60b7b6c8e98e793ad73aff4e
2026-06-01 13:11:25,066  INFO        ✔  PRM_WA_DOLI_DC                                      hash=None
2026-06-01 13:11:25,069  WARNING   109 tasks returned null/blank hashes: ['AR_MOJ_RePET_E', 'AR_MOJ_RePET_P', 'AR_NIS_CPL', 'BD_POLICE_WANTED', 'BN_BDCB_AL', 'CA_GC_NRO', 'CA_SPEC_MEAS_ESV', 'CA_SPEC_MEAS_GUATEMALA', 'CA_SPEC_MEAS_HAMAS_TA', 'CA_SPEC_MEAS_MOLDOVA']…
2026-06-01 13:11:25,069  INFO      STEP 3: Writing new hashes to Excel …
2026-06-01 13:11:25,076  INFO      Write plan: total=175  updated=45  unchanged=21  null=109  changed=34
2026-06-01 13:11:25,076  INFO      Changed RPS lists: ['DOS_SDP', 'EE_FSA_IA', 'EE_MFA_BELARUS', 'EE_MFA_HR', 'EE_MFA_RUSSIA', 'ES_BOS_SANCTIONS', 'EU_ECB_SANCTIONS', 'GB_OFSI_TR_MP', 'GE_MOJ_OTKHOZORIA_TATUNASHVILI_LIST', 'GG_GFSC_DD', 'HK_ICAC_WL', 'LV_FIU_SANCTIONED_SUBJECTS', 'MY_BNM_WANTED', 'MY_BNM_WARNING_LETTERS', 'MY_MHA_MOHA_LIST', 'MY_SCM_WANTED', 'OIG_MOST_WANTED', 'OM_NCTC_LL', 'PA_TREAS_SCI', 'PRM_AK_DHSS_EPL', 'PRM_CA_DHCS_SIPL', 'PRM_GA_DCH_EIE', 'PRM_HI_DHS_PERL', 'PRM_ID_DHW_MPEL', 'PRM_IN_FSSA_PT', 'PRM_KS_DHE_TPL', 'PRM_MD_BPW_CB', 'PRM_MD_MDH_MSPL', 'PRM_NC_DHHS_EPL', 'PRM_NJ_MFD_PER', 'PRM_WA_HCA_PTEL', 'SG_ACRA_SUSPENSION', 'US_PDGS_IFP_LIST', 'US_SS_MWF']
2026-06-01 13:11:25,127  INFO      Audit Log sheet updated (row 13).
2026-06-01 13:11:25,127  INFO      STEP 4: Saving workbook …
2026-06-01 13:11:25,143  INFO      Workbook saved: RPS_Updates.xlsx
2026-06-01 13:11:25,161  INFO      Change report saved: reports/change_report_20260601_131125.xlsx  (34 changed rows)
2026-06-01 13:11:25,161  INFO      Change report: reports/change_report_20260601_131125.xlsx
2026-06-01 13:11:25,161  INFO      STEP 6: Change comparison summary
2026-06-01 13:11:25,161  INFO        Total RPS records  : 175
2026-06-01 13:11:25,161  INFO        Hashes updated     : 45
2026-06-01 13:11:25,161  INFO        Hashes unchanged   : 21
2026-06-01 13:11:25,161  INFO        Null/failed hashes : 109
2026-06-01 13:11:25,161  INFO        Changed RPS lists  : 34
2026-06-01 13:11:25,161  INFO          ↳ CHANGED: DOS_SDP
2026-06-01 13:11:25,161  INFO          ↳ CHANGED: EE_FSA_IA
2026-06-01 13:11:25,161  INFO          ↳ CHANGED: EE_MFA_BELARUS
2026-06-01 13:11:25,161  INFO          ↳ CHANGED: EE_MFA_HR
2026-06-01 13:11:25,161  INFO          ↳ CHANGED: EE_MFA_RUSSIA
2026-06-01 13:11:25,162  INFO          ↳ CHANGED: ES_BOS_SANCTIONS
2026-06-01 13:11:25,162  INFO          ↳ CHANGED: EU_ECB_SANCTIONS
2026-06-01 13:11:25,162  INFO          ↳ CHANGED: GB_OFSI_TR_MP
2026-06-01 13:11:25,162  INFO          ↳ CHANGED: GE_MOJ_OTKHOZORIA_TATUNASHVILI_LIST
2026-06-01 13:11:25,162  INFO          ↳ CHANGED: GG_GFSC_DD
2026-06-01 13:11:25,162  INFO          ↳ CHANGED: HK_ICAC_WL
2026-06-01 13:11:25,162  INFO          ↳ CHANGED: LV_FIU_SANCTIONED_SUBJECTS
2026-06-01 13:11:25,162  INFO          ↳ CHANGED: MY_BNM_WANTED
2026-06-01 13:11:25,162  INFO          ↳ CHANGED: MY_BNM_WARNING_LETTERS
2026-06-01 13:11:25,162  INFO          ↳ CHANGED: MY_MHA_MOHA_LIST
2026-06-01 13:11:25,162  INFO          ↳ CHANGED: MY_SCM_WANTED
2026-06-01 13:11:25,162  INFO          ↳ CHANGED: OIG_MOST_WANTED
2026-06-01 13:11:25,162  INFO          ↳ CHANGED: OM_NCTC_LL
2026-06-01 13:11:25,162  INFO          ↳ CHANGED: PA_TREAS_SCI
2026-06-01 13:11:25,162  INFO          ↳ CHANGED: PRM_AK_DHSS_EPL
2026-06-01 13:11:25,162  INFO          ↳ CHANGED: PRM_CA_DHCS_SIPL
2026-06-01 13:11:25,162  INFO          ↳ CHANGED: PRM_GA_DCH_EIE
2026-06-01 13:11:25,162  INFO          ↳ CHANGED: PRM_HI_DHS_PERL
2026-06-01 13:11:25,162  INFO          ↳ CHANGED: PRM_ID_DHW_MPEL
2026-06-01 13:11:25,162  INFO          ↳ CHANGED: PRM_IN_FSSA_PT
2026-06-01 13:11:25,162  INFO          ↳ CHANGED: PRM_KS_DHE_TPL
2026-06-01 13:11:25,162  INFO          ↳ CHANGED: PRM_MD_BPW_CB
2026-06-01 13:11:25,162  INFO          ↳ CHANGED: PRM_MD_MDH_MSPL
2026-06-01 13:11:25,162  INFO          ↳ CHANGED: PRM_NC_DHHS_EPL
2026-06-01 13:11:25,162  INFO          ↳ CHANGED: PRM_NJ_MFD_PER
2026-06-01 13:11:25,162  INFO          ↳ CHANGED: PRM_WA_HCA_PTEL
2026-06-01 13:11:25,162  INFO          ↳ CHANGED: SG_ACRA_SUSPENSION
2026-06-01 13:11:25,162  INFO          ↳ CHANGED: US_PDGS_IFP_LIST
2026-06-01 13:11:25,162  INFO          ↳ CHANGED: US_SS_MWF
2026-06-01 13:11:25,162  INFO      ======================================================================
2026-06-01 13:11:25,162  INFO      Run complete.  45 updates, 34 changes detected.
2026-06-01 13:11:25,162  INFO      ======================================================================
