2026-06-06 05:52:08,970  INFO      Log file: logs/hash_manager_20260606_055208.log
2026-06-06 05:52:08,970  INFO      ======================================================================
2026-06-06 05:52:08,970  INFO      RPS Hash Manager  —  run started at 2026-06-06 05:52:08
2026-06-06 05:52:08,970  INFO      Target file : RPS_Updates.xlsx
2026-06-06 05:52:08,970  INFO      Workers     : 20
2026-06-06 05:52:08,970  INFO      Dry-run     : False
2026-06-06 05:52:08,970  INFO      ======================================================================
2026-06-06 05:52:08,970  DEBUG     File-lock check passed.
2026-06-06 05:52:08,970  INFO      Backup created: backups/RPS_Updates_backup_20260606_055208.xlsx
2026-06-06 05:52:08,983  INFO      Loaded workbook — sheet 'Sheet1', 175 data rows.
2026-06-06 05:52:08,983  INFO      Schema OK — columns: {'RPS List': 1, 'Old Hash Value': 2, 'New hash Value': 3}
2026-06-06 05:52:08,983  INFO      Found 175 RPS list entries.
2026-06-06 05:52:08,983  INFO      STEP 1: Shifting New Hash Value → Old Hash Value …
2026-06-06 05:52:08,983  INFO      Shifted 1 'New Hash Value' entries → 'Old Hash Value'.
2026-06-06 05:52:08,983  INFO      STEP 2: Running scrapers in parallel …
2026-06-06 05:52:10,898  WARNING   No scraper found for 'INTERPOL_UN_Notices_Entities' — will record null hash.
2026-06-06 05:52:10,898  WARNING   No scraper found for 'INTERPOL_UN_Notices_Individuals' — will record null hash.
2026-06-06 05:52:10,898  WARNING   No scraper found for 'KG_FIU_SANCTIONS_ENTITIES' — will record null hash.
2026-06-06 05:52:10,898  WARNING   No scraper found for 'KG_FIU_SANCTIONS_INDIVIDUALS' — will record null hash.
2026-06-06 05:52:10,898  WARNING   No scraper found for 'PRM_AR_DHS_EP' — will record null hash.
2026-06-06 05:52:10,899  WARNING   No scraper found for 'PRM_FL_DMS_CVL' — will record null hash.
2026-06-06 05:52:10,899  WARNING   No scraper found for 'US_DDTC_POA' — will record null hash.
2026-06-06 05:52:10,899  WARNING   No scraper found for 'US_NCDST_IFD_LIST' — will record null hash.
2026-06-06 05:52:10,899  WARNING   No scraper found for 'US_RFJ_WT' — will record null hash.
2026-06-06 05:52:10,899  WARNING   No scraper found for 'ZA_FIC_TFS' — will record null hash.
2026-06-06 05:52:10,899  INFO      Running 165 scrapers with 20 workers …
2026-06-06 05:52:21,676  WARNING     ✘  CA_SPEC_MEAS_HAMAS_TA                               Message: Unable to obtain driver for chrome; For documentation on this error, pl
2026-06-06 05:52:22,198  WARNING     ✘  CA_SPEC_MEAS_ESV                                    Message: Unable to obtain driver for chrome; For documentation on this error, pl
2026-06-06 05:52:22,413  WARNING     ✘  AR_MOJ_RePET_E                                      Message: Unable to obtain driver for chrome; For documentation on this error, pl
2026-06-06 05:52:22,418  WARNING     ✘  DK_IS_PROHIBITED_ENTITIES                           Message: Unable to obtain driver for chrome; For documentation on this error, pl
2026-06-06 05:52:22,421  WARNING     ✘  CA_GC_NRO                                           Message: Unable to obtain driver for chrome; For documentation on this error, pl
2026-06-06 05:52:22,485  WARNING     ✘  CA_SPEC_MEAS_GUATEMALA                              Message: Unable to obtain driver for chrome; For documentation on this error, pl
2026-06-06 05:52:22,488  WARNING     ✘  CI_ADB_DEBARRED_ENTITIES                            Message: Unable to obtain driver for chrome; For documentation on this error, pl
2026-06-06 05:52:22,504  WARNING     ✘  BD_POLICE_WANTED                                    Message: Unable to obtain driver for chrome; For documentation on this error, pl
2026-06-06 05:52:22,510  WARNING     ✘  DK_IS_PROHIBITED_PERSONS                            Message: Unable to obtain driver for chrome; For documentation on this error, pl
2026-06-06 05:52:22,518  WARNING     ✘  CH_UN_COTE_DIVOIRE_1572                             Message: Unable to obtain driver for chrome; For documentation on this error, pl
2026-06-06 05:52:22,522  WARNING     ✘  AR_NIS_CPL                                          Message: Unable to obtain driver for chrome; For documentation on this error, pl
2026-06-06 05:52:22,523  WARNING     ✘  BN_BDCB_AL                                          Message: Unable to obtain driver for chrome; For documentation on this error, pl
2026-06-06 05:52:22,528  WARNING     ✘  CT_DSS_AAL                                          Message: Unable to obtain driver for chrome; For documentation on this error, pl
2026-06-06 05:52:22,542  WARNING     ✘  DK_DIS_ENTRY_BAN                                    Message: Unable to obtain driver for chrome; For documentation on this error, pl
2026-06-06 05:52:22,547  WARNING     ✘  AR_MOJ_RePET_P                                      Message: Unable to obtain driver for chrome; For documentation on this error, pl
2026-06-06 05:52:22,571  WARNING     ✘  CA_SPEC_MEAS_SRILANKA                               Message: Unable to obtain driver for chrome; For documentation on this error, pl
2026-06-06 05:52:22,576  WARNING     ✘  CT_DOL_DL                                           Message: Unable to obtain driver for chrome; For documentation on this error, pl
2026-06-06 05:52:22,580  WARNING     ✘  CA_SPEC_MEAS_SUDAN                                  Message: Unable to obtain driver for chrome; For documentation on this error, pl
2026-06-06 05:52:22,595  WARNING     ✘  DOC_BIS_RL                                          Message: Unable to obtain driver for chrome; For documentation on this error, pl
2026-06-06 05:52:22,620  WARNING     ✘  CA_SPEC_MEAS_MOLDOVA                                Message: Unable to obtain driver for chrome; For documentation on this error, pl
2026-06-06 05:52:31,766  WARNING     ✘  DOS_ADP                                             Message: Unable to obtain driver for chrome; For documentation on this error, pl
2026-06-06 05:52:32,954  WARNING     ✘  DOS_CRL                                             Message: Unable to obtain driver for chrome; For documentation on this error, pl
2026-06-06 05:52:33,168  WARNING     ✘  EE_FSA_IA                                           Message: Unable to obtain driver for chrome; For documentation on this error, pl
2026-06-06 05:52:33,201  WARNING     ✘  DOS_SDP                                             Message: Unable to obtain driver for chrome; For documentation on this error, pl
2026-06-06 05:52:33,232  WARNING     ✘  DOS_TEL                                             Message: Unable to obtain driver for chrome; For documentation on this error, pl
2026-06-06 05:52:33,763  WARNING     ✘  ES_NPC_TERRORISTS                                   Message: Unable to obtain driver for chrome; For documentation on this error, pl
2026-06-06 05:52:33,822  WARNING     ✘  ES_WA_CNMV                                          Message: Unable to obtain driver for chrome; For documentation on this error, pl
2026-06-06 05:52:33,831  WARNING     ✘  EE_MFA_HR                                           Message: Unable to obtain driver for chrome; For documentation on this error, pl
2026-06-06 05:52:33,837  WARNING     ✘  EE_MFA_BELARUS                                      Message: Unable to obtain driver for chrome; For documentation on this error, pl
2026-06-06 05:52:33,896  WARNING     ✘  ES_BOS_SANCTIONS                                    Message: Unable to obtain driver for chrome; For documentation on this error, pl
2026-06-06 05:52:33,906  WARNING     ✘  FBI_SI                                              Message: Unable to obtain driver for chrome; For documentation on this error, pl
2026-06-06 05:52:33,909  WARNING     ✘  EU_EUROPOL_MWF                                      Message: Unable to obtain driver for chrome; For documentation on this error, pl
2026-06-06 05:52:33,923  WARNING     ✘  EU_EBRD_INELIGIBLE_ENTITIES                         Message: Unable to obtain driver for chrome; For documentation on this error, pl
2026-06-06 05:52:33,927  WARNING     ✘  EU_EC_EDES                                          Message: Unable to obtain driver for chrome; For documentation on this error, pl
2026-06-06 05:52:33,930  WARNING     ✘  FBI_MWT                                             Message: Unable to obtain driver for chrome; For documentation on this error, pl
2026-06-06 05:52:33,931  WARNING     ✘  EE_MFA_RUSSIA                                       Message: Unable to obtain driver for chrome; For documentation on this error, pl
2026-06-06 05:52:33,935  WARNING     ✘  FBI_LAW_ENFORCEMENT                                 Message: Unable to obtain driver for chrome; For documentation on this error, pl
2026-06-06 05:52:33,939  WARNING     ✘  EU_EIB_LOE                                          Message: Unable to obtain driver for chrome; For documentation on this error, pl
2026-06-06 05:52:33,951  WARNING     ✘  FBI_TOP_10                                          Message: Unable to obtain driver for chrome; For documentation on this error, pl
2026-06-06 05:52:33,969  WARNING     ✘  EU_ECB_SANCTIONS                                    Message: Unable to obtain driver for chrome; For documentation on this error, pl
2026-06-06 05:52:41,789  WARNING     ✘  GB_FCA_UCB                                          Message: Unable to obtain driver for chrome; For documentation on this error, pl
2026-06-06 05:52:42,978  WARNING     ✘  GB_OFSI_TR_MP                                       Message: Unable to obtain driver for chrome; For documentation on this error, pl
2026-06-06 05:52:43,191  WARNING     ✘  GE_MOJ_OTKHOZORIA_TATUNASHVILI_LIST                 Message: Unable to obtain driver for chrome; For documentation on this error, pl
2026-06-06 05:52:43,224  WARNING     ✘  GG_GFSC_DD                                          Message: Unable to obtain driver for chrome; For documentation on this error, pl
2026-06-06 05:52:43,480  WARNING     ✘  HK_ICAC_WL                                          Message: Unable to obtain driver for chrome; For documentation on this error, pl
2026-06-06 05:52:44,389  WARNING     ✘  HU_MNB_MSW                                          Message: Unable to obtain driver for chrome; For documentation on this error, pl
2026-06-06 05:52:44,432  WARNING     ✘  IL_IIPB_PIL                                         Message: Unable to obtain driver for chrome; For documentation on this error, pl
2026-06-06 05:52:44,504  WARNING     ✘  IL_MOF_WMD                                          Message: Unable to obtain driver for chrome; For documentation on this error, pl
2026-06-06 05:52:44,628  WARNING     ✘  IE_CBI_PN                                           Message: Unable to obtain driver for chrome; For documentation on this error, pl
2026-06-06 05:52:45,029  WARNING     ✘  IM_FSA_ENFORCEMENT                                  Message: Unable to obtain driver for chrome; For documentation on this error, pl
2026-06-06 05:52:45,037  WARNING     ✘  IN_BANNED_ORG                                       Message: Unable to obtain driver for chrome; For documentation on this error, pl
2026-06-06 05:52:45,041  WARNING     ✘  IM_FSA_DD                                           Message: Unable to obtain driver for chrome; For documentation on this error, pl
2026-06-06 05:52:45,047  WARNING     ✘  IN_SEBI_DEBARRED_ENTITIES                           Message: Unable to obtain driver for chrome; For documentation on this error, pl
2026-06-06 05:52:45,063  WARNING     ✘  JP_UN_CAR_2134                                      Message: Unable to obtain driver for chrome; For documentation on this error, pl
2026-06-06 05:52:45,076  WARNING     ✘  JP_UN_SANCTIONS_SOMALIA                             Message: Unable to obtain driver for chrome; For documentation on this error, pl
2026-06-06 05:52:45,081  WARNING     ✘  JP_UN_CONGO                                         Message: Unable to obtain driver for chrome; For documentation on this error, pl
2026-06-06 05:52:45,088  WARNING     ✘  JP_METI                                             Message: Unable to obtain driver for chrome; For documentation on this error, pl
2026-06-06 05:52:45,094  WARNING     ✘  IL_MOJ_TERR_ORG                                     Message: Unable to obtain driver for chrome; For documentation on this error, pl
2026-06-06 05:52:45,097  WARNING     ✘  JP_UN_SANCTIONS_IRAN                                Message: Unable to obtain driver for chrome; For documentation on this error, pl
2026-06-06 05:52:45,111  WARNING     ✘  IN_UNLAWFUL_ASSOCIATION                             Message: Unable to obtain driver for chrome; For documentation on this error, pl
2026-06-06 05:52:51,813  WARNING     ✘  JP_UN_SANCTIONS_SYRIA                               Message: Unable to obtain driver for chrome; For documentation on this error, pl
2026-06-06 05:52:53,002  WARNING     ✘  JP_UN_SANCTIONS                                     Message: Unable to obtain driver for chrome; For documentation on this error, pl
2026-06-06 05:52:53,214  WARNING     ✘  JP_UN_SS_2206                                       Message: Unable to obtain driver for chrome; For documentation on this error, pl
2026-06-06 05:52:53,246  WARNING     ✘  JP_UN_YE_2140                                       Message: Unable to obtain driver for chrome; For documentation on this error, pl
2026-06-06 05:52:53,503  WARNING     ✘  KE_FRC_DTFS                                         Message: Unable to obtain driver for chrome; For documentation on this error, pl
2026-06-06 05:52:54,016  INFO        ✔  OIG_MOST_WANTED                                     hash=2ea7462f7ccb5b1cc7bf6c3a8eac5c5c44d4909b2e9404333e9ca330011cf2fe
2026-06-06 05:52:54,412  WARNING     ✘  KR_MFA_SAKP                                         Message: Unable to obtain driver for chrome; For documentation on this error, pl
2026-06-06 05:52:54,454  WARNING     ✘  LB_ISF_NTFL                                         Message: Unable to obtain driver for chrome; For documentation on this error, pl
2026-06-06 05:52:55,140  INFO        ✔  PRM_AK_DHSS_EPL                                     hash=None
2026-06-06 05:52:55,151  WARNING     ✘  LV_FIU_SANCTIONED_SUBJECTS                          Message: Unable to obtain driver for chrome; For documentation on this error, pl
2026-06-06 05:52:55,177  WARNING     ✘  MC_BT_NAFL                                          Message: Unable to obtain driver for chrome; For documentation on this error, pl
2026-06-06 05:52:55,486  INFO        ✔  PRM_CA_DIR_DC                                       hash=None
2026-06-06 05:52:55,707  WARNING     ✘  MT_MPF_WANTED                                       Message: Unable to obtain driver for chrome; For documentation on this error, pl
2026-06-06 05:52:55,890  WARNING     ✘  NG_NIGSAC_ENTITIES                                  Message: Unable to obtain driver for chrome; For documentation on this error, pl
2026-06-06 05:52:55,930  WARNING     ✘  MN_OSP_SDVR                                         Message: Unable to obtain driver for chrome; For documentation on this error, pl
2026-06-06 05:52:55,994  WARNING     ✘  MY_SCM_IA                                           Message: Unable to obtain driver for chrome; For documentation on this error, pl
2026-06-06 05:52:55,998  WARNING     ✘  NG_NIGSAC_INDIVIDUALS                               Message: Unable to obtain driver for chrome; For documentation on this error, pl
2026-06-06 05:52:56,041  WARNING     ✘  MY_BNM_WARNING_LETTERS                              Message: Unable to obtain driver for chrome; For documentation on this error, pl
2026-06-06 05:52:56,096  WARNING     ✘  MY_SCM_WANTED                                       Message: Unable to obtain driver for chrome; For documentation on this error, pl
2026-06-06 05:52:56,099  WARNING     ✘  MY_BNM_WANTED                                       Message: Unable to obtain driver for chrome; For documentation on this error, pl
2026-06-06 05:52:56,114  WARNING     ✘  NO_BLACK_LIST                                       Message: Unable to obtain driver for chrome; For documentation on this error, pl
2026-06-06 05:52:56,137  WARNING     ✘  MY_MHA_MOHA_LIST                                    Message: Unable to obtain driver for chrome; For documentation on this error, pl
2026-06-06 05:52:56,150  WARNING     ✘  NG_EFCC_WANTED_PERSON                               Message: Unable to obtain driver for chrome; For documentation on this error, pl
2026-06-06 05:52:56,910  INFO        ✔  PRM_CA_DHCS_SIPL                                    hash=None
2026-06-06 05:52:58,050  INFO        ✔  PRM_DC_DDS_PSL                                      hash=b4c1f7dca66d325bb6b1ceefcac9963e43fdd153dbf20e7318fe1eced1e67127
2026-06-06 05:53:01,836  WARNING     ✘  NY_OGS_IDA                                          Message: Unable to obtain driver for chrome; For documentation on this error, pl
2026-06-06 05:53:03,237  WARNING     ✘  OM_NCTC_LL                                          Message: Unable to obtain driver for chrome; For documentation on this error, pl
2026-06-06 05:53:03,269  WARNING     ✘  PA_TREAS_SCI                                        Message: Unable to obtain driver for chrome; For documentation on this error, pl
2026-06-06 05:53:03,526  WARNING     ✘  PE_MEF_DISQUALIFIED_SUPPLIERS                       Message: Unable to obtain driver for chrome; For documentation on this error, pl
2026-06-06 05:53:04,039  WARNING     ✘  PL_MOF_SRM                                          Message: Unable to obtain driver for chrome; For documentation on this error, pl
2026-06-06 05:53:04,629  WARNING     ✘  PRM_AL_AMA_SP                                       HTTPSConnectionPool(host='medicaid.alabama.gov', port=443): Max retries exceeded
2026-06-06 05:53:05,608  WARNING     ✘  PRM_GA_DCH_EIE                                      Message: Unable to obtain driver for chrome; For documentation on this error, pl
2026-06-06 05:53:06,271  WARNING     ✘  PRM_HI_DHS_PERL                                     Message: Unable to obtain driver for chrome; For documentation on this error, pl
2026-06-06 05:53:06,382  WARNING     ✘  PRM_IA_DHS_MPSL                                     Message: Unable to obtain driver for chrome; For documentation on this error, pl
2026-06-06 05:53:06,413  WARNING     ✘  PRM_ID_DHW_MPEL                                     Message: Unable to obtain driver for chrome; For documentation on this error, pl
2026-06-06 05:53:06,469  WARNING     ✘  PRM_IN_FSSA_PT                                      Message: Unable to obtain driver for chrome; For documentation on this error, pl
2026-06-06 05:53:06,500  WARNING     ✘  PRM_IL_DHFS_PSL                                     Message: Unable to obtain driver for chrome; For documentation on this error, pl
2026-06-06 05:53:06,830  WARNING     ✘  PRM_KS_DHE_TPL                                      Message: Unable to obtain driver for chrome; For documentation on this error, pl
2026-06-06 05:53:06,851  WARNING     ✘  PRM_KY_CHFS_PT                                      Message: Unable to obtain driver for chrome; For documentation on this error, pl
2026-06-06 05:53:06,854  WARNING     ✘  PRM_LA_DOA_DV                                       Message: Unable to obtain driver for chrome; For documentation on this error, pl
2026-06-06 05:53:06,857  WARNING     ✘  PRM_MA_MH_SEMP                                      Message: Unable to obtain driver for chrome; For documentation on this error, pl
2026-06-06 05:53:06,888  WARNING     ✘  PRM_MD_BPW_CB                                       Message: Unable to obtain driver for chrome; For documentation on this error, pl
2026-06-06 05:53:06,893  WARNING     ✘  PRM_LA_DH_AAL                                       Message: Unable to obtain driver for chrome; For documentation on this error, pl
2026-06-06 05:53:09,196  WARNING     ✘  PRM_MD_MDH_MSPL                                     Message: Unable to obtain driver for chrome; For documentation on this error, pl
2026-06-06 05:53:10,794  WARNING     ✘  PRM_MI_DHHS_SPL                                     Message: Unable to obtain driver for chrome; For documentation on this error, pl
2026-06-06 05:53:14,130  INFO        ✔  PRM_NJ_MFD_PER                                      hash=None
2026-06-06 05:53:14,193  WARNING     ✘  PRM_MO_DSS_PS                                       Message: Unable to obtain driver for chrome; For documentation on this error, pl
2026-06-06 05:53:14,328  WARNING     ✘  PRM_MT_DPHHS_TMP                                    Message: Unable to obtain driver for chrome; For documentation on this error, pl
2026-06-06 05:53:14,336  WARNING     ✘  PRM_MS_DM_SPL                                       Message: Unable to obtain driver for chrome; For documentation on this error, pl
2026-06-06 05:53:14,368  WARNING     ✘  PRM_NC_DA_DV                                        Message: Unable to obtain driver for chrome; For documentation on this error, pl
2026-06-06 05:53:14,393  WARNING     ✘  PRM_NC_DHHS_EPL                                     Message: Unable to obtain driver for chrome; For documentation on this error, pl
2026-06-06 05:53:14,439  INFO        ✔  PRM_WI_DOT_DSIC                                     hash=None
2026-06-06 05:53:14,652  WARNING     ✘  PRM_ND_DHS_MPEL                                     Message: Unable to obtain driver for chrome; For documentation on this error, pl
2026-06-06 05:53:15,632  WARNING     ✘  PRM_NH_DHHS_MPESL                                   Message: Unable to obtain driver for chrome; For documentation on this error, pl
2026-06-06 05:53:16,417  WARNING     ✘  PRM_NV_DHHS_MSL                                     Message: Unable to obtain driver for chrome; For documentation on this error, pl
2026-06-06 05:53:16,443  WARNING     ✘  PRM_NV_OLC_DC                                       Message: Unable to obtain driver for chrome; For documentation on this error, pl
2026-06-06 05:53:16,699  WARNING     ✘  PRM_NY_DOL_DL                                       Message: Unable to obtain driver for chrome; For documentation on this error, pl
2026-06-06 05:53:16,854  WARNING     ✘  PRM_OH_DM_MPESL                                     Message: Unable to obtain driver for chrome; For documentation on this error, pl
2026-06-06 05:53:17,962  WARNING     ✘  PRM_PA_DGS_DSL                                      Message: Unable to obtain driver for chrome; For documentation on this error, pl
2026-06-06 05:53:18,027  WARNING     ✘  PRM_OR_BOLI_IC                                      Message: Unable to obtain driver for chrome; For documentation on this error, pl
2026-06-06 05:53:18,281  WARNING     ✘  PRM_TN_OPI_TPL                                      Message: Unable to obtain driver for chrome; For documentation on this error, pl
2026-06-06 05:53:18,325  WARNING     ✘  PRM_SC_DHHS_EPL                                     Message: Unable to obtain driver for chrome; For documentation on this error, pl
2026-06-06 05:53:18,372  WARNING     ✘  PRM_SC_SFAA_SD                                      Message: Unable to obtain driver for chrome; For documentation on this error, pl
2026-06-06 05:53:19,473  WARNING     ✘  PRM_TX_HHS_EP                                       `Import xlrd` failed. Install xlrd >= 2.0.1 for xls Excel support Use pip or con
2026-06-06 05:53:21,361  WARNING     ✘  PRM_TX_TC_DVL                                       Message: Unable to obtain driver for chrome; For documentation on this error, pl
2026-06-06 05:53:23,585  WARNING     ✘  PRM_WA_DOLI_DC                                      Message: Unable to obtain driver for chrome; For documentation on this error, pl
2026-06-06 05:53:24,396  WARNING     ✘  PRM_WA_HCA_PTEL                                     Message: Unable to obtain driver for chrome; For documentation on this error, pl
2026-06-06 05:53:24,640  WARNING     ✘  PRM_WV_WVPD_DV                                      Message: Unable to obtain driver for chrome; For documentation on this error, pl
2026-06-06 05:53:24,782  WARNING     ✘  PRM_WV_DHHR_PSE                                     Message: Unable to obtain driver for chrome; For documentation on this error, pl
2026-06-06 05:53:24,923  WARNING     ✘  QA_MOI_SANCTIONS_LIST                               Message: Unable to obtain driver for chrome; For documentation on this error, pl
2026-06-06 05:53:24,926  WARNING     ✘  SECO_SWISS_GUATEMALA                                Message: Unable to obtain driver for chrome; For documentation on this error, pl
2026-06-06 05:53:24,932  WARNING     ✘  PRM_WY_DH_PEL                                       Message: Unable to obtain driver for chrome; For documentation on this error, pl
2026-06-06 05:53:24,953  WARNING     ✘  SECO_SWISS_HAMAS                                    Message: Unable to obtain driver for chrome; For documentation on this error, pl
2026-06-06 05:53:25,655  WARNING     ✘  SECO_SWISS_MOLDOVA                                  Message: Unable to obtain driver for chrome; For documentation on this error, pl
2026-06-06 05:53:26,447  WARNING     ✘  SG_ACRA_SUSPENSION                                  Message: Unable to obtain driver for chrome; For documentation on this error, pl
2026-06-06 05:53:26,479  WARNING     ✘  SG_MAS_RUSSIA                                       Message: Unable to obtain driver for chrome; For documentation on this error, pl
2026-06-06 05:53:26,721  WARNING     ✘  SG_SGX_WATCH_LIST                                   Message: Unable to obtain driver for chrome; For documentation on this error, pl
2026-06-06 05:53:26,877  WARNING     ✘  TH_AMLO_SANCTIONS                                   Message: Unable to obtain driver for chrome; For documentation on this error, pl
2026-06-06 05:53:27,986  WARNING     ✘  TR_MTF_ARTICLE_3                                    Message: Unable to obtain driver for chrome; For documentation on this error, pl
2026-06-06 05:53:28,050  WARNING     ✘  TR_MTF_ARTICLE_5                                    Message: Unable to obtain driver for chrome; For documentation on this error, pl
2026-06-06 05:53:28,308  INFO        ✔  US_NJL_IDA                                          hash=None
2026-06-06 05:53:28,319  WARNING     ✘  TR_MTF_ARTICLE_6                                    Message: Unable to obtain driver for chrome; For documentation on this error, pl
2026-06-06 05:53:28,348  WARNING     ✘  TR_MTF_ARTICLE_7                                    Message: Unable to obtain driver for chrome; For documentation on this error, pl
2026-06-06 05:53:28,394  WARNING     ✘  TREAS_FINCEN_ADVISORY                               Message: Unable to obtain driver for chrome; For documentation on this error, pl
2026-06-06 05:53:28,644  INFO        ✔  US_PDGS_IFP_LIST                                    hash=None
2026-06-06 05:53:29,496  WARNING     ✘  TREAS_FINCEN_PMLC                                   Message: Unable to obtain driver for chrome; For documentation on this error, pl
2026-06-06 05:53:29,711  INFO        ✔  US_DOT_MOST_WANTED                                  hash=None
2026-06-06 05:53:31,384  WARNING     ✘  TT_FIU_DPRK                                         Message: Unable to obtain driver for chrome; For documentation on this error, pl
2026-06-06 05:53:33,607  WARNING     ✘  TT_FIU_HAITI                                        Message: Unable to obtain driver for chrome; For documentation on this error, pl
2026-06-06 05:53:34,419  WARNING     ✘  TW_CBI_MW                                           Message: Unable to obtain driver for chrome; For documentation on this error, pl
2026-06-06 05:53:34,943  WARNING     ✘  TW_FSC_EA                                           Message: Unable to obtain driver for chrome; For documentation on this error, pl
2026-06-06 05:53:35,065  WARNING     ✘  UA_SSU_WANTED                                       Message: Unable to obtain driver for chrome; For documentation on this error, pl
2026-06-06 05:53:35,319  WARNING     ✘  US_CBP_UEL                                          Message: Unable to obtain driver for chrome; For documentation on this error, pl
2026-06-06 05:53:35,339  WARNING     ✘  US_AF_FUGITIVES                                     Message: Unable to obtain driver for chrome; For documentation on this error, pl
2026-06-06 05:53:35,342  WARNING     ✘  US_DEA_MOST_WANTED                                  Message: Unable to obtain driver for chrome; For documentation on this error, pl
2026-06-06 05:53:35,342  WARNING     ✘  US_DHS_BFV                                          Message: Unable to obtain driver for chrome; For documentation on this error, pl
2026-06-06 05:53:36,485  WARNING     ✘  US_EPA_FUGITIVES                                    Message: Unable to obtain driver for chrome; For documentation on this error, pl
2026-06-06 05:53:36,501  WARNING     ✘  US_FD_OCI_MOST_WANTED_FUGITIVES                     Message: Unable to obtain driver for chrome; For documentation on this error, pl
2026-06-06 05:53:36,744  WARNING     ✘  US_FDA_CI                                           Message: Unable to obtain driver for chrome; For documentation on this error, pl
2026-06-06 05:53:36,899  WARNING     ✘  US_FDA_WL                                           Message: Unable to obtain driver for chrome; For documentation on this error, pl
2026-06-06 05:53:38,073  WARNING     ✘  US_OGT_SCI                                          Message: Unable to obtain driver for chrome; For documentation on this error, pl
2026-06-06 05:53:38,342  WARNING     ✘  US_SEC_LR                                           Message: Unable to obtain driver for chrome; For documentation on this error, pl
2026-06-06 05:53:38,370  WARNING     ✘  US_SS_MWF                                           Message: Unable to obtain driver for chrome; For documentation on this error, pl
2026-06-06 05:53:38,418  WARNING     ✘  ZA_FIC_SANCTIONS                                    Message: Unable to obtain driver for chrome; For documentation on this error, pl
2026-06-06 05:53:38,666  WARNING     ✘  ZA_FSCA_EA                                          Message: Unable to obtain driver for chrome; For documentation on this error, pl
2026-06-06 05:53:38,668  WARNING   173 tasks returned null/blank hashes: ['AR_MOJ_RePET_E', 'AR_MOJ_RePET_P', 'AR_NIS_CPL', 'BD_POLICE_WANTED', 'BN_BDCB_AL', 'CA_GC_NRO', 'CA_SPEC_MEAS_ESV', 'CA_SPEC_MEAS_GUATEMALA', 'CA_SPEC_MEAS_HAMAS_TA', 'CA_SPEC_MEAS_MOLDOVA']…
2026-06-06 05:53:38,668  INFO      STEP 3: Writing new hashes to Excel …
2026-06-06 05:53:38,676  INFO      Write plan: total=175  updated=1  unchanged=1  null=173  changed=1
2026-06-06 05:53:38,676  INFO      Changed RPS lists: ['PRM_DC_DDS_PSL']
2026-06-06 05:53:38,726  INFO      Audit Log sheet updated (row 25).
2026-06-06 05:53:38,727  INFO      STEP 4: Saving workbook …
2026-06-06 05:53:38,742  INFO      Workbook saved: RPS_Updates.xlsx
2026-06-06 05:53:38,749  INFO      Change report saved: reports/change_report_20260606_055338.xlsx  (1 changed rows)
2026-06-06 05:53:38,749  INFO      Change report: reports/change_report_20260606_055338.xlsx
2026-06-06 05:53:38,749  INFO      STEP 6: Change comparison summary
2026-06-06 05:53:38,750  INFO        Total RPS records  : 175
2026-06-06 05:53:38,750  INFO        Hashes updated     : 1
2026-06-06 05:53:38,750  INFO        Hashes unchanged   : 1
2026-06-06 05:53:38,750  INFO        Null/failed hashes : 173
2026-06-06 05:53:38,750  INFO        Changed RPS lists  : 1
2026-06-06 05:53:38,750  INFO          ↳ CHANGED: PRM_DC_DDS_PSL
2026-06-06 05:53:38,750  INFO      ======================================================================
2026-06-06 05:53:38,750  INFO      Run complete.  1 updates, 1 changes detected.
2026-06-06 05:53:38,750  INFO      ======================================================================
