2026-06-14 06:36:13,724  INFO      Log file: logs/hash_manager_20260614_063613.log
2026-06-14 06:36:13,724  INFO      ======================================================================
2026-06-14 06:36:13,724  INFO      RPS Hash Manager  —  run started at 2026-06-14 06:36:13
2026-06-14 06:36:13,724  INFO      Target file : RPS_Updates.xlsx
2026-06-14 06:36:13,724  INFO      Workers     : 20
2026-06-14 06:36:13,724  INFO      Dry-run     : False
2026-06-14 06:36:13,724  INFO      ======================================================================
2026-06-14 06:36:13,724  DEBUG     File-lock check passed.
2026-06-14 06:36:13,724  INFO      Backup created: backups/RPS_Updates_backup_20260614_063613.xlsx
2026-06-14 06:36:13,736  INFO      Loaded workbook — sheet 'Sheet1', 175 data rows.
2026-06-14 06:36:13,736  INFO      Schema OK — columns: {'RPS List': 1, 'Old Hash Value': 2, 'New hash Value': 3}
2026-06-14 06:36:13,736  INFO      Found 175 RPS list entries.
2026-06-14 06:36:13,737  INFO      STEP 1: Shifting New Hash Value → Old Hash Value …
2026-06-14 06:36:13,737  INFO      Shifted 1 'New Hash Value' entries → 'Old Hash Value'.
2026-06-14 06:36:13,737  INFO      STEP 2: Running scrapers in parallel …
2026-06-14 06:36:15,117  WARNING   No scraper found for 'INTERPOL_UN_Notices_Entities' — will record null hash.
2026-06-14 06:36:15,117  WARNING   No scraper found for 'INTERPOL_UN_Notices_Individuals' — will record null hash.
2026-06-14 06:36:15,117  WARNING   No scraper found for 'KG_FIU_SANCTIONS_ENTITIES' — will record null hash.
2026-06-14 06:36:15,117  WARNING   No scraper found for 'KG_FIU_SANCTIONS_INDIVIDUALS' — will record null hash.
2026-06-14 06:36:15,117  WARNING   No scraper found for 'PRM_AR_DHS_EP' — will record null hash.
2026-06-14 06:36:15,117  WARNING   No scraper found for 'PRM_FL_DMS_CVL' — will record null hash.
2026-06-14 06:36:15,117  WARNING   No scraper found for 'US_DDTC_POA' — will record null hash.
2026-06-14 06:36:15,117  WARNING   No scraper found for 'US_NCDST_IFD_LIST' — will record null hash.
2026-06-14 06:36:15,117  WARNING   No scraper found for 'US_RFJ_WT' — will record null hash.
2026-06-14 06:36:15,117  WARNING   No scraper found for 'ZA_FIC_TFS' — will record null hash.
2026-06-14 06:36:15,117  INFO      Running 165 scrapers with 20 workers …
2026-06-14 06:36:26,146  WARNING     ✘  CA_SPEC_MEAS_ESV                                    Message: Unable to obtain driver for chrome; For documentation on this error, pl
2026-06-14 06:36:26,478  WARNING     ✘  CA_SPEC_MEAS_GUATEMALA                              Message: Unable to obtain driver for chrome; For documentation on this error, pl
2026-06-14 06:36:26,503  WARNING     ✘  DK_IS_PROHIBITED_PERSONS                            Message: Unable to obtain driver for chrome; For documentation on this error, pl
2026-06-14 06:36:26,509  WARNING     ✘  DOC_BIS_RL                                          Message: Unable to obtain driver for chrome; For documentation on this error, pl
2026-06-14 06:36:26,519  WARNING     ✘  AR_MOJ_RePET_E                                      Message: Unable to obtain driver for chrome; For documentation on this error, pl
2026-06-14 06:36:26,528  WARNING     ✘  CH_UN_COTE_DIVOIRE_1572                             Message: Unable to obtain driver for chrome; For documentation on this error, pl
2026-06-14 06:36:26,533  WARNING     ✘  CT_DOL_DL                                           Message: Unable to obtain driver for chrome; For documentation on this error, pl
2026-06-14 06:36:26,538  WARNING     ✘  CI_ADB_DEBARRED_ENTITIES                            Message: Unable to obtain driver for chrome; For documentation on this error, pl
2026-06-14 06:36:26,552  WARNING     ✘  CA_SPEC_MEAS_SRILANKA                               Message: Unable to obtain driver for chrome; For documentation on this error, pl
2026-06-14 06:36:26,554  WARNING     ✘  BN_BDCB_AL                                          Message: Unable to obtain driver for chrome; For documentation on this error, pl
2026-06-14 06:36:26,575  WARNING     ✘  BD_POLICE_WANTED                                    Message: Unable to obtain driver for chrome; For documentation on this error, pl
2026-06-14 06:36:26,577  WARNING     ✘  CA_GC_NRO                                           Message: Unable to obtain driver for chrome; For documentation on this error, pl
2026-06-14 06:36:26,577  WARNING     ✘  CA_SPEC_MEAS_SUDAN                                  Message: Unable to obtain driver for chrome; For documentation on this error, pl
2026-06-14 06:36:26,584  WARNING     ✘  CA_SPEC_MEAS_HAMAS_TA                               Message: Unable to obtain driver for chrome; For documentation on this error, pl
2026-06-14 06:36:26,595  WARNING     ✘  DK_IS_PROHIBITED_ENTITIES                           Message: Unable to obtain driver for chrome; For documentation on this error, pl
2026-06-14 06:36:26,600  WARNING     ✘  CA_SPEC_MEAS_MOLDOVA                                Message: Unable to obtain driver for chrome; For documentation on this error, pl
2026-06-14 06:36:26,608  WARNING     ✘  CT_DSS_AAL                                          Message: Unable to obtain driver for chrome; For documentation on this error, pl
2026-06-14 06:36:26,613  WARNING     ✘  DK_DIS_ENTRY_BAN                                    Message: Unable to obtain driver for chrome; For documentation on this error, pl
2026-06-14 06:36:26,630  WARNING     ✘  AR_NIS_CPL                                          Message: Unable to obtain driver for chrome; For documentation on this error, pl
2026-06-14 06:36:26,651  WARNING     ✘  AR_MOJ_RePET_P                                      Message: Unable to obtain driver for chrome; For documentation on this error, pl
2026-06-14 06:36:36,882  WARNING     ✘  DOS_ADP                                             Message: Unable to obtain driver for chrome; For documentation on this error, pl
2026-06-14 06:36:37,184  WARNING     ✘  DOS_CRL                                             Message: Unable to obtain driver for chrome; For documentation on this error, pl
2026-06-14 06:36:37,216  WARNING     ✘  DOS_SDP                                             Message: Unable to obtain driver for chrome; For documentation on this error, pl
2026-06-14 06:36:37,735  WARNING     ✘  EE_FSA_IA                                           Message: Unable to obtain driver for chrome; For documentation on this error, pl
2026-06-14 06:36:37,773  WARNING     ✘  EE_MFA_BELARUS                                      Message: Unable to obtain driver for chrome; For documentation on this error, pl
2026-06-14 06:36:37,799  WARNING     ✘  EE_MFA_RUSSIA                                       Message: Unable to obtain driver for chrome; For documentation on this error, pl
2026-06-14 06:36:37,822  WARNING     ✘  DOS_TEL                                             Message: Unable to obtain driver for chrome; For documentation on this error, pl
2026-06-14 06:36:37,875  WARNING     ✘  FBI_LAW_ENFORCEMENT                                 Message: Unable to obtain driver for chrome; For documentation on this error, pl
2026-06-14 06:36:37,885  WARNING     ✘  ES_NPC_TERRORISTS                                   Message: Unable to obtain driver for chrome; For documentation on this error, pl
2026-06-14 06:36:37,904  WARNING     ✘  ES_WA_CNMV                                          Message: Unable to obtain driver for chrome; For documentation on this error, pl
2026-06-14 06:36:37,907  WARNING     ✘  EE_MFA_HR                                           Message: Unable to obtain driver for chrome; For documentation on this error, pl
2026-06-14 06:36:37,909  WARNING     ✘  EU_ECB_SANCTIONS                                    Message: Unable to obtain driver for chrome; For documentation on this error, pl
2026-06-14 06:36:37,911  WARNING     ✘  FBI_SI                                              Message: Unable to obtain driver for chrome; For documentation on this error, pl
2026-06-14 06:36:37,913  WARNING     ✘  FBI_TOP_10                                          Message: Unable to obtain driver for chrome; For documentation on this error, pl
2026-06-14 06:36:37,918  WARNING     ✘  EU_EUROPOL_MWF                                      Message: Unable to obtain driver for chrome; For documentation on this error, pl
2026-06-14 06:36:37,920  WARNING     ✘  EU_EBRD_INELIGIBLE_ENTITIES                         Message: Unable to obtain driver for chrome; For documentation on this error, pl
2026-06-14 06:36:37,925  WARNING     ✘  EU_EIB_LOE                                          Message: Unable to obtain driver for chrome; For documentation on this error, pl
2026-06-14 06:36:37,926  WARNING     ✘  FBI_MWT                                             Message: Unable to obtain driver for chrome; For documentation on this error, pl
2026-06-14 06:36:37,935  WARNING     ✘  ES_BOS_SANCTIONS                                    Message: Unable to obtain driver for chrome; For documentation on this error, pl
2026-06-14 06:36:37,959  WARNING     ✘  EU_EC_EDES                                          Message: Unable to obtain driver for chrome; For documentation on this error, pl
2026-06-14 06:36:46,906  WARNING     ✘  GB_FCA_UCB                                          Message: Unable to obtain driver for chrome; For documentation on this error, pl
2026-06-14 06:36:47,208  WARNING     ✘  GB_OFSI_TR_MP                                       Message: Unable to obtain driver for chrome; For documentation on this error, pl
2026-06-14 06:36:47,434  WARNING     ✘  GE_MOJ_OTKHOZORIA_TATUNASHVILI_LIST                 Message: Unable to obtain driver for chrome; For documentation on this error, pl
2026-06-14 06:36:48,444  WARNING     ✘  HK_ICAC_WL                                          Message: Unable to obtain driver for chrome; For documentation on this error, pl
2026-06-14 06:36:48,697  WARNING     ✘  GG_GFSC_DD                                          Message: Unable to obtain driver for chrome; For documentation on this error, pl
2026-06-14 06:36:48,907  WARNING     ✘  HU_MNB_MSW                                          Message: Unable to obtain driver for chrome; For documentation on this error, pl
2026-06-14 06:36:48,938  WARNING     ✘  IE_CBI_PN                                           Message: Unable to obtain driver for chrome; For documentation on this error, pl
2026-06-14 06:36:49,060  WARNING     ✘  IL_MOF_WMD                                          Message: Unable to obtain driver for chrome; For documentation on this error, pl
2026-06-14 06:36:49,086  WARNING     ✘  JP_UN_CONGO                                         Message: Unable to obtain driver for chrome; For documentation on this error, pl
2026-06-14 06:36:49,097  WARNING     ✘  IL_IIPB_PIL                                         Message: Unable to obtain driver for chrome; For documentation on this error, pl
2026-06-14 06:36:49,101  WARNING     ✘  IN_BANNED_ORG                                       Message: Unable to obtain driver for chrome; For documentation on this error, pl
2026-06-14 06:36:49,104  WARNING     ✘  JP_METI                                             Message: Unable to obtain driver for chrome; For documentation on this error, pl
2026-06-14 06:36:49,106  WARNING     ✘  IN_SEBI_DEBARRED_ENTITIES                           Message: Unable to obtain driver for chrome; For documentation on this error, pl
2026-06-14 06:36:49,106  WARNING     ✘  IL_MOJ_TERR_ORG                                     Message: Unable to obtain driver for chrome; For documentation on this error, pl
2026-06-14 06:36:49,111  WARNING     ✘  IM_FSA_DD                                           Message: Unable to obtain driver for chrome; For documentation on this error, pl
2026-06-14 06:36:49,121  WARNING     ✘  JP_UN_SANCTIONS_IRAN                                Message: Unable to obtain driver for chrome; For documentation on this error, pl
2026-06-14 06:36:49,127  WARNING     ✘  IM_FSA_ENFORCEMENT                                  Message: Unable to obtain driver for chrome; For documentation on this error, pl
2026-06-14 06:36:49,145  WARNING     ✘  IN_UNLAWFUL_ASSOCIATION                             Message: Unable to obtain driver for chrome; For documentation on this error, pl
2026-06-14 06:36:49,150  WARNING     ✘  JP_UN_SANCTIONS_SOMALIA                             Message: Unable to obtain driver for chrome; For documentation on this error, pl
2026-06-14 06:36:49,182  WARNING     ✘  JP_UN_CAR_2134                                      Message: Unable to obtain driver for chrome; For documentation on this error, pl
2026-06-14 06:36:56,930  WARNING     ✘  JP_UN_SANCTIONS_SYRIA                               Message: Unable to obtain driver for chrome; For documentation on this error, pl
2026-06-14 06:36:57,232  WARNING     ✘  JP_UN_SANCTIONS                                     Message: Unable to obtain driver for chrome; For documentation on this error, pl
2026-06-14 06:36:57,458  WARNING     ✘  JP_UN_SS_2206                                       Message: Unable to obtain driver for chrome; For documentation on this error, pl
2026-06-14 06:36:58,434  INFO        ✔  OIG_MOST_WANTED                                     hash=ce5320cea37943ae9c38cede17c1bb8490a644937947b34c93961b6a4a552de3
2026-06-14 06:36:58,955  WARNING     ✘  JP_UN_YE_2140                                       Message: Unable to obtain driver for chrome; For documentation on this error, pl
2026-06-14 06:36:59,319  WARNING     ✘  KE_FRC_DTFS                                         Message: Unable to obtain driver for chrome; For documentation on this error, pl
2026-06-14 06:36:59,523  WARNING     ✘  KR_MFA_SAKP                                         Message: Unable to obtain driver for chrome; For documentation on this error, pl
2026-06-14 06:36:59,543  WARNING     ✘  LB_ISF_NTFL                                         Message: Unable to obtain driver for chrome; For documentation on this error, pl
2026-06-14 06:36:59,626  WARNING     ✘  MC_BT_NAFL                                          Message: Unable to obtain driver for chrome; For documentation on this error, pl
2026-06-14 06:36:59,717  WARNING     ✘  LV_FIU_SANCTIONED_SUBJECTS                          Message: Unable to obtain driver for chrome; For documentation on this error, pl
2026-06-14 06:37:00,315  INFO        ✔  PRM_CA_DIR_DC                                       hash=85fc59fc5c4eab0d9f64c8713608aafb05cbe9d69a782410e6a65db0d42feb11
2026-06-14 06:37:00,408  INFO        ✔  PRM_AK_DHSS_EPL                                     hash=None
2026-06-14 06:37:00,545  WARNING     ✘  MY_SCM_WANTED                                       Message: Unable to obtain driver for chrome; For documentation on this error, pl
2026-06-14 06:37:00,715  WARNING     ✘  MT_MPF_WANTED                                       Message: Unable to obtain driver for chrome; For documentation on this error, pl
2026-06-14 06:37:00,720  WARNING     ✘  MN_OSP_SDVR                                         Message: Unable to obtain driver for chrome; For documentation on this error, pl
2026-06-14 06:37:00,733  WARNING     ✘  MY_BNM_WARNING_LETTERS                              Message: Unable to obtain driver for chrome; For documentation on this error, pl
2026-06-14 06:37:00,734  WARNING     ✘  MY_MHA_MOHA_LIST                                    Message: Unable to obtain driver for chrome; For documentation on this error, pl
2026-06-14 06:37:00,738  WARNING     ✘  NG_EFCC_WANTED_PERSON                               Message: Unable to obtain driver for chrome; For documentation on this error, pl
2026-06-14 06:37:00,767  WARNING     ✘  MY_BNM_WANTED                                       Message: Unable to obtain driver for chrome; For documentation on this error, pl
2026-06-14 06:37:00,767  WARNING     ✘  NO_BLACK_LIST                                       Message: Unable to obtain driver for chrome; For documentation on this error, pl
2026-06-14 06:37:00,772  WARNING     ✘  NG_NIGSAC_INDIVIDUALS                               Message: Unable to obtain driver for chrome; For documentation on this error, pl
2026-06-14 06:37:00,783  WARNING     ✘  NG_NIGSAC_ENTITIES                                  Message: Unable to obtain driver for chrome; For documentation on this error, pl
2026-06-14 06:37:00,788  WARNING     ✘  MY_SCM_IA                                           Message: Unable to obtain driver for chrome; For documentation on this error, pl
2026-06-14 06:37:01,422  INFO        ✔  PRM_CA_DHCS_SIPL                                    hash=None
2026-06-14 06:37:02,797  INFO        ✔  PRM_DC_DDS_PSL                                      hash=5b10138af207dad51d825b32199e50cb6a6d5138533b41c17ce98bcb85040325
2026-06-14 06:37:06,954  WARNING     ✘  NY_OGS_IDA                                          Message: Unable to obtain driver for chrome; For documentation on this error, pl
2026-06-14 06:37:07,482  WARNING     ✘  OM_NCTC_LL                                          Message: Unable to obtain driver for chrome; For documentation on this error, pl
2026-06-14 06:37:08,459  WARNING     ✘  PA_TREAS_SCI                                        Message: Unable to obtain driver for chrome; For documentation on this error, pl
2026-06-14 06:37:08,979  WARNING     ✘  PE_MEF_DISQUALIFIED_SUPPLIERS                       Message: Unable to obtain driver for chrome; For documentation on this error, pl
2026-06-14 06:37:09,344  WARNING     ✘  PL_MOF_SRM                                          Message: Unable to obtain driver for chrome; For documentation on this error, pl
2026-06-14 06:37:09,701  WARNING     ✘  PRM_AL_AMA_SP                                       HTTPSConnectionPool(host='medicaid.alabama.gov', port=443): Max retries exceeded
2026-06-14 06:37:11,020  WARNING     ✘  PRM_GA_DCH_EIE                                      Message: Unable to obtain driver for chrome; For documentation on this error, pl
2026-06-14 06:37:11,258  WARNING     ✘  PRM_HI_DHS_PERL                                     Message: Unable to obtain driver for chrome; For documentation on this error, pl
2026-06-14 06:37:11,295  WARNING     ✘  PRM_LA_DOA_DV                                       Message: Unable to obtain driver for chrome; For documentation on this error, pl
2026-06-14 06:37:11,642  WARNING     ✘  PRM_IA_DHS_MPSL                                     Message: Unable to obtain driver for chrome; For documentation on this error, pl
2026-06-14 06:37:11,663  WARNING     ✘  PRM_MA_MH_SEMP                                      Message: Unable to obtain driver for chrome; For documentation on this error, pl
2026-06-14 06:37:11,664  WARNING     ✘  PRM_IL_DHFS_PSL                                     Message: Unable to obtain driver for chrome; For documentation on this error, pl
2026-06-14 06:37:11,668  WARNING     ✘  PRM_ID_DHW_MPEL                                     Message: Unable to obtain driver for chrome; For documentation on this error, pl
2026-06-14 06:37:11,679  WARNING     ✘  PRM_LA_DH_AAL                                       Message: Unable to obtain driver for chrome; For documentation on this error, pl
2026-06-14 06:37:12,871  WARNING     ✘  PRM_KY_CHFS_PT                                      Message: Unable to obtain driver for chrome; For documentation on this error, pl
2026-06-14 06:37:13,544  WARNING     ✘  PRM_KS_DHE_TPL                                      Message: Unable to obtain driver for chrome; For documentation on this error, pl
2026-06-14 06:37:13,717  WARNING     ✘  PRM_MD_BPW_CB                                       Message: Unable to obtain driver for chrome; For documentation on this error, pl
2026-06-14 06:37:13,770  WARNING     ✘  PRM_MD_MDH_MSPL                                     Message: Unable to obtain driver for chrome; For documentation on this error, pl
2026-06-14 06:37:13,912  WARNING     ✘  PRM_IN_FSSA_PT                                      Message: Unable to obtain driver for chrome; For documentation on this error, pl
2026-06-14 06:37:17,388  WARNING     ✘  PRM_MI_DHHS_SPL                                     Message: Unable to obtain driver for chrome; For documentation on this error, pl
2026-06-14 06:37:18,660  INFO        ✔  PRM_NJ_MFD_PER                                      hash=None
2026-06-14 06:37:18,786  WARNING     ✘  PRM_MO_DSS_PS                                       Message: Unable to obtain driver for chrome; For documentation on this error, pl
2026-06-14 06:37:18,805  WARNING     ✘  PRM_MS_DM_SPL                                       Message: Unable to obtain driver for chrome; For documentation on this error, pl
2026-06-14 06:37:18,826  WARNING     ✘  PRM_MT_DPHHS_TMP                                    Message: Unable to obtain driver for chrome; For documentation on this error, pl
2026-06-14 06:37:19,003  WARNING     ✘  PRM_NC_DA_DV                                        Message: Unable to obtain driver for chrome; For documentation on this error, pl
2026-06-14 06:37:19,368  WARNING     ✘  PRM_NC_DHHS_EPL                                     Message: Unable to obtain driver for chrome; For documentation on this error, pl
2026-06-14 06:37:19,726  WARNING     ✘  PRM_ND_DHS_MPEL                                     Message: Unable to obtain driver for chrome; For documentation on this error, pl
2026-06-14 06:37:21,044  WARNING     ✘  PRM_NH_DHHS_MPESL                                   Message: Unable to obtain driver for chrome; For documentation on this error, pl
2026-06-14 06:37:21,509  WARNING     ✘  PRM_NV_DHHS_MSL                                     Message: Unable to obtain driver for chrome; For documentation on this error, pl
2026-06-14 06:37:26,374  WARNING     ✘  PRM_OR_BOLI_IC                                      Message: Unable to obtain driver for chrome; For documentation on this error, pl
2026-06-14 06:37:26,523  WARNING     ✘  PRM_PA_DGS_DSL                                      Message: Unable to obtain driver for chrome; For documentation on this error, pl
2026-06-14 06:37:26,572  WARNING     ✘  PRM_NY_DOL_DL                                       Message: Unable to obtain driver for chrome; For documentation on this error, pl
2026-06-14 06:37:26,583  WARNING     ✘  PRM_NV_OLC_DC                                       Message: Unable to obtain driver for chrome; For documentation on this error, pl
2026-06-14 06:37:26,586  WARNING     ✘  PRM_OH_DM_MPESL                                     Message: Unable to obtain driver for chrome; For documentation on this error, pl
2026-06-14 06:37:27,596  WARNING     ✘  PRM_SC_DHHS_EPL                                     Message: Unable to obtain driver for chrome; For documentation on this error, pl
2026-06-14 06:37:28,040  WARNING     ✘  PRM_SC_SFAA_SD                                      Message: Unable to obtain driver for chrome; For documentation on this error, pl
2026-06-14 06:37:28,279  WARNING     ✘  PRM_TN_OPI_TPL                                      Message: Unable to obtain driver for chrome; For documentation on this error, pl
2026-06-14 06:37:28,387  WARNING     ✘  PRM_TX_TC_DVL                                       Message: Unable to obtain driver for chrome; For documentation on this error, pl
2026-06-14 06:37:28,815  WARNING     ✘  PRM_WA_DOLI_DC                                      Message: Unable to obtain driver for chrome; For documentation on this error, pl
2026-06-14 06:37:28,842  WARNING     ✘  PRM_WA_HCA_PTEL                                     Message: Unable to obtain driver for chrome; For documentation on this error, pl
2026-06-14 06:37:28,898  WARNING     ✘  PRM_WV_DHHR_PSE                                     Message: Unable to obtain driver for chrome; For documentation on this error, pl
2026-06-14 06:37:28,904  WARNING     ✘  PRM_WV_WVPD_DV                                      Message: Unable to obtain driver for chrome; For documentation on this error, pl
2026-06-14 06:37:29,027  WARNING     ✘  PRM_WY_DH_PEL                                       Message: Unable to obtain driver for chrome; For documentation on this error, pl
2026-06-14 06:37:29,392  WARNING     ✘  QA_MOI_SANCTIONS_LIST                               Message: Unable to obtain driver for chrome; For documentation on this error, pl
2026-06-14 06:37:29,750  WARNING     ✘  SECO_SWISS_GUATEMALA                                Message: Unable to obtain driver for chrome; For documentation on this error, pl
2026-06-14 06:37:31,068  WARNING     ✘  SECO_SWISS_HAMAS                                    Message: Unable to obtain driver for chrome; For documentation on this error, pl
2026-06-14 06:37:31,533  WARNING     ✘  SECO_SWISS_MOLDOVA                                  Message: Unable to obtain driver for chrome; For documentation on this error, pl
2026-06-14 06:37:36,517  WARNING     ✘  SG_ACRA_SUSPENSION                                  Message: Unable to obtain driver for chrome; For documentation on this error, pl
2026-06-14 06:37:36,696  WARNING     ✘  SG_MAS_RUSSIA                                       Message: Unable to obtain driver for chrome; For documentation on this error, pl
2026-06-14 06:37:36,756  WARNING     ✘  SG_SGX_WATCH_LIST                                   Message: Unable to obtain driver for chrome; For documentation on this error, pl
2026-06-14 06:37:36,801  WARNING     ✘  TR_MTF_ARTICLE_3                                    Message: Unable to obtain driver for chrome; For documentation on this error, pl
2026-06-14 06:37:36,817  WARNING     ✘  TH_AMLO_SANCTIONS                                   Message: Unable to obtain driver for chrome; For documentation on this error, pl
2026-06-14 06:37:37,620  WARNING     ✘  TR_MTF_ARTICLE_5                                    Message: Unable to obtain driver for chrome; For documentation on this error, pl
2026-06-14 06:37:38,065  WARNING     ✘  TR_MTF_ARTICLE_6                                    Message: Unable to obtain driver for chrome; For documentation on this error, pl
2026-06-14 06:37:38,252  INFO        ✔  US_NJL_IDA                                          hash=2c012cb88b5fc23187222d7e521d22331ce2754cfcd703cfcb15f02b74ee4180
2026-06-14 06:37:38,303  WARNING     ✘  TR_MTF_ARTICLE_7                                    Message: Unable to obtain driver for chrome; For documentation on this error, pl
2026-06-14 06:37:38,411  WARNING     ✘  TREAS_FINCEN_ADVISORY                               Message: Unable to obtain driver for chrome; For documentation on this error, pl
2026-06-14 06:37:38,613  INFO        ✔  US_PDGS_IFP_LIST                                    hash=cd37a8abbd9b71a1acf19d4be7bace24d51c64de0eb54e3941ff77e78debac24
2026-06-14 06:37:38,839  WARNING     ✘  TREAS_FINCEN_PMLC                                   Message: Unable to obtain driver for chrome; For documentation on this error, pl
2026-06-14 06:37:38,875  WARNING     ✘  TT_FIU_DPRK                                         Message: Unable to obtain driver for chrome; For documentation on this error, pl
2026-06-14 06:37:38,961  WARNING     ✘  TT_FIU_HAITI                                        Message: Unable to obtain driver for chrome; For documentation on this error, pl
2026-06-14 06:37:38,962  WARNING     ✘  TW_CBI_MW                                           Message: Unable to obtain driver for chrome; For documentation on this error, pl
2026-06-14 06:37:39,051  WARNING     ✘  TW_FSC_EA                                           Message: Unable to obtain driver for chrome; For documentation on this error, pl
2026-06-14 06:37:39,416  WARNING     ✘  UA_SSU_WANTED                                       Message: Unable to obtain driver for chrome; For documentation on this error, pl
2026-06-14 06:37:39,773  WARNING     ✘  US_AF_FUGITIVES                                     Message: Unable to obtain driver for chrome; For documentation on this error, pl
2026-06-14 06:37:40,990  INFO        ✔  US_DOT_MOST_WANTED                                  hash=None
2026-06-14 06:37:41,091  WARNING     ✘  US_CBP_UEL                                          Message: Unable to obtain driver for chrome; For documentation on this error, pl
2026-06-14 06:37:41,556  WARNING     ✘  US_DEA_MOST_WANTED                                  Message: Unable to obtain driver for chrome; For documentation on this error, pl
2026-06-14 06:37:46,541  WARNING     ✘  US_DHS_BFV                                          Message: Unable to obtain driver for chrome; For documentation on this error, pl
2026-06-14 06:37:46,866  WARNING     ✘  US_EPA_FUGITIVES                                    Message: Unable to obtain driver for chrome; For documentation on this error, pl
2026-06-14 06:37:46,901  WARNING     ✘  US_FD_OCI_MOST_WANTED_FUGITIVES                     Message: Unable to obtain driver for chrome; For documentation on this error, pl
2026-06-14 06:37:46,901  WARNING     ✘  US_FDA_CI                                           Message: Unable to obtain driver for chrome; For documentation on this error, pl
2026-06-14 06:37:47,644  WARNING     ✘  US_FDA_WL                                           Message: Unable to obtain driver for chrome; For documentation on this error, pl
2026-06-14 06:37:48,276  WARNING     ✘  US_OGT_SCI                                          Message: Unable to obtain driver for chrome; For documentation on this error, pl
2026-06-14 06:37:48,435  WARNING     ✘  US_SEC_LR                                           Message: Unable to obtain driver for chrome; For documentation on this error, pl
2026-06-14 06:37:48,637  WARNING     ✘  US_SS_MWF                                           Message: Unable to obtain driver for chrome; For documentation on this error, pl
2026-06-14 06:37:48,863  WARNING     ✘  ZA_FIC_SANCTIONS                                    Message: Unable to obtain driver for chrome; For documentation on this error, pl
2026-06-14 06:37:48,898  WARNING     ✘  ZA_FSCA_EA                                          Message: Unable to obtain driver for chrome; For documentation on this error, pl
2026-06-14 06:37:59,654  WARNING     ✘  PRM_TX_HHS_EP                                       HTTPSConnectionPool(host='oig.hhsc.state.tx.us', port=443): Max retries exceeded
2026-06-14 06:46:25,471  WARNING     ✘  PRM_WI_DOT_DSIC                                     HTTPSConnectionPool(host='wisconsindot.gov', port=443): Max retries exceeded wit
2026-06-14 06:46:25,473  WARNING   170 tasks returned null/blank hashes: ['AR_MOJ_RePET_E', 'AR_MOJ_RePET_P', 'AR_NIS_CPL', 'BD_POLICE_WANTED', 'BN_BDCB_AL', 'CA_GC_NRO', 'CA_SPEC_MEAS_ESV', 'CA_SPEC_MEAS_GUATEMALA', 'CA_SPEC_MEAS_HAMAS_TA', 'CA_SPEC_MEAS_MOLDOVA']…
2026-06-14 06:46:25,473  INFO      STEP 3: Writing new hashes to Excel …
2026-06-14 06:46:25,480  INFO      Write plan: total=175  updated=2  unchanged=3  null=170  changed=2
2026-06-14 06:46:25,480  INFO      Changed RPS lists: ['PRM_CA_DIR_DC', 'PRM_DC_DDS_PSL']
2026-06-14 06:46:25,530  INFO      Audit Log sheet updated (row 33).
2026-06-14 06:46:25,530  INFO      STEP 4: Saving workbook …
2026-06-14 06:46:25,546  INFO      Workbook saved: RPS_Updates.xlsx
2026-06-14 06:46:25,555  INFO      Change report saved: reports/change_report_20260614_064625.xlsx  (2 changed rows)
2026-06-14 06:46:25,555  INFO      Change report: reports/change_report_20260614_064625.xlsx
2026-06-14 06:46:25,555  INFO      STEP 6: Change comparison summary
2026-06-14 06:46:25,555  INFO        Total RPS records  : 175
2026-06-14 06:46:25,555  INFO        Hashes updated     : 2
2026-06-14 06:46:25,555  INFO        Hashes unchanged   : 3
2026-06-14 06:46:25,555  INFO        Null/failed hashes : 170
2026-06-14 06:46:25,555  INFO        Changed RPS lists  : 2
2026-06-14 06:46:25,555  INFO          ↳ CHANGED: PRM_CA_DIR_DC
2026-06-14 06:46:25,555  INFO          ↳ CHANGED: PRM_DC_DDS_PSL
2026-06-14 06:46:25,555  INFO      ======================================================================
2026-06-14 06:46:25,555  INFO      Run complete.  2 updates, 2 changes detected.
2026-06-14 06:46:25,555  INFO      ======================================================================
