2026-07-21 05:17:40,541  INFO      Log file: logs/hash_manager_20260721_051740.log
2026-07-21 05:17:40,541  INFO      ======================================================================
2026-07-21 05:17:40,541  INFO      RPS Hash Manager  —  run started at 2026-07-21 05:17:40
2026-07-21 05:17:40,541  INFO      Target file : RPS_Updates.xlsx
2026-07-21 05:17:40,541  INFO      Workers     : 20
2026-07-21 05:17:40,541  INFO      Dry-run     : False
2026-07-21 05:17:40,541  INFO      ======================================================================
2026-07-21 05:17:40,542  DEBUG     File-lock check passed.
2026-07-21 05:17:40,542  INFO      Backup created: backups/RPS_Updates_backup_20260721_051740.xlsx
2026-07-21 05:17:40,556  INFO      Loaded workbook — sheet 'Sheet1', 175 data rows.
2026-07-21 05:17:40,556  INFO      Schema OK — columns: {'RPS List': 1, 'Old Hash Value': 2, 'New hash Value': 3}
2026-07-21 05:17:40,556  INFO      Found 175 RPS list entries.
2026-07-21 05:17:40,556  INFO      STEP 1: Shifting New Hash Value → Old Hash Value …
2026-07-21 05:17:40,556  INFO      Shifted 4 'New Hash Value' entries → 'Old Hash Value'.
2026-07-21 05:17:40,557  INFO      STEP 2: Running scrapers in parallel …
2026-07-21 05:17:41,884  WARNING   No scraper found for 'INTERPOL_UN_Notices_Entities' — will record null hash.
2026-07-21 05:17:41,884  WARNING   No scraper found for 'INTERPOL_UN_Notices_Individuals' — will record null hash.
2026-07-21 05:17:41,884  WARNING   No scraper found for 'KG_FIU_SANCTIONS_ENTITIES' — will record null hash.
2026-07-21 05:17:41,884  WARNING   No scraper found for 'KG_FIU_SANCTIONS_INDIVIDUALS' — will record null hash.
2026-07-21 05:17:41,884  WARNING   No scraper found for 'PRM_AR_DHS_EP' — will record null hash.
2026-07-21 05:17:41,884  WARNING   No scraper found for 'PRM_FL_DMS_CVL' — will record null hash.
2026-07-21 05:17:41,884  WARNING   No scraper found for 'US_DDTC_POA' — will record null hash.
2026-07-21 05:17:41,884  WARNING   No scraper found for 'US_NCDST_IFD_LIST' — will record null hash.
2026-07-21 05:17:41,884  WARNING   No scraper found for 'US_RFJ_WT' — will record null hash.
2026-07-21 05:17:41,884  WARNING   No scraper found for 'ZA_FIC_TFS' — will record null hash.
2026-07-21 05:17:41,884  INFO      Running 165 scrapers with 20 workers …
2026-07-21 05:17:52,605  WARNING     ✘  DK_DIS_ENTRY_BAN                                    Message: Unable to obtain driver for chrome; For documentation on this error, pl
2026-07-21 05:17:53,212  WARNING     ✘  CA_SPEC_MEAS_SUDAN                                  Message: Unable to obtain driver for chrome; For documentation on this error, pl
2026-07-21 05:17:53,322  WARNING     ✘  CT_DSS_AAL                                          Message: Unable to obtain driver for chrome; For documentation on this error, pl
2026-07-21 05:17:53,326  WARNING     ✘  BD_POLICE_WANTED                                    Message: Unable to obtain driver for chrome; For documentation on this error, pl
2026-07-21 05:17:53,336  WARNING     ✘  DOC_BIS_RL                                          Message: Unable to obtain driver for chrome; For documentation on this error, pl
2026-07-21 05:17:53,340  WARNING     ✘  DK_IS_PROHIBITED_ENTITIES                           Message: Unable to obtain driver for chrome; For documentation on this error, pl
2026-07-21 05:17:53,351  WARNING     ✘  BN_BDCB_AL                                          Message: Unable to obtain driver for chrome; For documentation on this error, pl
2026-07-21 05:17:53,354  WARNING     ✘  CA_SPEC_MEAS_GUATEMALA                              Message: Unable to obtain driver for chrome; For documentation on this error, pl
2026-07-21 05:17:53,364  WARNING     ✘  CI_ADB_DEBARRED_ENTITIES                            Message: Unable to obtain driver for chrome; For documentation on this error, pl
2026-07-21 05:17:53,366  WARNING     ✘  AR_NIS_CPL                                          Message: Unable to obtain driver for chrome; For documentation on this error, pl
2026-07-21 05:17:53,379  WARNING     ✘  CA_SPEC_MEAS_SRILANKA                               Message: Unable to obtain driver for chrome; For documentation on this error, pl
2026-07-21 05:17:53,381  WARNING     ✘  AR_MOJ_RePET_E                                      Message: Unable to obtain driver for chrome; For documentation on this error, pl
2026-07-21 05:17:53,383  WARNING     ✘  CT_DOL_DL                                           Message: Unable to obtain driver for chrome; For documentation on this error, pl
2026-07-21 05:17:53,391  WARNING     ✘  CA_SPEC_MEAS_MOLDOVA                                Message: Unable to obtain driver for chrome; For documentation on this error, pl
2026-07-21 05:17:53,398  WARNING     ✘  AR_MOJ_RePET_P                                      Message: Unable to obtain driver for chrome; For documentation on this error, pl
2026-07-21 05:17:53,404  WARNING     ✘  CA_GC_NRO                                           Message: Unable to obtain driver for chrome; For documentation on this error, pl
2026-07-21 05:17:53,405  WARNING     ✘  CA_SPEC_MEAS_ESV                                    Message: Unable to obtain driver for chrome; For documentation on this error, pl
2026-07-21 05:17:53,407  WARNING     ✘  CH_UN_COTE_DIVOIRE_1572                             Message: Unable to obtain driver for chrome; For documentation on this error, pl
2026-07-21 05:17:53,408  WARNING     ✘  CA_SPEC_MEAS_HAMAS_TA                               Message: Unable to obtain driver for chrome; For documentation on this error, pl
2026-07-21 05:17:53,418  WARNING     ✘  DK_IS_PROHIBITED_PERSONS                            Message: Unable to obtain driver for chrome; For documentation on this error, pl
2026-07-21 05:18:03,083  WARNING     ✘  DOS_ADP                                             Message: Unable to obtain driver for chrome; For documentation on this error, pl
2026-07-21 05:18:03,942  WARNING     ✘  DOS_CRL                                             Message: Unable to obtain driver for chrome; For documentation on this error, pl
2026-07-21 05:18:04,051  WARNING     ✘  DOS_SDP                                             Message: Unable to obtain driver for chrome; For documentation on this error, pl
2026-07-21 05:18:04,477  WARNING     ✘  EE_FSA_IA                                           Message: Unable to obtain driver for chrome; For documentation on this error, pl
2026-07-21 05:18:04,533  WARNING     ✘  DOS_TEL                                             Message: Unable to obtain driver for chrome; For documentation on this error, pl
2026-07-21 05:18:04,645  WARNING     ✘  ES_WA_CNMV                                          Message: Unable to obtain driver for chrome; For documentation on this error, pl
2026-07-21 05:18:04,672  WARNING     ✘  EE_MFA_BELARUS                                      Message: Unable to obtain driver for chrome; For documentation on this error, pl
2026-07-21 05:18:04,690  WARNING     ✘  EE_MFA_RUSSIA                                       Message: Unable to obtain driver for chrome; For documentation on this error, pl
2026-07-21 05:18:04,692  WARNING     ✘  EE_MFA_HR                                           Message: Unable to obtain driver for chrome; For documentation on this error, pl
2026-07-21 05:18:04,729  WARNING     ✘  ES_BOS_SANCTIONS                                    Message: Unable to obtain driver for chrome; For documentation on this error, pl
2026-07-21 05:18:04,734  WARNING     ✘  EU_EBRD_INELIGIBLE_ENTITIES                         Message: Unable to obtain driver for chrome; For documentation on this error, pl
2026-07-21 05:18:04,747  WARNING     ✘  EU_EC_EDES                                          Message: Unable to obtain driver for chrome; For documentation on this error, pl
2026-07-21 05:18:04,755  WARNING     ✘  EU_EUROPOL_MWF                                      Message: Unable to obtain driver for chrome; For documentation on this error, pl
2026-07-21 05:18:04,770  WARNING     ✘  FBI_LAW_ENFORCEMENT                                 Message: Unable to obtain driver for chrome; For documentation on this error, pl
2026-07-21 05:18:04,773  WARNING     ✘  EU_EIB_LOE                                          Message: Unable to obtain driver for chrome; For documentation on this error, pl
2026-07-21 05:18:04,783  WARNING     ✘  FBI_MWT                                             Message: Unable to obtain driver for chrome; For documentation on this error, pl
2026-07-21 05:18:04,785  WARNING     ✘  FBI_TOP_10                                          Message: Unable to obtain driver for chrome; For documentation on this error, pl
2026-07-21 05:18:04,790  WARNING     ✘  EU_ECB_SANCTIONS                                    Message: Unable to obtain driver for chrome; For documentation on this error, pl
2026-07-21 05:18:04,796  WARNING     ✘  ES_NPC_TERRORISTS                                   Message: Unable to obtain driver for chrome; For documentation on this error, pl
2026-07-21 05:18:04,807  WARNING     ✘  FBI_SI                                              Message: Unable to obtain driver for chrome; For documentation on this error, pl
2026-07-21 05:18:13,108  WARNING     ✘  GB_FCA_UCB                                          Message: Unable to obtain driver for chrome; For documentation on this error, pl
2026-07-21 05:18:13,967  WARNING     ✘  GB_OFSI_TR_MP                                       Message: Unable to obtain driver for chrome; For documentation on this error, pl
2026-07-21 05:18:14,691  WARNING     ✘  GE_MOJ_OTKHOZORIA_TATUNASHVILI_LIST                 Message: Unable to obtain driver for chrome; For documentation on this error, pl
2026-07-21 05:18:15,179  WARNING     ✘  GG_GFSC_DD                                          Message: Unable to obtain driver for chrome; For documentation on this error, pl
2026-07-21 05:18:15,204  WARNING     ✘  HK_ICAC_WL                                          Message: Unable to obtain driver for chrome; For documentation on this error, pl
2026-07-21 05:18:15,409  WARNING     ✘  IE_CBI_PN                                           Message: Unable to obtain driver for chrome; For documentation on this error, pl
2026-07-21 05:18:15,537  WARNING     ✘  IL_MOF_WMD                                          Message: Unable to obtain driver for chrome; For documentation on this error, pl
2026-07-21 05:18:15,788  WARNING     ✘  HU_MNB_MSW                                          Message: Unable to obtain driver for chrome; For documentation on this error, pl
2026-07-21 05:18:15,839  WARNING     ✘  IL_IIPB_PIL                                         Message: Unable to obtain driver for chrome; For documentation on this error, pl
2026-07-21 05:18:15,863  WARNING     ✘  IM_FSA_ENFORCEMENT                                  Message: Unable to obtain driver for chrome; For documentation on this error, pl
2026-07-21 05:18:15,868  WARNING     ✘  IL_MOJ_TERR_ORG                                     Message: Unable to obtain driver for chrome; For documentation on this error, pl
2026-07-21 05:18:15,885  WARNING     ✘  IM_FSA_DD                                           Message: Unable to obtain driver for chrome; For documentation on this error, pl
2026-07-21 05:18:15,900  WARNING     ✘  IN_BANNED_ORG                                       Message: Unable to obtain driver for chrome; For documentation on this error, pl
2026-07-21 05:18:15,931  WARNING     ✘  IN_SEBI_DEBARRED_ENTITIES                           Message: Unable to obtain driver for chrome; For documentation on this error, pl
2026-07-21 05:18:15,933  WARNING     ✘  JP_UN_CONGO                                         Message: Unable to obtain driver for chrome; For documentation on this error, pl
2026-07-21 05:18:15,938  WARNING     ✘  JP_UN_SANCTIONS_IRAN                                Message: Unable to obtain driver for chrome; For documentation on this error, pl
2026-07-21 05:18:15,940  WARNING     ✘  JP_METI                                             Message: Unable to obtain driver for chrome; For documentation on this error, pl
2026-07-21 05:18:15,941  WARNING     ✘  JP_UN_SANCTIONS_SOMALIA                             Message: Unable to obtain driver for chrome; For documentation on this error, pl
2026-07-21 05:18:15,951  WARNING     ✘  IN_UNLAWFUL_ASSOCIATION                             Message: Unable to obtain driver for chrome; For documentation on this error, pl
2026-07-21 05:18:15,964  WARNING     ✘  JP_UN_CAR_2134                                      Message: Unable to obtain driver for chrome; For documentation on this error, pl
2026-07-21 05:18:23,132  WARNING     ✘  JP_UN_SANCTIONS_SYRIA                               Message: Unable to obtain driver for chrome; For documentation on this error, pl
2026-07-21 05:18:23,991  WARNING     ✘  JP_UN_SANCTIONS                                     Message: Unable to obtain driver for chrome; For documentation on this error, pl
2026-07-21 05:18:24,761  WARNING     ✘  JP_UN_SS_2206                                       Message: Unable to obtain driver for chrome; For documentation on this error, pl
2026-07-21 05:18:25,203  WARNING     ✘  JP_UN_YE_2140                                       Message: Unable to obtain driver for chrome; For documentation on this error, pl
2026-07-21 05:18:25,228  WARNING     ✘  KE_FRC_DTFS                                         Message: Unable to obtain driver for chrome; For documentation on this error, pl
2026-07-21 05:18:25,697  INFO        ✔  OIG_MOST_WANTED                                     hash=0a8cc025453807f8445db14632cc2b1601ad8598568ccadaa75a3e7b947f938f
2026-07-21 05:18:26,018  WARNING     ✘  KR_MFA_SAKP                                         Message: Unable to obtain driver for chrome; For documentation on this error, pl
2026-07-21 05:18:26,078  WARNING     ✘  LB_ISF_NTFL                                         Message: Unable to obtain driver for chrome; For documentation on this error, pl
2026-07-21 05:18:26,752  WARNING     ✘  LV_FIU_SANCTIONED_SUBJECTS                          Message: Unable to obtain driver for chrome; For documentation on this error, pl
2026-07-21 05:18:26,915  INFO        ✔  PRM_AK_DHSS_EPL                                     hash=None
2026-07-21 05:18:27,268  WARNING     ✘  MY_BNM_WARNING_LETTERS                              Message: Unable to obtain driver for chrome; For documentation on this error, pl
2026-07-21 05:18:27,284  WARNING     ✘  MT_MPF_WANTED                                       Message: Unable to obtain driver for chrome; For documentation on this error, pl
2026-07-21 05:18:27,355  WARNING     ✘  MC_BT_NAFL                                          Message: Unable to obtain driver for chrome; For documentation on this error, pl
2026-07-21 05:18:27,356  INFO        ✔  PRM_CA_DIR_DC                                       hash=None
2026-07-21 05:18:27,357  WARNING     ✘  MY_BNM_WANTED                                       Message: Unable to obtain driver for chrome; For documentation on this error, pl
2026-07-21 05:18:27,360  WARNING     ✘  MN_OSP_SDVR                                         Message: Unable to obtain driver for chrome; For documentation on this error, pl
2026-07-21 05:18:27,369  WARNING     ✘  NG_NIGSAC_ENTITIES                                  Message: Unable to obtain driver for chrome; For documentation on this error, pl
2026-07-21 05:18:27,377  WARNING     ✘  NO_BLACK_LIST                                       Message: Unable to obtain driver for chrome; For documentation on this error, pl
2026-07-21 05:18:27,378  WARNING     ✘  MY_SCM_IA                                           Message: Unable to obtain driver for chrome; For documentation on this error, pl
2026-07-21 05:18:27,381  WARNING     ✘  MY_MHA_MOHA_LIST                                    Message: Unable to obtain driver for chrome; For documentation on this error, pl
2026-07-21 05:18:27,385  WARNING     ✘  NG_EFCC_WANTED_PERSON                               Message: Unable to obtain driver for chrome; For documentation on this error, pl
2026-07-21 05:18:27,395  WARNING     ✘  NG_NIGSAC_INDIVIDUALS                               Message: Unable to obtain driver for chrome; For documentation on this error, pl
2026-07-21 05:18:27,412  WARNING     ✘  MY_SCM_WANTED                                       Message: Unable to obtain driver for chrome; For documentation on this error, pl
2026-07-21 05:18:28,293  INFO        ✔  PRM_CA_DHCS_SIPL                                    hash=5b10138af207dad51d825b32199e50cb6a6d5138533b41c17ce98bcb85040325
2026-07-21 05:18:31,059  INFO        ✔  PRM_DC_DDS_PSL                                      hash=None
2026-07-21 05:18:33,157  WARNING     ✘  NY_OGS_IDA                                          Message: Unable to obtain driver for chrome; For documentation on this error, pl
2026-07-21 05:18:34,786  WARNING     ✘  OM_NCTC_LL                                          Message: Unable to obtain driver for chrome; For documentation on this error, pl
2026-07-21 05:18:35,228  WARNING     ✘  PA_TREAS_SCI                                        Message: Unable to obtain driver for chrome; For documentation on this error, pl
2026-07-21 05:18:35,253  WARNING     ✘  PE_MEF_DISQUALIFIED_SUPPLIERS                       Message: Unable to obtain driver for chrome; For documentation on this error, pl
2026-07-21 05:18:35,722  WARNING     ✘  PL_MOF_SRM                                          Message: Unable to obtain driver for chrome; For documentation on this error, pl
2026-07-21 05:18:36,212  WARNING     ✘  PRM_AL_AMA_SP                                       HTTPSConnectionPool(host='medicaid.alabama.gov', port=443): Max retries exceeded
2026-07-21 05:18:38,139  WARNING     ✘  PRM_LA_DH_AAL                                       Message: Unable to obtain driver for chrome; For documentation on this error, pl
2026-07-21 05:18:38,191  WARNING     ✘  PRM_HI_DHS_PERL                                     Message: Unable to obtain driver for chrome; For documentation on this error, pl
2026-07-21 05:18:38,199  WARNING     ✘  PRM_ID_DHW_MPEL                                     Message: Unable to obtain driver for chrome; For documentation on this error, pl
2026-07-21 05:18:38,343  WARNING     ✘  PRM_LA_DOA_DV                                       Message: Unable to obtain driver for chrome; For documentation on this error, pl
2026-07-21 05:18:38,358  WARNING     ✘  PRM_MA_MH_SEMP                                      Message: Unable to obtain driver for chrome; For documentation on this error, pl
2026-07-21 05:18:38,370  WARNING     ✘  PRM_KY_CHFS_PT                                      Message: Unable to obtain driver for chrome; For documentation on this error, pl
2026-07-21 05:18:38,371  WARNING     ✘  PRM_IA_DHS_MPSL                                     Message: Unable to obtain driver for chrome; For documentation on this error, pl
2026-07-21 05:18:38,373  WARNING     ✘  PRM_GA_DCH_EIE                                      Message: Unable to obtain driver for chrome; For documentation on this error, pl
2026-07-21 05:18:38,374  WARNING     ✘  PRM_IL_DHFS_PSL                                     Message: Unable to obtain driver for chrome; For documentation on this error, pl
2026-07-21 05:18:38,384  WARNING     ✘  PRM_IN_FSSA_PT                                      Message: Unable to obtain driver for chrome; For documentation on this error, pl
2026-07-21 05:18:38,389  WARNING     ✘  PRM_MD_BPW_CB                                       Message: Unable to obtain driver for chrome; For documentation on this error, pl
2026-07-21 05:18:38,405  WARNING     ✘  PRM_KS_DHE_TPL                                      Message: Unable to obtain driver for chrome; For documentation on this error, pl
2026-07-21 05:18:39,447  WARNING     ✘  PRM_MD_MDH_MSPL                                     Message: Unable to obtain driver for chrome; For documentation on this error, pl
2026-07-21 05:18:44,377  WARNING     ✘  PRM_MI_DHHS_SPL                                     Message: Unable to obtain driver for chrome; For documentation on this error, pl
2026-07-21 05:18:45,690  INFO        ✔  PRM_NJ_MFD_PER                                      hash=None
2026-07-21 05:18:45,782  WARNING     ✘  PRM_MO_DSS_PS                                       Message: Unable to obtain driver for chrome; For documentation on this error, pl
2026-07-21 05:18:45,900  WARNING     ✘  PRM_MS_DM_SPL                                       Message: Unable to obtain driver for chrome; For documentation on this error, pl
2026-07-21 05:18:45,915  WARNING     ✘  PRM_NC_DA_DV                                        Message: Unable to obtain driver for chrome; For documentation on this error, pl
2026-07-21 05:18:45,919  WARNING     ✘  PRM_MT_DPHHS_TMP                                    Message: Unable to obtain driver for chrome; For documentation on this error, pl
2026-07-21 05:18:45,966  WARNING     ✘  PRM_NC_DHHS_EPL                                     Message: Unable to obtain driver for chrome; For documentation on this error, pl
2026-07-21 05:18:46,238  WARNING     ✘  PRM_ND_DHS_MPEL                                     Message: Unable to obtain driver for chrome; For documentation on this error, pl
2026-07-21 05:18:47,580  INFO        ✔  PRM_WI_DOT_DSIC                                     hash=None
2026-07-21 05:18:48,666  WARNING     ✘  PRM_NH_DHHS_MPESL                                   Message: Unable to obtain driver for chrome; For documentation on this error, pl
2026-07-21 05:18:48,985  WARNING     ✘  PRM_NV_DHHS_MSL                                     Message: Unable to obtain driver for chrome; For documentation on this error, pl
2026-07-21 05:18:49,980  WARNING     ✘  PRM_OR_BOLI_IC                                      Message: Unable to obtain driver for chrome; For documentation on this error, pl
2026-07-21 05:18:50,014  WARNING     ✘  PRM_NV_OLC_DC                                       Message: Unable to obtain driver for chrome; For documentation on this error, pl
2026-07-21 05:18:50,077  WARNING     ✘  PRM_NY_DOL_DL                                       Message: Unable to obtain driver for chrome; For documentation on this error, pl
2026-07-21 05:18:50,172  WARNING     ✘  PRM_SC_SFAA_SD                                      Message: Unable to obtain driver for chrome; For documentation on this error, pl
2026-07-21 05:18:50,199  WARNING     ✘  PRM_PA_DGS_DSL                                      Message: Unable to obtain driver for chrome; For documentation on this error, pl
2026-07-21 05:18:50,324  WARNING     ✘  PRM_SC_DHHS_EPL                                     Message: Unable to obtain driver for chrome; For documentation on this error, pl
2026-07-21 05:18:50,350  WARNING     ✘  PRM_OH_DM_MPESL                                     Message: Unable to obtain driver for chrome; For documentation on this error, pl
2026-07-21 05:18:50,476  WARNING     ✘  PRM_TN_OPI_TPL                                      Message: Unable to obtain driver for chrome; For documentation on this error, pl
2026-07-21 05:18:53,155  WARNING     ✘  PRM_TX_TC_DVL                                       Message: Unable to obtain driver for chrome; For documentation on this error, pl
2026-07-21 05:18:53,752  WARNING     ✘  PRM_TX_HHS_EP                                       `Import xlrd` failed. Install xlrd >= 2.0.1 for xls Excel support Use pip or con
2026-07-21 05:18:55,876  WARNING     ✘  PRM_WA_DOLI_DC                                      Message: Unable to obtain driver for chrome; For documentation on this error, pl
2026-07-21 05:18:55,953  WARNING     ✘  PRM_WA_HCA_PTEL                                     Message: Unable to obtain driver for chrome; For documentation on this error, pl
2026-07-21 05:18:56,127  WARNING     ✘  PRM_WV_WVPD_DV                                      Message: Unable to obtain driver for chrome; For documentation on this error, pl
2026-07-21 05:18:56,240  WARNING     ✘  PRM_WY_DH_PEL                                       Message: Unable to obtain driver for chrome; For documentation on this error, pl
2026-07-21 05:18:56,256  WARNING     ✘  PRM_WV_DHHR_PSE                                     Message: Unable to obtain driver for chrome; For documentation on this error, pl
2026-07-21 05:18:56,258  WARNING     ✘  QA_MOI_SANCTIONS_LIST                               Message: Unable to obtain driver for chrome; For documentation on this error, pl
2026-07-21 05:18:56,417  WARNING     ✘  SECO_SWISS_GUATEMALA                                Message: Unable to obtain driver for chrome; For documentation on this error, pl
2026-07-21 05:18:57,605  WARNING     ✘  SECO_SWISS_HAMAS                                    Message: Unable to obtain driver for chrome; For documentation on this error, pl
2026-07-21 05:18:58,691  WARNING     ✘  SECO_SWISS_MOLDOVA                                  Message: Unable to obtain driver for chrome; For documentation on this error, pl
2026-07-21 05:18:59,010  WARNING     ✘  SG_ACRA_SUSPENSION                                  Message: Unable to obtain driver for chrome; For documentation on this error, pl
2026-07-21 05:19:00,023  WARNING     ✘  SG_MAS_RUSSIA                                       Message: Unable to obtain driver for chrome; For documentation on this error, pl
2026-07-21 05:19:00,055  WARNING     ✘  SG_SGX_WATCH_LIST                                   Message: Unable to obtain driver for chrome; For documentation on this error, pl
2026-07-21 05:19:00,102  WARNING     ✘  TH_AMLO_SANCTIONS                                   Message: Unable to obtain driver for chrome; For documentation on this error, pl
2026-07-21 05:19:00,202  WARNING     ✘  TR_MTF_ARTICLE_3                                    Message: Unable to obtain driver for chrome; For documentation on this error, pl
2026-07-21 05:19:00,223  WARNING     ✘  TR_MTF_ARTICLE_5                                    Message: Unable to obtain driver for chrome; For documentation on this error, pl
2026-07-21 05:19:00,350  WARNING     ✘  TR_MTF_ARTICLE_6                                    Message: Unable to obtain driver for chrome; For documentation on this error, pl
2026-07-21 05:19:00,409  INFO        ✔  US_NJL_IDA                                          hash=None
2026-07-21 05:19:00,448  WARNING     ✘  TR_MTF_ARTICLE_7                                    Message: Unable to obtain driver for chrome; For documentation on this error, pl
2026-07-21 05:19:00,501  WARNING     ✘  TREAS_FINCEN_ADVISORY                               Message: Unable to obtain driver for chrome; For documentation on this error, pl
2026-07-21 05:19:03,180  WARNING     ✘  TREAS_FINCEN_PMLC                                   Message: Unable to obtain driver for chrome; For documentation on this error, pl
2026-07-21 05:19:03,385  INFO        ✔  US_DOT_MOST_WANTED                                  hash=None
2026-07-21 05:19:03,777  WARNING     ✘  TT_FIU_DPRK                                         Message: Unable to obtain driver for chrome; For documentation on this error, pl
2026-07-21 05:19:04,129  INFO        ✔  US_PDGS_IFP_LIST                                    hash=f871071363284514472663e563c727a9d4ec90158941ad2a970ab65fbe219806
2026-07-21 05:19:05,901  WARNING     ✘  TT_FIU_HAITI                                        Message: Unable to obtain driver for chrome; For documentation on this error, pl
2026-07-21 05:19:05,977  WARNING     ✘  TW_CBI_MW                                           Message: Unable to obtain driver for chrome; For documentation on this error, pl
2026-07-21 05:19:06,310  WARNING     ✘  TW_FSC_EA                                           Message: Unable to obtain driver for chrome; For documentation on this error, pl
2026-07-21 05:19:06,440  WARNING     ✘  UA_SSU_WANTED                                       Message: Unable to obtain driver for chrome; For documentation on this error, pl
2026-07-21 05:19:06,517  WARNING     ✘  US_CBP_UEL                                          Message: Unable to obtain driver for chrome; For documentation on this error, pl
2026-07-21 05:19:06,520  WARNING     ✘  US_AF_FUGITIVES                                     Message: Unable to obtain driver for chrome; For documentation on this error, pl
2026-07-21 05:19:06,522  WARNING     ✘  US_DEA_MOST_WANTED                                  Message: Unable to obtain driver for chrome; For documentation on this error, pl
2026-07-21 05:19:07,630  WARNING     ✘  US_DHS_BFV                                          Message: Unable to obtain driver for chrome; For documentation on this error, pl
2026-07-21 05:19:09,035  WARNING     ✘  US_EPA_FUGITIVES                                    Message: Unable to obtain driver for chrome; For documentation on this error, pl
2026-07-21 05:19:10,065  WARNING     ✘  US_FD_OCI_MOST_WANTED_FUGITIVES                     Message: Unable to obtain driver for chrome; For documentation on this error, pl
2026-07-21 05:19:10,079  WARNING     ✘  US_FDA_CI                                           Message: Unable to obtain driver for chrome; For documentation on this error, pl
2026-07-21 05:19:10,126  WARNING     ✘  US_FDA_WL                                           Message: Unable to obtain driver for chrome; For documentation on this error, pl
2026-07-21 05:19:10,248  WARNING     ✘  US_OGT_SCI                                          Message: Unable to obtain driver for chrome; For documentation on this error, pl
2026-07-21 05:19:10,469  WARNING     ✘  US_SEC_LR                                           Message: Unable to obtain driver for chrome; For documentation on this error, pl
2026-07-21 05:19:10,480  WARNING     ✘  US_SS_MWF                                           Message: Unable to obtain driver for chrome; For documentation on this error, pl
2026-07-21 05:19:10,525  WARNING     ✘  ZA_FIC_SANCTIONS                                    Message: Unable to obtain driver for chrome; For documentation on this error, pl
2026-07-21 05:19:13,204  WARNING     ✘  ZA_FSCA_EA                                          Message: Unable to obtain driver for chrome; For documentation on this error, pl
2026-07-21 05:19:13,207  WARNING   172 tasks returned null/blank hashes: ['AR_MOJ_RePET_E', 'AR_MOJ_RePET_P', 'AR_NIS_CPL', 'BD_POLICE_WANTED', 'BN_BDCB_AL', 'CA_GC_NRO', 'CA_SPEC_MEAS_ESV', 'CA_SPEC_MEAS_GUATEMALA', 'CA_SPEC_MEAS_HAMAS_TA', 'CA_SPEC_MEAS_MOLDOVA']…
2026-07-21 05:19:13,207  INFO      STEP 3: Writing new hashes to Excel …
2026-07-21 05:19:13,214  INFO      Write plan: total=175  updated=1  unchanged=2  null=172  changed=1
2026-07-21 05:19:13,214  INFO      Changed RPS lists: ['US_PDGS_IFP_LIST']
2026-07-21 05:19:13,266  INFO      Audit Log sheet updated (row 70).
2026-07-21 05:19:13,266  INFO      STEP 4: Saving workbook …
2026-07-21 05:19:13,284  INFO      Workbook saved: RPS_Updates.xlsx
2026-07-21 05:19:13,292  INFO      Change report saved: reports/change_report_20260721_051913.xlsx  (1 changed rows)
2026-07-21 05:19:13,292  INFO      Change report: reports/change_report_20260721_051913.xlsx
2026-07-21 05:19:13,292  INFO      STEP 6: Change comparison summary
2026-07-21 05:19:13,292  INFO        Total RPS records  : 175
2026-07-21 05:19:13,292  INFO        Hashes updated     : 1
2026-07-21 05:19:13,292  INFO        Hashes unchanged   : 2
2026-07-21 05:19:13,292  INFO        Null/failed hashes : 172
2026-07-21 05:19:13,292  INFO        Changed RPS lists  : 1
2026-07-21 05:19:13,292  INFO          ↳ CHANGED: US_PDGS_IFP_LIST
2026-07-21 05:19:13,292  INFO      ======================================================================
2026-07-21 05:19:13,292  INFO      Run complete.  1 updates, 1 changes detected.
2026-07-21 05:19:13,292  INFO      ======================================================================
